input file: valid
kmer: 6
dataset: Encode3
============================================================
<class 'DNABERT_v1.src.transformers.tokenization_dna.DNATokenizer'>
total num of rows: (1485900, 3)
protein: CUX1. Embedding size is (1505, 384)
protein: GATA3. Embedding size is (443, 384)
protein: HNF1A. Embedding size is (631, 384)
protein: ZNF157. Embedding size is (506, 384)
protein: RFX3. Embedding size is (749, 384)
protein: SREBF2. Embedding size is (1141, 384)
protein: ZNF512. Embedding size is (567, 384)
protein: ADNP. Embedding size is (1102, 384)
protein: ZNF677. Embedding size is (584, 384)
protein: TRIM22. Embedding size is (498, 384)
protein: KLF7. Embedding size is (302, 384)
protein: GLI4. Embedding size is (376, 384)
protein: CTCF. Embedding size is (727, 384)
protein: ZNF654. Embedding size is (1128, 384)
protein: ZNF280D. Embedding size is (979, 384)
protein: ZNF138. Embedding size is (262, 384)
protein: SOX6. Embedding size is (828, 384)
protein: ZNF770. Embedding size is (691, 384)
protein: FEZF1. Embedding size is (475, 384)
protein: THRB. Embedding size is (461, 384)
protein: OSR2. Embedding size is (312, 384)
protein: ZNF354C. Embedding size is (554, 384)
protein: IKZF5. Embedding size is (419, 384)
protein: KLF1. Embedding size is (362, 384)
protein: PBX2. Embedding size is (430, 384)
protein: RCOR2. Embedding size is (523, 384)
protein: ZNF316. Embedding size is (1004, 384)
protein: ZNF2. Embedding size is (425, 384)
protein: ZSCAN4. Embedding size is (433, 384)
protein: MAFK. Embedding size is (156, 384)
protein: SP3. Embedding size is (781, 384)
protein: PTTG1. Embedding size is (202, 384)
protein: TBX21. Embedding size is (535, 384)
protein: ZNF114. Embedding size is (417, 384)
protein: ZNF391. Embedding size is (358, 384)
protein: TSC22D4. Embedding size is (395, 384)
protein: IKZF2. Embedding size is (526, 384)
protein: BACH1. Embedding size is (736, 384)
protein: FOSL1. Embedding size is (271, 384)
protein: NR2C2. Embedding size is (596, 384)
protein: RELB. Embedding size is (579, 384)
protein: HLF. Embedding size is (295, 384)
protein: ZXDB. Embedding size is (803, 384)
protein: ZNF318. Embedding size is (2279, 384)
protein: ILK. Embedding size is (452, 384)
protein: HNF4A. Embedding size is (474, 384)
protein: HMBOX1. Embedding size is (420, 384)
protein: IRF1. Embedding size is (325, 384)
protein: RERE. Embedding size is (1566, 384)
protein: ZNF589. Embedding size is (364, 384)
protein: ZNF175. Embedding size is (711, 384)
protein: ZBTB21. Embedding size is (1066, 384)
protein: ZBTB49. Embedding size is (765, 384)
protein: E2F8. Embedding size is (867, 384)
protein: ZNF211. Embedding size is (564, 384)
protein: ATF2. Embedding size is (505, 384)
protein: ZNF407. Embedding size is (2248, 384)
protein: IKZF1. Embedding size is (519, 384)
protein: SCRT2. Embedding size is (307, 384)
protein: ZNF596. Embedding size is (504, 384)
protein: ETV1. Embedding size is (477, 384)
protein: HBP1. Embedding size is (514, 384)
protein: ARID1B. Embedding size is (2319, 384)
protein: TSC22D1. Embedding size is (1073, 384)
protein: ZNF169. Embedding size is (603, 384)
protein: USF2. Embedding size is (346, 384)
protein: ZNF514. Embedding size is (400, 384)
protein: ZNF511. Embedding size is (252, 384)
protein: ZBED5. Embedding size is (693, 384)
protein: ZNF549. Embedding size is (640, 384)
protein: ZNF223. Embedding size is (482, 384)
protein: ZNF561. Embedding size is (486, 384)
protein: ETV5. Embedding size is (510, 384)
protein: ZNF132. Embedding size is (706, 384)
protein: MEIS2. Embedding size is (477, 384)
protein: ZKSCAN1. Embedding size is (563, 384)
protein: ZNF76. Embedding size is (570, 384)
protein: GMEB2. Embedding size is (530, 384)
protein: ZNF670. Embedding size is (389, 384)
protein: KDM6A. Embedding size is (1401, 384)
protein: ZNF792. Embedding size is (632, 384)
protein: E4F1. Embedding size is (784, 384)
protein: SOX5. Embedding size is (763, 384)
protein: ZBTB10. Embedding size is (871, 384)
protein: ZNF8. Embedding size is (575, 384)
protein: KLF17. Embedding size is (389, 384)
protein: ZNF766. Embedding size is (468, 384)
protein: ZNF658. Embedding size is (1059, 384)
protein: ZNF592. Embedding size is (1267, 384)
protein: ZNF584. Embedding size is (421, 384)
protein: ZNF354B. Embedding size is (612, 384)
ZNF292 doesn't have embedding, returns an empty list
protein: TBX3. Embedding size is (743, 384)
protein: NFIA. Embedding size is (509, 384)
protein: ZNF626. Embedding size is (528, 384)
protein: NR2F6. Embedding size is (404, 384)
protein: ATF3. Embedding size is (181, 384)
protein: LEF1. Embedding size is (399, 384)
protein: TRIM24. Embedding size is (1050, 384)
protein: JUND. Embedding size is (347, 384)
protein: TEAD1. Embedding size is (426, 384)
protein: KLF6. Embedding size is (283, 384)
protein: ZBTB17. Embedding size is (803, 384)
protein: RUNX1. Embedding size is (453, 384)
protein: E2F4. Embedding size is (413, 384)
protein: ZNF639. Embedding size is (485, 384)
protein: NR0B1. Embedding size is (470, 384)
protein: ZNF217. Embedding size is (1048, 384)
protein: PRDM1. Embedding size is (825, 384)
protein: MITF. Embedding size is (526, 384)
protein: ZNF512B. Embedding size is (892, 384)
protein: ZNF280A. Embedding size is (542, 384)
protein: MAFG. Embedding size is (162, 384)
protein: BCL6. Embedding size is (706, 384)
protein: PRDM2. Embedding size is (1718, 384)
protein: ZNF747. Embedding size is (330, 384)
protein: ZNF7. Embedding size is (686, 384)
protein: KLF11. Embedding size is (512, 384)
protein: CREB1. Embedding size is (327, 384)
protein: HES1. Embedding size is (280, 384)
protein: FOXA2. Embedding size is (457, 384)
protein: SOX13. Embedding size is (622, 384)
protein: ZNF513. Embedding size is (541, 384)
protein: FOXA3. Embedding size is (350, 384)
protein: TEAD3. Embedding size is (435, 384)
protein: ZBTB48. Embedding size is (688, 384)
protein: ZNF324. Embedding size is (553, 384)
protein: ZNF623. Embedding size is (536, 384)
protein: NR3C1. Embedding size is (777, 384)
protein: ZFP41. Embedding size is (198, 384)
protein: IRF2. Embedding size is (349, 384)
protein: IRF5. Embedding size is (498, 384)
protein: NKRF. Embedding size is (690, 384)
protein: ZNF404. Embedding size is (552, 384)
protein: RCOR1. Embedding size is (485, 384)
protein: AHR. Embedding size is (848, 384)
protein: ZNF83. Embedding size is (516, 384)
protein: ZNF664. Embedding size is (261, 384)
protein: ID3. Embedding size is (119, 384)
protein: ZBTB11. Embedding size is (1053, 384)
protein: HMGXB4. Embedding size is (601, 384)
protein: ZBTB12. Embedding size is (459, 384)
protein: ZSCAN21. Embedding size is (473, 384)
protein: NFIB. Embedding size is (420, 384)
protein: ZBED1. Embedding size is (694, 384)
protein: ZNF558. Embedding size is (402, 384)
protein: ZC3H8. Embedding size is (291, 384)
protein: ARID3A. Embedding size is (593, 384)
protein: KLF4. Embedding size is (513, 384)
protein: ZNF629. Embedding size is (869, 384)
ZNF645: Q8N7E2, had to match with uniprot id.
protein: ZNF645. Embedding size is (425, 384)
protein: ZNF449. Embedding size is (518, 384)
protein: ZNF740. Embedding size is (193, 384)
protein: MIXL1. Embedding size is (232, 384)
protein: ZFP64. Embedding size is (645, 384)
protein: FOS. Embedding size is (380, 384)
protein: ZGPAT. Embedding size is (531, 384)
protein: ZNF680. Embedding size is (530, 384)
protein: TGIF2. Embedding size is (237, 384)
protein: CDC5L. Embedding size is (802, 384)
protein: PKNOX1. Embedding size is (436, 384)
protein: ZIC2. Embedding size is (532, 384)
protein: ZNF518A. Embedding size is (1483, 384)
protein: ZFHX2. Embedding size is (2572, 384)
protein: ZNF189. Embedding size is (626, 384)
protein: GLIS1. Embedding size is (620, 384)
protein: MNT. Embedding size is (582, 384)
protein: TFE3. Embedding size is (575, 384)
protein: ZFP3. Embedding size is (502, 384)
protein: ZNF394. Embedding size is (561, 384)
protein: ZBTB8A. Embedding size is (441, 384)
protein: ZNF155. Embedding size is (538, 384)
protein: ZNF133. Embedding size is (654, 384)
protein: ZNF197. Embedding size is (1029, 384)
protein: KLF10. Embedding size is (480, 384)
protein: PAX8. Embedding size is (450, 384)
protein: KLF9. Embedding size is (244, 384)
protein: SMAD5. Embedding size is (465, 384)
protein: RFX1. Embedding size is (979, 384)
protein: TCF7L2. Embedding size is (619, 384)
protein: CEBPB. Embedding size is (345, 384)
protein: RFX5. Embedding size is (616, 384)
protein: NFE2. Embedding size is (373, 384)
protein: ZNF384. Embedding size is (577, 384)
protein: MAFF. Embedding size is (164, 384)
protein: NANOG. Embedding size is (305, 384)
protein: TCF7. Embedding size is (384, 384)
protein: ZNF37A. Embedding size is (561, 384)
protein: ZSCAN5C. Embedding size is (496, 384)
protein: CEBPA. Embedding size is (358, 384)
protein: MYRF. Embedding size is (1151, 384)
protein: RNF2. Embedding size is (336, 384)
protein: YY1. Embedding size is (414, 384)
protein: ZNF248. Embedding size is (579, 384)
protein: THAP11. Embedding size is (314, 384)
protein: CREB3. Embedding size is (371, 384)
protein: ARID4B. Embedding size is (1312, 384)
protein: SP1. Embedding size is (785, 384)
protein: XRCC5. Embedding size is (732, 384)
protein: ZBTB40. Embedding size is (1239, 384)
protein: NR2F2. Embedding size is (414, 384)
protein: ZNF282. Embedding size is (671, 384)
protein: NFIC. Embedding size is (508, 384)
protein: ZNF24. Embedding size is (368, 384)
protein: ZNF600. Embedding size is (722, 384)
protein: FOXK2. Embedding size is (660, 384)
protein: CC2D1A. Embedding size is (951, 384)
protein: ZNF624. Embedding size is (865, 384)
protein: ZBTB7B. Embedding size is (539, 384)
protein: ZNF614. Embedding size is (585, 384)
protein: MYNN. Embedding size is (610, 384)
protein: DRAP1. Embedding size is (205, 384)
protein: ZNF221. Embedding size is (617, 384)
protein: GATA4. Embedding size is (442, 384)
protein: GABPB1. Embedding size is (395, 384)
protein: CHAMP1. Embedding size is (812, 384)
protein: EGR1. Embedding size is (543, 384)
protein: ZNF547. Embedding size is (402, 384)
protein: ZBTB20. Embedding size is (741, 384)
protein: ZNF280C. Embedding size is (737, 384)
protein: ZNF202. Embedding size is (648, 384)
protein: HHEX. Embedding size is (270, 384)
protein: HIC1. Embedding size is (733, 384)
protein: HNF4G. Embedding size is (408, 384)
protein: ZNF426. Embedding size is (554, 384)
protein: ZNF18. Embedding size is (549, 384)
protein: STAT1. Embedding size is (750, 384)
protein: CLOCK. Embedding size is (846, 384)
protein: ZSCAN5A. Embedding size is (496, 384)
protein: MAX. Embedding size is (160, 384)
protein: WT1. Embedding size is (449, 384)
protein: FOSL2. Embedding size is (326, 384)
protein: MLLT1. Embedding size is (559, 384)
protein: ZNF610. Embedding size is (462, 384)
protein: KLF8. Embedding size is (359, 384)
protein: ZNF660. Embedding size is (331, 384)
protein: PRDM10. Embedding size is (1147, 384)
protein: POU5F1. Embedding size is (360, 384)
protein: TRIM25. Embedding size is (630, 384)
protein: GLIS2. Embedding size is (524, 384)
protein: ZNF398. Embedding size is (642, 384)
protein: DACH1. Embedding size is (758, 384)
protein: ZNF652. Embedding size is (606, 384)
protein: NR4A1. Embedding size is (598, 384)
protein: SRF. Embedding size is (508, 384)
protein: TFDP1. Embedding size is (410, 384)
protein: ZNF362. Embedding size is (420, 384)
protein: ZNF433. Embedding size is (673, 384)
protein: NFXL1. Embedding size is (911, 384)
protein: SIX4. Embedding size is (781, 384)
protein: ZNF776. Embedding size is (518, 384)
protein: NFATC3. Embedding size is (1075, 384)
protein: E2F1. Embedding size is (437, 384)
protein: ZNF395. Embedding size is (513, 384)
protein: ZBTB26. Embedding size is (441, 384)
protein: FOXJ2. Embedding size is (574, 384)
MGA doesn't have embedding, returns an empty list
protein: MEF2B. Embedding size is (365, 384)
protein: ZNF23. Embedding size is (643, 384)
protein: RBPJ. Embedding size is (500, 384)
protein: ZBTB25. Embedding size is (435, 384)
protein: CBX2. Embedding size is (532, 384)
protein: ZNF311. Embedding size is (666, 384)
protein: ZNF423. Embedding size is (1284, 384)
protein: ATF1. Embedding size is (271, 384)
protein: THRA. Embedding size is (490, 384)
protein: ZBTB5. Embedding size is (677, 384)
protein: ZEB2. Embedding size is (1214, 384)
protein: GABPA. Embedding size is (454, 384)
protein: RXRA. Embedding size is (462, 384)
protein: SKIL. Embedding size is (684, 384)
protein: ATF4. Embedding size is (351, 384)
protein: KLF5. Embedding size is (457, 384)
protein: RELA. Embedding size is (551, 384)
protein: ETS1. Embedding size is (441, 384)
protein: MXI1. Embedding size is (228, 384)
protein: ELF4. Embedding size is (663, 384)
protein: ZNF148. Embedding size is (794, 384)
protein: KLF16. Embedding size is (252, 384)
protein: SP2. Embedding size is (613, 384)
protein: CREM. Embedding size is (345, 384)
protein: ELF1. Embedding size is (619, 384)
protein: ZNF10. Embedding size is (573, 384)
protein: ZNF143. Embedding size is (638, 384)
protein: VEZF1. Embedding size is (521, 384)
protein: ZBTB2. Embedding size is (514, 384)
protein: ZNF687. Embedding size is (1237, 384)
protein: ZNF843. Embedding size is (348, 384)
protein: ZNF785. Embedding size is (405, 384)
protein: ZNF692. Embedding size is (519, 384)
protein: ZSCAN9. Embedding size is (394, 384)
protein: GATAD2B. Embedding size is (593, 384)
protein: ZNF580. Embedding size is (172, 384)
protein: ZNF48. Embedding size is (618, 384)
protein: PRDM4. Embedding size is (801, 384)
protein: PATZ1. Embedding size is (687, 384)
protein: ZSCAN29. Embedding size is (852, 384)
protein: INSM2. Embedding size is (566, 384)
protein: CEBPG. Embedding size is (150, 384)
protein: ZFP69B. Embedding size is (534, 384)
protein: ETV4. Embedding size is (484, 384)
protein: MXD3. Embedding size is (206, 384)
protein: GMEB1. Embedding size is (573, 384)
protein: SP7. Embedding size is (431, 384)
protein: ZSCAN23. Embedding size is (389, 384)
protein: ZEB1. Embedding size is (1124, 384)
protein: PPARG. Embedding size is (505, 384)
protein: ZSCAN26. Embedding size is (478, 384)
protein: ZNF34. Embedding size is (560, 384)
protein: MZF1. Embedding size is (734, 384)
protein: HOMEZ. Embedding size is (550, 384)
protein: ZNF3. Embedding size is (446, 384)
protein: HNRNPK. Embedding size is (463, 384)
protein: ZNF444. Embedding size is (327, 384)
protein: EP300. Embedding size is (2414, 384)
protein: PHB2. Embedding size is (299, 384)
protein: ZNF488. Embedding size is (340, 384)
protein: CBX1. Embedding size is (185, 384)
protein: SREBF1. Embedding size is (1147, 384)
protein: ZNF19. Embedding size is (458, 384)
protein: HSF1. Embedding size is (529, 384)
protein: HMG20B. Embedding size is (317, 384)
protein: ZNF26. Embedding size is (533, 384)
protein: CREB3L1. Embedding size is (519, 384)
protein: NEUROD1. Embedding size is (356, 384)
protein: ZNF112. Embedding size is (913, 384)
protein: MYBL2. Embedding size is (700, 384)
protein: ZBTB44. Embedding size is (570, 384)
protein: DEAF1. Embedding size is (565, 384)
protein: GFI1B. Embedding size is (330, 384)
protein: GLI2. Embedding size is (1586, 384)
protein: ZBTB6. Embedding size is (424, 384)
protein: ZNF837. Embedding size is (531, 384)
protein: NFYC. Embedding size is (458, 384)
protein: NRF1. Embedding size is (503, 384)
protein: KLF13. Embedding size is (288, 384)
protein: SCRT1. Embedding size is (348, 384)
protein: ZFP1. Embedding size is (407, 384)
protein: ZMIZ1. Embedding size is (1067, 384)
protein: AFF1. Embedding size is (1210, 384)
protein: ZNF184. Embedding size is (751, 384)
protein: EGR2. Embedding size is (476, 384)
protein: ZFP91. Embedding size is (570, 384)
protein: RBAK. Embedding size is (714, 384)
protein: ZHX2. Embedding size is (837, 384)
protein: ARHGAP35. Embedding size is (1499, 384)
protein: ZMYM3. Embedding size is (1370, 384)
protein: SMAD1. Embedding size is (465, 384)
protein: IRF9. Embedding size is (393, 384)
protein: YBX1. Embedding size is (324, 384)
protein: ESRRA. Embedding size is (423, 384)
protein: ZNF510. Embedding size is (683, 384)
protein: MAZ. Embedding size is (477, 384)
protein: ZFP37. Embedding size is (630, 384)
protein: BHLHE40. Embedding size is (412, 384)
protein: ZNF777. Embedding size is (831, 384)
protein: NFIL3. Embedding size is (462, 384)
protein: SMAD4. Embedding size is (552, 384)
protein: YY2. Embedding size is (372, 384)
protein: RXRB. Embedding size is (533, 384)
protein: RLF. Embedding size is (1914, 384)
protein: ARNT. Embedding size is (789, 384)
protein: BMI1. Embedding size is (326, 384)
protein: SP5. Embedding size is (398, 384)
protein: ETV6. Embedding size is (452, 384)
protein: ZNF501. Embedding size is (271, 384)
protein: ZSCAN16. Embedding size is (348, 384)
protein: ZNF548. Embedding size is (533, 384)
protein: OVOL3. Embedding size is (214, 384)
protein: ZNF341. Embedding size is (854, 384)
protein: ZNF574. Embedding size is (896, 384)
protein: TSC22D2. Embedding size is (780, 384)
protein: ZNF529. Embedding size is (563, 384)
protein: BCL11A. Embedding size is (835, 384)
protein: NR2C1. Embedding size is (603, 384)
protein: ZNF644. Embedding size is (1327, 384)
protein: ZNF140. Embedding size is (457, 384)
protein: ZNF555. Embedding size is (628, 384)
protein: ZNF146. Embedding size is (292, 384)
protein: ZNF274. Embedding size is (653, 384)
protein: ZNF121. Embedding size is (390, 384)
protein: ZNF530. Embedding size is (599, 384)
protein: CBFB. Embedding size is (182, 384)
protein: BCL6B. Embedding size is (479, 384)
protein: ZNF507. Embedding size is (953, 384)
protein: AEBP2. Embedding size is (517, 384)
protein: ZKSCAN8. Embedding size is (578, 384)
protein: ZHX1. Embedding size is (873, 384)
protein: BCL11B. Embedding size is (894, 384)
protein: CEBPZ. Embedding size is (1054, 384)
protein: TRIM28. Embedding size is (835, 384)
protein: MLX. Embedding size is (298, 384)
protein: REST. Embedding size is (1097, 384)
protein: IKZF3. Embedding size is (509, 384)
protein: HMG20A. Embedding size is (347, 384)
protein: MBD1. Embedding size is (605, 384)
protein: MEF2D. Embedding size is (521, 384)
protein: ZNF174. Embedding size is (407, 384)
protein: BCLAF1. Embedding size is (920, 384)
protein: TSHZ1. Embedding size is (1077, 384)
protein: ZNF791. Embedding size is (576, 384)
protein: ZNF302. Embedding size is (478, 384)
protein: ZNF571. Embedding size is (609, 384)
protein: SALL2. Embedding size is (1007, 384)
protein: ZNF521. Embedding size is (1311, 384)
protein: ZZZ3. Embedding size is (903, 384)
protein: ZNF704. Embedding size is (412, 384)
protein: UBTF. Embedding size is (764, 384)
protein: E2F5. Embedding size is (346, 384)
protein: ZNF16. Embedding size is (682, 384)
protein: ZNF560. Embedding size is (790, 384)
protein: HINFP. Embedding size is (517, 384)
protein: ZNF219. Embedding size is (722, 384)
protein: ZNF701. Embedding size is (531, 384)
protein: TEAD2. Embedding size is (447, 384)
protein: ZNF205. Embedding size is (554, 384)
protein: ZSCAN30. Embedding size is (494, 384)
protein: ZNF621. Embedding size is (439, 384)
protein: ZNF473. Embedding size is (871, 384)
protein: LCORL. Embedding size is (602, 384)
protein: ZSCAN18. Embedding size is (510, 384)
protein: ZNF416. Embedding size is (594, 384)
protein: FOXA1. Embedding size is (472, 384)
protein: ZNF214. Embedding size is (606, 384)
protein: ZNF266. Embedding size is (549, 384)
protein: NFE2L2. Embedding size is (605, 384)
protein: ZNF585B. Embedding size is (769, 384)
protein: TCF12. Embedding size is (682, 384)
protein: ZNF350. Embedding size is (532, 384)
protein: PRDM6. Embedding size is (595, 384)
protein: SFPQ. Embedding size is (707, 384)
protein: ZNF544. Embedding size is (715, 384)
protein: IRF3. Embedding size is (427, 384)
protein: ZNF239. Embedding size is (458, 384)
protein: ZNF707. Embedding size is (371, 384)
protein: SMAD2. Embedding size is (467, 384)
protein: ETS2. Embedding size is (469, 384)
protein: NR2F1. Embedding size is (423, 384)
protein: ZBTB33. Embedding size is (672, 384)
protein: TFAP4. Embedding size is (338, 384)
protein: ELK1. Embedding size is (428, 384)
protein: JUN. Embedding size is (331, 384)
protein: E2F7. Embedding size is (911, 384)
In total: 38 files. Each file has 5000 dna embeddings
