input file: train_min10
kmer: 6
dataset: Encode3and4
============================================================
<class 'DNABERT_v1.src.transformers.tokenization_dna.DNATokenizer'>
total num of rows: (32582420, 3)
protein: ZNF34. Embedding size is (560, 384)
protein: ZNF518A. Embedding size is (1483, 384)
protein: ZNF623. Embedding size is (536, 384)
protein: ZNF394. Embedding size is (561, 384)
protein: ZNF426. Embedding size is (554, 384)
protein: KLF13. Embedding size is (288, 384)
ZFYVE20: Q9H1K0, had to match with uniprot id.
protein: ZFYVE20. Embedding size is (784, 384)
protein: ZNF655. Embedding size is (491, 384)
protein: THAP8. Embedding size is (274, 384)
protein: ZNF230. Embedding size is (474, 384)
protein: TRIM24. Embedding size is (1050, 384)
protein: THAP12. Embedding size is (761, 384)
protein: MEIS2. Embedding size is (477, 384)
protein: NFIC. Embedding size is (508, 384)
protein: ARID1B. Embedding size is (2319, 384)
protein: TCF3. Embedding size is (654, 384)
protein: ZBTB2. Embedding size is (514, 384)
protein: MITF. Embedding size is (526, 384)
protein: ZEB2. Embedding size is (1214, 384)
protein: AFF1. Embedding size is (1210, 384)
protein: CDC5L. Embedding size is (802, 384)
protein: NR2C1. Embedding size is (603, 384)
protein: DMBX1. Embedding size is (382, 384)
protein: MAFG. Embedding size is (162, 384)
protein: ZNF316. Embedding size is (1004, 384)
protein: TRIM28. Embedding size is (835, 384)
protein: NFXL1. Embedding size is (911, 384)
protein: NFYA. Embedding size is (347, 384)
CENPBD1: B2RD01, had to match with uniprot id.
protein: CENPBD1. Embedding size is (187, 384)
protein: IKZF5. Embedding size is (419, 384)
protein: DEAF1. Embedding size is (565, 384)
protein: IKZF1. Embedding size is (519, 384)
protein: GMEB2. Embedding size is (530, 384)
protein: ATF4. Embedding size is (351, 384)
protein: ETS2. Embedding size is (469, 384)
protein: RFX3. Embedding size is (749, 384)
protein: ZNF605. Embedding size is (641, 384)
protein: SP140L. Embedding size is (580, 384)
protein: EHF. Embedding size is (300, 384)
protein: BCL11A. Embedding size is (835, 384)
protein: OTX2. Embedding size is (289, 384)
protein: EGR2. Embedding size is (476, 384)
protein: FOXK1. Embedding size is (733, 384)
protein: ZNF776. Embedding size is (518, 384)
protein: ZNF143. Embedding size is (638, 384)
protein: CBFB. Embedding size is (182, 384)
protein: ZNF75D. Embedding size is (510, 384)
protein: ZNF449. Embedding size is (518, 384)
protein: ZNF639. Embedding size is (485, 384)
protein: ETV6. Embedding size is (452, 384)
protein: ZNF444. Embedding size is (327, 384)
protein: HIVEP1. Embedding size is (2718, 384)
protein: ZNF770. Embedding size is (691, 384)
protein: ZNF329. Embedding size is (541, 384)
protein: CTCF. Embedding size is (727, 384)
protein: CC2D1A. Embedding size is (951, 384)
protein: ZNF654. Embedding size is (1128, 384)
protein: VEZF1. Embedding size is (521, 384)
protein: ZSCAN5A. Embedding size is (496, 384)
protein: GLI2. Embedding size is (1586, 384)
protein: ZNF181. Embedding size is (571, 384)
protein: ARID3B. Embedding size is (561, 384)
protein: ZNF217. Embedding size is (1048, 384)
protein: RXRA. Embedding size is (462, 384)
protein: ZNF18. Embedding size is (549, 384)
protein: MYC. Embedding size is (454, 384)
protein: HNF4A. Embedding size is (474, 384)
protein: ZFY. Embedding size is (801, 384)
protein: SALL1. Embedding size is (1324, 384)
protein: ZNF574. Embedding size is (896, 384)
protein: ZGPAT. Embedding size is (531, 384)
protein: CEBPA. Embedding size is (358, 384)
protein: SP5. Embedding size is (398, 384)
protein: ARID5B. Embedding size is (1188, 384)
protein: SCRT1. Embedding size is (348, 384)
protein: CLOCK. Embedding size is (846, 384)
protein: ZNF133. Embedding size is (654, 384)
protein: ADNP. Embedding size is (1102, 384)
protein: CHAMP1. Embedding size is (812, 384)
protein: TEF. Embedding size is (303, 384)
protein: ZNF766. Embedding size is (468, 384)
protein: POU6F1. Embedding size is (301, 384)
protein: ZNF319. Embedding size is (582, 384)
protein: ZNF8. Embedding size is (575, 384)
protein: TSC22D2. Embedding size is (780, 384)
protein: CREB1. Embedding size is (327, 384)
protein: ZBTB14. Embedding size is (449, 384)
protein: ZBTB17. Embedding size is (803, 384)
protein: KLF10. Embedding size is (480, 384)
protein: ARID4B. Embedding size is (1312, 384)
protein: NR2C2. Embedding size is (596, 384)
protein: ZBTB21. Embedding size is (1066, 384)
protein: ZBTB10. Embedding size is (871, 384)
protein: ZNF629. Embedding size is (869, 384)
protein: ID3. Embedding size is (119, 384)
protein: TBX3. Embedding size is (743, 384)
protein: SP4. Embedding size is (784, 384)
protein: SALL2. Embedding size is (1007, 384)
protein: YY1. Embedding size is (414, 384)
protein: E2F1. Embedding size is (437, 384)
protein: ZNF687. Embedding size is (1237, 384)
protein: GATA3. Embedding size is (443, 384)
protein: ZNF692. Embedding size is (519, 384)
protein: TFAP2B. Embedding size is (460, 384)
protein: ZNF561. Embedding size is (486, 384)
protein: GABPB1. Embedding size is (395, 384)
protein: ZNF219. Embedding size is (722, 384)
protein: ZNF76. Embedding size is (570, 384)
protein: SMAD5. Embedding size is (465, 384)
protein: ZXDB. Embedding size is (803, 384)
protein: KLF1. Embedding size is (362, 384)
protein: ZNF501. Embedding size is (271, 384)
protein: KLF5. Embedding size is (457, 384)
protein: DACH1. Embedding size is (758, 384)
protein: ZNF10. Embedding size is (573, 384)
protein: ZNF350. Embedding size is (532, 384)
protein: PITX1. Embedding size is (314, 384)
protein: MXI1. Embedding size is (228, 384)
protein: CEBPB. Embedding size is (345, 384)
protein: ZBTB20. Embedding size is (741, 384)
protein: KLF17. Embedding size is (389, 384)
protein: ZNF395. Embedding size is (513, 384)
protein: SP2. Embedding size is (613, 384)
protein: ZBTB26. Embedding size is (441, 384)
protein: ZNF391. Embedding size is (358, 384)
protein: CREB3L1. Embedding size is (519, 384)
protein: HNF1A. Embedding size is (631, 384)
protein: HIC1. Embedding size is (733, 384)
protein: NKRF. Embedding size is (690, 384)
protein: THAP11. Embedding size is (314, 384)
protein: SP7. Embedding size is (431, 384)
protein: ZFP37. Embedding size is (630, 384)
protein: THAP9. Embedding size is (903, 384)
protein: GMEB1. Embedding size is (573, 384)
protein: RLF. Embedding size is (1914, 384)
protein: RELB. Embedding size is (579, 384)
protein: TBX2. Embedding size is (712, 384)
protein: ARID4A. Embedding size is (1257, 384)
protein: HOXA3. Embedding size is (443, 384)
protein: LIN54. Embedding size is (749, 384)
protein: YBX1. Embedding size is (324, 384)
protein: BCL11B. Embedding size is (894, 384)
protein: ZNF26. Embedding size is (533, 384)
protein: CGGBP1. Embedding size is (167, 384)
protein: TP63. Embedding size is (680, 384)
protein: CHCHD3. Embedding size is (227, 384)
protein: ZNF433. Embedding size is (673, 384)
protein: TFAM. Embedding size is (246, 384)
protein: PHB2. Embedding size is (299, 384)
protein: ZNF212. Embedding size is (495, 384)
protein: ZSCAN16. Embedding size is (348, 384)
protein: POU5F1. Embedding size is (360, 384)
protein: NFATC3. Embedding size is (1075, 384)
protein: HOXD13. Embedding size is (343, 384)
protein: MXD3. Embedding size is (206, 384)
protein: ZNF57. Embedding size is (555, 384)
protein: ZNF445. Embedding size is (1031, 384)
protein: FOXS1. Embedding size is (330, 384)
protein: JUND. Embedding size is (347, 384)
protein: ZNF341. Embedding size is (854, 384)
protein: CREBL2. Embedding size is (120, 384)
protein: NR3C1. Embedding size is (777, 384)
protein: ZNF277. Embedding size is (450, 384)
protein: ZHX1. Embedding size is (873, 384)
protein: LCORL. Embedding size is (602, 384)
protein: ZNF610. Embedding size is (462, 384)
protein: TCF7L2. Embedding size is (619, 384)
protein: TFDP1. Embedding size is (410, 384)
protein: MLXIP. Embedding size is (919, 384)
protein: ZNF772. Embedding size is (489, 384)
protein: ATOH8. Embedding size is (321, 384)
protein: KLF16. Embedding size is (252, 384)
protein: MAF1. Embedding size is (256, 384)
protein: SOX18. Embedding size is (384, 384)
protein: ZNF425. Embedding size is (752, 384)
protein: ZMYM4. Embedding size is (1548, 384)
protein: ZNF3. Embedding size is (446, 384)
protein: ZSCAN31. Embedding size is (406, 384)
protein: ISL2. Embedding size is (359, 384)
protein: OVOL3. Embedding size is (214, 384)
protein: MAFK. Embedding size is (156, 384)
protein: TEAD3. Embedding size is (435, 384)
protein: HOXD1. Embedding size is (328, 384)
protein: ZNF572. Embedding size is (529, 384)
protein: OSR2. Embedding size is (312, 384)
protein: GFI1B. Embedding size is (330, 384)
protein: BHLHA15. Embedding size is (189, 384)
protein: SMAD1. Embedding size is (465, 384)
protein: HNF4G. Embedding size is (408, 384)
protein: ZNF37A. Embedding size is (561, 384)
protein: ZNF512B. Embedding size is (892, 384)
protein: ZBTB48. Embedding size is (688, 384)
protein: ZMYM3. Embedding size is (1370, 384)
protein: NFYB. Embedding size is (207, 384)
protein: E2F5. Embedding size is (346, 384)
protein: SPDEF. Embedding size is (335, 384)
protein: ZNF324. Embedding size is (553, 384)
protein: BMI1. Embedding size is (326, 384)
protein: FOSL2. Embedding size is (326, 384)
protein: MAZ. Embedding size is (477, 384)
protein: ZBTB9. Embedding size is (473, 384)
protein: SP1. Embedding size is (785, 384)
protein: E2F8. Embedding size is (867, 384)
protein: MYBL2. Embedding size is (700, 384)
protein: TFCP2. Embedding size is (502, 384)
protein: LCOR. Embedding size is (433, 384)
protein: FOXC1. Embedding size is (553, 384)
protein: USF1. Embedding size is (310, 384)
protein: ATF2. Embedding size is (505, 384)
protein: MXD1. Embedding size is (221, 384)
protein: ATF1. Embedding size is (271, 384)
protein: KLF8. Embedding size is (359, 384)
MGA doesn't have embedding, returns an empty list
protein: SP3. Embedding size is (781, 384)
protein: ZNF800. Embedding size is (664, 384)
protein: RREB1. Embedding size is (1687, 384)
protein: ZHX2. Embedding size is (837, 384)
protein: ZBTB12. Embedding size is (459, 384)
protein: CREM. Embedding size is (345, 384)
protein: MNT. Embedding size is (582, 384)
protein: NRF1. Embedding size is (503, 384)
protein: GABPA. Embedding size is (454, 384)
protein: NFIL3. Embedding size is (462, 384)
protein: ZNF609. Embedding size is (1411, 384)
protein: TRIM22. Embedding size is (498, 384)
protein: POU2F1. Embedding size is (743, 384)
protein: NRL. Embedding size is (237, 384)
protein: NFKB2. Embedding size is (900, 384)
protein: ZBED1. Embedding size is (694, 384)
protein: IRF3. Embedding size is (427, 384)
protein: RFX5. Embedding size is (616, 384)
protein: ZBTB25. Embedding size is (435, 384)
protein: EGR1. Embedding size is (543, 384)
protein: ZSCAN21. Embedding size is (473, 384)
protein: ZNF563. Embedding size is (476, 384)
protein: KLF6. Embedding size is (283, 384)
protein: ZNF580. Embedding size is (172, 384)
protein: ZFHX2. Embedding size is (2572, 384)
protein: TBX18. Embedding size is (607, 384)
protein: NFYC. Embedding size is (458, 384)
protein: ZNF526. Embedding size is (670, 384)
protein: DRAP1. Embedding size is (205, 384)
protein: RXRB. Embedding size is (533, 384)
protein: ZNF343. Embedding size is (599, 384)
protein: ZNF134. Embedding size is (427, 384)
protein: HMGXB3. Embedding size is (1292, 384)
ZNF788: Q6ZQV5, had to match with uniprot id.
protein: ZNF788. Embedding size is (82, 384)
protein: MNX1. Embedding size is (401, 384)
protein: CSRNP1. Embedding size is (589, 384)
protein: ZNF790. Embedding size is (636, 384)
protein: BATF2. Embedding size is (274, 384)
protein: ZNF652. Embedding size is (606, 384)
protein: HOXA10. Embedding size is (410, 384)
protein: RBAK. Embedding size is (714, 384)
protein: ZNF317. Embedding size is (595, 384)
protein: PRDM6. Embedding size is (595, 384)
protein: PLSCR1. Embedding size is (318, 384)
protein: TRIM25. Embedding size is (630, 384)
protein: CERS6. Embedding size is (384, 384)
protein: TFE3. Embedding size is (575, 384)
protein: ZNF816. Embedding size is (651, 384)
protein: PRDM4. Embedding size is (801, 384)
protein: ZNF658. Embedding size is (1059, 384)
protein: PAXIP1. Embedding size is (1069, 384)
protein: ZNF276. Embedding size is (614, 384)
protein: ZNF462. Embedding size is (2506, 384)
protein: ZNF362. Embedding size is (420, 384)
protein: ETS1. Embedding size is (441, 384)
protein: ZNF138. Embedding size is (262, 384)
protein: ZHX3. Embedding size is (956, 384)
protein: IRF9. Embedding size is (393, 384)
protein: ZNF583. Embedding size is (569, 384)
protein: IFI16. Embedding size is (785, 384)
protein: ZFP64. Embedding size is (645, 384)
protein: ATAD3A. Embedding size is (634, 384)
protein: ARHGAP35. Embedding size is (1499, 384)
protein: HMG20B. Embedding size is (317, 384)
protein: ZNF549. Embedding size is (640, 384)
protein: AKNA. Embedding size is (1439, 384)
protein: SOX5. Embedding size is (763, 384)
protein: FOXF2. Embedding size is (444, 384)
ZNF292 doesn't have embedding, returns an empty list
protein: ZNF227. Embedding size is (799, 384)
protein: DZIP1. Embedding size is (867, 384)
protein: NR2F2. Embedding size is (414, 384)
protein: ZNF256. Embedding size is (627, 384)
protein: MEF2A. Embedding size is (507, 384)
protein: ARNT. Embedding size is (789, 384)
protein: BACH1. Embedding size is (736, 384)
protein: ZNF165. Embedding size is (485, 384)
protein: ZNF555. Embedding size is (628, 384)
protein: RBPJ. Embedding size is (500, 384)
protein: NFIB. Embedding size is (420, 384)
protein: ZNF850. Embedding size is (1090, 384)
protein: ELK4. Embedding size is (431, 384)
protein: RARB. Embedding size is (455, 384)
protein: ZNF189. Embedding size is (626, 384)
protein: ATF3. Embedding size is (181, 384)
protein: PATZ1. Embedding size is (687, 384)
protein: DLX6. Embedding size is (175, 384)
protein: FOXQ1. Embedding size is (403, 384)
protein: ZKSCAN3. Embedding size is (538, 384)
protein: RCOR1. Embedding size is (485, 384)
protein: DDIT3. Embedding size is (169, 384)
protein: ZNF589. Embedding size is (364, 384)
protein: FOXP4. Embedding size is (680, 384)
protein: ZNF490. Embedding size is (529, 384)
protein: ZBTB37. Embedding size is (503, 384)
protein: FOXA1. Embedding size is (472, 384)
protein: ZKSCAN1. Embedding size is (563, 384)
protein: ZFP62. Embedding size is (900, 384)
protein: HMBOX1. Embedding size is (420, 384)
protein: ZNF551. Embedding size is (670, 384)
protein: ZNF784. Embedding size is (323, 384)
protein: PAX8. Embedding size is (450, 384)
protein: ZNF184. Embedding size is (751, 384)
protein: PBX3. Embedding size is (434, 384)
protein: ZBTB40. Embedding size is (1239, 384)
protein: ZNF383. Embedding size is (475, 384)
protein: PKNOX1. Embedding size is (436, 384)
protein: ZMIZ1. Embedding size is (1067, 384)
protein: ZNF280B. Embedding size is (543, 384)
protein: ZNF699. Embedding size is (642, 384)
protein: ZNF564. Embedding size is (553, 384)
protein: ZNF557. Embedding size is (423, 384)
protein: ZNF148. Embedding size is (794, 384)
protein: ZBED4. Embedding size is (1171, 384)
protein: GRHL2. Embedding size is (625, 384)
protein: ZNF785. Embedding size is (405, 384)
protein: SMAD3. Embedding size is (425, 384)
protein: GFI1. Embedding size is (422, 384)
protein: ZNF621. Embedding size is (439, 384)
protein: ZNF624. Embedding size is (865, 384)
protein: ZNF44. Embedding size is (663, 384)
protein: ARNT2. Embedding size is (717, 384)
protein: AR. Embedding size is (920, 384)
protein: CREB5. Embedding size is (508, 384)
protein: ZNF225. Embedding size is (706, 384)
protein: ELF4. Embedding size is (663, 384)
protein: ZKSCAN5. Embedding size is (839, 384)
protein: ZNF780A. Embedding size is (641, 384)
protein: LRRFIP1. Embedding size is (808, 384)
protein: ZNF709. Embedding size is (641, 384)
protein: ZNF547. Embedding size is (402, 384)
protein: ZNF747. Embedding size is (330, 384)
protein: ZFP91. Embedding size is (570, 384)
protein: ZNF865. Embedding size is (1059, 384)
protein: ZFP82. Embedding size is (532, 384)
protein: ZNF416. Embedding size is (594, 384)
protein: ZFP14. Embedding size is (533, 384)
protein: PRDM10. Embedding size is (1147, 384)
protein: XRCC5. Embedding size is (732, 384)
protein: ZNF296. Embedding size is (475, 384)
protein: INSM2. Embedding size is (566, 384)
protein: ZNF615. Embedding size is (731, 384)
protein: STAT5B. Embedding size is (787, 384)
protein: ZSCAN4. Embedding size is (433, 384)
protein: ZNF214. Embedding size is (606, 384)
protein: ZNF507. Embedding size is (953, 384)
protein: GLIS3. Embedding size is (775, 384)
protein: ZNF700. Embedding size is (742, 384)
protein: ZNF211. Embedding size is (564, 384)
protein: ZNF514. Embedding size is (400, 384)
protein: HOXB13. Embedding size is (284, 384)
protein: TCFL5. Embedding size is (500, 384)
protein: MAX. Embedding size is (160, 384)
protein: TFDP2. Embedding size is (446, 384)
protein: E4F1. Embedding size is (784, 384)
protein: MYPOP. Embedding size is (399, 384)
protein: RFX1. Embedding size is (979, 384)
protein: TFAP4. Embedding size is (338, 384)
protein: AHR. Embedding size is (848, 384)
protein: MAFF. Embedding size is (164, 384)
protein: TERF1. Embedding size is (439, 384)
protein: ZMAT5. Embedding size is (170, 384)
protein: TRERF1. Embedding size is (1200, 384)
protein: ZNF560. Embedding size is (790, 384)
protein: E2F2. Embedding size is (437, 384)
protein: SOX13. Embedding size is (622, 384)
protein: ZBTB33. Embedding size is (672, 384)
protein: ZNF19. Embedding size is (458, 384)
protein: OSR1. Embedding size is (266, 384)
protein: CEBPG. Embedding size is (150, 384)
protein: BACH2. Embedding size is (841, 384)
protein: POGK. Embedding size is (609, 384)
protein: CBX1. Embedding size is (185, 384)
protein: ZNF496. Embedding size is (587, 384)
protein: SATB2. Embedding size is (733, 384)
protein: TEAD4. Embedding size is (434, 384)
protein: ZNF626. Embedding size is (528, 384)
protein: AHDC1. Embedding size is (1603, 384)
protein: ZNF839. Embedding size is (811, 384)
protein: ZNF266. Embedding size is (549, 384)
protein: ZNF84. Embedding size is (738, 384)
protein: TCF7. Embedding size is (384, 384)
protein: ZNF775. Embedding size is (537, 384)
protein: ZNF596. Embedding size is (504, 384)
protein: USF2. Embedding size is (346, 384)
protein: MYRF. Embedding size is (1151, 384)
protein: CEBPZ. Embedding size is (1054, 384)
protein: ZNF140. Embedding size is (457, 384)
protein: ZNF607. Embedding size is (696, 384)
protein: ZNF2. Embedding size is (425, 384)
protein: TSC22D4. Embedding size is (395, 384)
protein: ONECUT1. Embedding size is (465, 384)
protein: ZSCAN18. Embedding size is (510, 384)
protein: ZNF397. Embedding size is (534, 384)
protein: ZNF473. Embedding size is (871, 384)
protein: ESRRG. Embedding size is (458, 384)
protein: HES1. Embedding size is (280, 384)
protein: ZNF280C. Embedding size is (737, 384)
protein: ELF2. Embedding size is (593, 384)
protein: ZNF552. Embedding size is (407, 384)
protein: ZNF396. Embedding size is (335, 384)
protein: MEIS1. Embedding size is (390, 384)
protein: AFF4. Embedding size is (1163, 384)
protein: ZNF713. Embedding size is (443, 384)
protein: ZNF891. Embedding size is (544, 384)
protein: NR0B2. Embedding size is (257, 384)
protein: ZNF223. Embedding size is (482, 384)
protein: DLX4. Embedding size is (240, 384)
protein: ZNF77. Embedding size is (545, 384)
protein: STAT6. Embedding size is (847, 384)
protein: NANOG. Embedding size is (305, 384)
protein: MEF2B. Embedding size is (365, 384)
protein: GLIS2. Embedding size is (524, 384)
protein: ZNF764. Embedding size is (408, 384)
protein: THRB. Embedding size is (461, 384)
protein: ZNF20. Embedding size is (532, 384)
protein: PREB. Embedding size is (417, 384)
protein: NR0B1. Embedding size is (470, 384)
protein: ZNF761. Embedding size is (746, 384)
protein: ZNF827. Embedding size is (1081, 384)
protein: ZNF644. Embedding size is (1327, 384)
protein: TRAFD1. Embedding size is (582, 384)
protein: BCL6. Embedding size is (706, 384)
protein: RORA. Embedding size is (523, 384)
protein: NR2F1. Embedding size is (423, 384)
protein: GLIS1. Embedding size is (620, 384)
protein: IRF5. Embedding size is (498, 384)
protein: PRDM1. Embedding size is (825, 384)
protein: GATA4. Embedding size is (442, 384)
protein: ZNF600. Embedding size is (722, 384)
protein: ZNF280D. Embedding size is (979, 384)
protein: ZNF530. Embedding size is (599, 384)
protein: ZFP69B. Embedding size is (534, 384)
protein: FBXL19. Embedding size is (694, 384)
protein: RFX7. Embedding size is (1363, 384)
protein: NFE2. Embedding size is (373, 384)
protein: ZNF175. Embedding size is (711, 384)
protein: ZNF7. Embedding size is (686, 384)
protein: ZNF660. Embedding size is (331, 384)
protein: SNAI1. Embedding size is (264, 384)
protein: CDX4. Embedding size is (284, 384)
protein: BAZ2A. Embedding size is (1905, 384)
protein: HIC2. Embedding size is (615, 384)
protein: ZNF837. Embedding size is (531, 384)
protein: REST. Embedding size is (1097, 384)
protein: IRX3. Embedding size is (501, 384)
protein: PPARA. Embedding size is (468, 384)
protein: ZNF398. Embedding size is (642, 384)
ZNF645: Q8N7E2, had to match with uniprot id.
protein: ZNF645. Embedding size is (425, 384)
protein: OVOL1. Embedding size is (267, 384)
protein: ISL1. Embedding size is (349, 384)
protein: SMAD7. Embedding size is (426, 384)
protein: MLLT10. Embedding size is (1068, 384)
protein: ZNF691. Embedding size is (315, 384)
protein: ZNF263. Embedding size is (683, 384)
protein: PROX1. Embedding size is (737, 384)
protein: ELF1. Embedding size is (619, 384)
protein: ZBTB5. Embedding size is (677, 384)
protein: ZBTB11. Embedding size is (1053, 384)
protein: HINFP. Embedding size is (517, 384)
protein: ZSCAN29. Embedding size is (852, 384)
protein: NR4A1. Embedding size is (598, 384)
protein: HNF1B. Embedding size is (557, 384)
protein: ZBTB7B. Embedding size is (539, 384)
protein: GLI4. Embedding size is (376, 384)
protein: ZNF70. Embedding size is (446, 384)
protein: ZNF548. Embedding size is (533, 384)
protein: NFIA. Embedding size is (509, 384)
protein: SNAI2. Embedding size is (268, 384)
protein: YY2. Embedding size is (372, 384)
ZUFSP: Q96AP4, had to match with uniprot id.
protein: ZUFSP. Embedding size is (578, 384)
protein: ZMYM2. Embedding size is (1377, 384)
protein: FUBP1. Embedding size is (644, 384)
protein: SMAD2. Embedding size is (467, 384)
protein: ZNF114. Embedding size is (417, 384)
protein: NFATC4. Embedding size is (902, 384)
protein: ZNF468. Embedding size is (522, 384)
protein: ZSCAN32. Embedding size is (697, 384)
protein: NFAT5. Embedding size is (1531, 384)
protein: TP53. Embedding size is (393, 384)
protein: ELK3. Embedding size is (407, 384)
protein: SMAD4. Embedding size is (552, 384)
protein: ETV1. Embedding size is (477, 384)
protein: ZSCAN5C. Embedding size is (496, 384)
protein: ILK. Embedding size is (452, 384)
protein: CEBPD. Embedding size is (269, 384)
protein: PRDM15. Embedding size is (1507, 384)
protein: ZNF717. Embedding size is (914, 384)
protein: RELA. Embedding size is (551, 384)
protein: ZNF843. Embedding size is (348, 384)
protein: HEY1. Embedding size is (304, 384)
protein: SREBF2. Embedding size is (1141, 384)
protein: ZNF710. Embedding size is (664, 384)
protein: JUN. Embedding size is (331, 384)
protein: ZBTB6. Embedding size is (424, 384)
protein: ELK1. Embedding size is (428, 384)
protein: PPARD. Embedding size is (441, 384)
protein: ZSCAN26. Embedding size is (478, 384)
protein: CBX2. Embedding size is (532, 384)
protein: ZNF414. Embedding size is (312, 384)
protein: SMAD9. Embedding size is (467, 384)
protein: FOS. Embedding size is (380, 384)
protein: ZNF436. Embedding size is (470, 384)
protein: ZNF33A. Embedding size is (810, 384)
protein: WT1. Embedding size is (449, 384)
protein: ZNF543. Embedding size is (600, 384)
protein: SKIL. Embedding size is (684, 384)
protein: TEAD1. Embedding size is (426, 384)
protein: ZNF16. Embedding size is (682, 384)
protein: ZNF260. Embedding size is (412, 384)
protein: ZNF485. Embedding size is (441, 384)
protein: AEBP2. Embedding size is (517, 384)
protein: OTX1. Embedding size is (354, 384)
protein: NR1H2. Embedding size is (460, 384)
protein: FEZF1. Embedding size is (475, 384)
protein: TIGD3. Embedding size is (471, 384)
protein: KLF12. Embedding size is (402, 384)
protein: ERG. Embedding size is (479, 384)
RNF219: Q5W0B1, had to match with uniprot id.
protein: RNF219. Embedding size is (726, 384)
protein: ZNF331. Embedding size is (463, 384)
protein: ZNF737. Embedding size is (536, 384)
protein: XBP1. Embedding size is (261, 384)
protein: RNF2. Embedding size is (336, 384)
protein: NR2E3. Embedding size is (410, 384)
protein: CUX1. Embedding size is (1505, 384)
protein: MLLT1. Embedding size is (559, 384)
protein: HBP1. Embedding size is (514, 384)
protein: ZSCAN22. Embedding size is (491, 384)
protein: ZNF749. Embedding size is (778, 384)
protein: TBPL1. Embedding size is (186, 384)
protein: ONECUT2. Embedding size is (504, 384)
protein: PPARG. Embedding size is (505, 384)
protein: FOXO4. Embedding size is (505, 384)
protein: THRA. Embedding size is (490, 384)
protein: ZNF782. Embedding size is (699, 384)
protein: SOX15. Embedding size is (233, 384)
protein: ZNF48. Embedding size is (618, 384)
protein: ZBTB43. Embedding size is (467, 384)
protein: MSX2. Embedding size is (267, 384)
protein: ZNF169. Embedding size is (603, 384)
protein: ZNF584. Embedding size is (421, 384)
protein: ZNF546. Embedding size is (836, 384)
protein: KLF9. Embedding size is (244, 384)
protein: ZMAT4. Embedding size is (229, 384)
protein: GPBP1L1. Embedding size is (474, 384)
protein: GLYR1. Embedding size is (553, 384)
protein: ZSCAN30. Embedding size is (494, 384)
protein: ZNF253. Embedding size is (499, 384)
protein: NFIX. Embedding size is (502, 384)
protein: IRF1. Embedding size is (325, 384)
protein: ZNF521. Embedding size is (1311, 384)
protein: GTF2I. Embedding size is (998, 384)
protein: ZNF75A. Embedding size is (296, 384)
protein: NR2F6. Embedding size is (404, 384)
protein: MIXL1. Embedding size is (232, 384)
protein: MTERF2. Embedding size is (385, 384)
protein: STAT1. Embedding size is (750, 384)
protein: THAP4. Embedding size is (577, 384)
protein: HNRNPK. Embedding size is (463, 384)
protein: RORB. Embedding size is (470, 384)
protein: RARG. Embedding size is (454, 384)
protein: ZBTB44. Embedding size is (570, 384)
protein: ZNF791. Embedding size is (576, 384)
protein: HMGXB4. Embedding size is (601, 384)
protein: ZNF274. Embedding size is (653, 384)
protein: BCL3. Embedding size is (454, 384)
protein: E2F7. Embedding size is (911, 384)
protein: PHTF2. Embedding size is (785, 384)
protein: ESRRB. Embedding size is (433, 384)
protein: CSRNP3. Embedding size is (585, 384)
protein: HLF. Embedding size is (295, 384)
protein: HSF1. Embedding size is (529, 384)
protein: ZNF511. Embedding size is (252, 384)
protein: ZNF224. Embedding size is (707, 384)
protein: ETV5. Embedding size is (510, 384)
protein: ZNF777. Embedding size is (831, 384)
protein: ZNF513. Embedding size is (541, 384)
protein: ZNF592. Embedding size is (1267, 384)
protein: ZNF431. Embedding size is (576, 384)
protein: BHLHE40. Embedding size is (412, 384)
protein: ZNF239. Embedding size is (458, 384)
protein: E2F3. Embedding size is (465, 384)
protein: ATF5. Embedding size is (282, 384)
protein: BNC2. Embedding size is (1099, 384)
protein: ZNF488. Embedding size is (340, 384)
protein: ZNF180. Embedding size is (692, 384)
protein: RHOXF2B. Embedding size is (288, 384)
protein: ISX. Embedding size is (245, 384)
protein: ZNF33B. Embedding size is (778, 384)
protein: ZNF707. Embedding size is (371, 384)
protein: NKX3-1. Embedding size is (234, 384)
protein: ZNF282. Embedding size is (671, 384)
protein: ZNF142. Embedding size is (1687, 384)
protein: ZNF460. Embedding size is (562, 384)
protein: GABPB2. Embedding size is (448, 384)
protein: REL. Embedding size is (619, 384)
protein: TIGD6. Embedding size is (521, 384)
protein: ZNF619. Embedding size is (560, 384)
protein: ZNF841. Embedding size is (808, 384)
protein: HMG20A. Embedding size is (347, 384)
protein: ZNF235. Embedding size is (738, 384)
protein: ZNF778. Embedding size is (729, 384)
protein: SCRT2. Embedding size is (307, 384)
ZNF724P: A8MTY0, had to match with uniprot id.
protein: ZNF724P. Embedding size is (619, 384)
protein: ZIC2. Embedding size is (532, 384)
protein: TCF15. Embedding size is (199, 384)
protein: ZNF30. Embedding size is (623, 384)
protein: ZNF571. Embedding size is (609, 384)
protein: GPN1. Embedding size is (374, 384)
protein: ZNF746. Embedding size is (644, 384)
protein: ZNF512. Embedding size is (567, 384)
protein: IRF2. Embedding size is (349, 384)
protein: ZNF232. Embedding size is (417, 384)
protein: ZNF23. Embedding size is (643, 384)
protein: SOX6. Embedding size is (828, 384)
protein: GATAD2B. Embedding size is (593, 384)
protein: FOXO1. Embedding size is (655, 384)
protein: ZNF670. Embedding size is (389, 384)
protein: ZNF532. Embedding size is (1301, 384)
protein: ZBTB42. Embedding size is (422, 384)
protein: E2F4. Embedding size is (413, 384)
protein: ZNF680. Embedding size is (530, 384)
protein: FOSL1. Embedding size is (271, 384)
protein: KLF11. Embedding size is (512, 384)
protein: ZNF281. Embedding size is (895, 384)
protein: ZC3H8. Embedding size is (291, 384)
protein: PRRX2. Embedding size is (253, 384)
protein: ZNF423. Embedding size is (1284, 384)
protein: TSHZ1. Embedding size is (1077, 384)
protein: IKZF3. Embedding size is (509, 384)
protein: HOXB5. Embedding size is (269, 384)
protein: ZNF160. Embedding size is (818, 384)
protein: ZNF251. Embedding size is (671, 384)
protein: ZNF367. Embedding size is (350, 384)
protein: SRY. Embedding size is (204, 384)
protein: ZFAT. Embedding size is (1243, 384)
protein: ZNF597. Embedding size is (424, 384)
protein: ZNF354C. Embedding size is (554, 384)
protein: ZNF792. Embedding size is (632, 384)
protein: ZFP30. Embedding size is (519, 384)
protein: ZNF121. Embedding size is (390, 384)
protein: NR5A2. Embedding size is (541, 384)
protein: LEF1. Embedding size is (399, 384)
protein: ZNF432. Embedding size is (652, 384)
protein: ZSCAN20. Embedding size is (1043, 384)
protein: RCOR2. Embedding size is (523, 384)
protein: GZF1. Embedding size is (711, 384)
protein: MZF1. Embedding size is (734, 384)
protein: ZNF155. Embedding size is (538, 384)
protein: ZNF79. Embedding size is (498, 384)
protein: ZNF664. Embedding size is (261, 384)
protein: ZNF24. Embedding size is (368, 384)
protein: ZSCAN25. Embedding size is (544, 384)
protein: KLF15. Embedding size is (416, 384)
protein: ZNF576. Embedding size is (170, 384)
protein: GATA2. Embedding size is (480, 384)
protein: ZNF124. Embedding size is (351, 384)
protein: ZKSCAN8. Embedding size is (578, 384)
protein: FOXA3. Embedding size is (350, 384)
protein: ZNF616. Embedding size is (781, 384)
protein: ZNF701. Embedding size is (531, 384)
protein: ATF6. Embedding size is (670, 384)
protein: GLMP. Embedding size is (406, 384)
protein: ZNF101. Embedding size is (436, 384)
protein: ZNF483. Embedding size is (744, 384)
protein: ZNF83. Embedding size is (516, 384)
protein: RUNX1. Embedding size is (453, 384)
protein: ZSCAN23. Embedding size is (389, 384)
protein: ZNF558. Embedding size is (402, 384)
protein: PRDM2. Embedding size is (1718, 384)
protein: KLF7. Embedding size is (302, 384)
protein: PBX1. Embedding size is (430, 384)
protein: EP300. Embedding size is (2414, 384)
protein: ZBED5. Embedding size is (693, 384)
protein: ZNF382. Embedding size is (550, 384)
protein: ZNF446. Embedding size is (450, 384)
protein: ZNF354B. Embedding size is (612, 384)
protein: ZNF879. Embedding size is (563, 384)
protein: HEYL. Embedding size is (328, 384)
protein: HOXA5. Embedding size is (270, 384)
protein: FOXK2. Embedding size is (660, 384)
protein: NEUROD1. Embedding size is (356, 384)
ZNF720: Q7Z2F6, had to match with uniprot id.
protein: ZNF720. Embedding size is (126, 384)
protein: HMGA2. Embedding size is (109, 384)
protein: SP110. Embedding size is (689, 384)
protein: NACC2. Embedding size is (587, 384)
protein: ZNF577. Embedding size is (485, 384)
protein: TSHZ2. Embedding size is (1034, 384)
protein: ZNF510. Embedding size is (683, 384)
protein: BCL6B. Embedding size is (479, 384)
protein: ZNF311. Embedding size is (666, 384)
KIAA2018: Q68DE3, had to match with uniprot id.
protein: KIAA2018. Embedding size is (2245, 384)
protein: ZEB1. Embedding size is (1124, 384)
protein: HOXA7. Embedding size is (230, 384)
protein: ZNF565. Embedding size is (539, 384)
protein: ZNF773. Embedding size is (442, 384)
protein: ZNF132. Embedding size is (706, 384)
protein: ZNF384. Embedding size is (577, 384)
protein: ZNF484. Embedding size is (852, 384)
protein: HOXA9. Embedding size is (272, 384)
protein: HOXB7. Embedding size is (217, 384)
protein: ZNF704. Embedding size is (412, 384)
protein: ZNF205. Embedding size is (554, 384)
protein: OVOL2. Embedding size is (275, 384)
protein: ZNF668. Embedding size is (619, 384)
protein: ZNF174. Embedding size is (407, 384)
protein: ZSCAN9. Embedding size is (394, 384)
protein: ZNF407. Embedding size is (2248, 384)
protein: ZBTB8A. Embedding size is (441, 384)
protein: ZNF41. Embedding size is (821, 384)
protein: ZNF518B. Embedding size is (1074, 384)
protein: TGIF2. Embedding size is (237, 384)
protein: ZNF12. Embedding size is (697, 384)
protein: ZBTB49. Embedding size is (765, 384)
protein: UBTF. Embedding size is (764, 384)
protein: THAP7. Embedding size is (309, 384)
protein: RERE. Embedding size is (1566, 384)
protein: GRHL1. Embedding size is (618, 384)
protein: ZIK1. Embedding size is (487, 384)
protein: ZNF585B. Embedding size is (769, 384)
ARNTL: O00327, had to match with uniprot id.
protein: ARNTL. Embedding size is (626, 384)
protein: TSC22D1. Embedding size is (1073, 384)
protein: ZBTB4. Embedding size is (1013, 384)
protein: ZNF527. Embedding size is (609, 384)
protein: ZNF275. Embedding size is (429, 384)
protein: BCLAF1. Embedding size is (920, 384)
protein: ZNF280A. Embedding size is (542, 384)
protein: FOXJ3. Embedding size is (622, 384)
protein: MECOM. Embedding size is (1230, 384)
protein: ZNF569. Embedding size is (686, 384)
protein: TCF12. Embedding size is (682, 384)
protein: ZNF677. Embedding size is (584, 384)
protein: ZNF697. Embedding size is (545, 384)
protein: FOXA2. Embedding size is (457, 384)
protein: ZNF586. Embedding size is (402, 384)
protein: ZFP3. Embedding size is (502, 384)
protein: ZNF347. Embedding size is (839, 384)
protein: TBP. Embedding size is (339, 384)
protein: ZNF503. Embedding size is (646, 384)
protein: ZNF146. Embedding size is (292, 384)
protein: ARID3A. Embedding size is (593, 384)
protein: ZNF567. Embedding size is (647, 384)
protein: FOXJ2. Embedding size is (574, 384)
protein: MYNN. Embedding size is (610, 384)
protein: ZNF740. Embedding size is (193, 384)
protein: ZNF614. Embedding size is (585, 384)
protein: ZNF556. Embedding size is (456, 384)
protein: SREBF1. Embedding size is (1147, 384)
protein: NR5A1. Embedding size is (461, 384)
protein: ZNF318. Embedding size is (2279, 384)
protein: ZNF157. Embedding size is (506, 384)
protein: SNAPC4. Embedding size is (1469, 384)
protein: HSF2. Embedding size is (536, 384)
protein: ZNF257. Embedding size is (563, 384)
protein: ZNF696. Embedding size is (374, 384)
protein: MLX. Embedding size is (298, 384)
protein: MBD1. Embedding size is (605, 384)
protein: KDM6A. Embedding size is (1401, 384)
protein: ZNF197. Embedding size is (1029, 384)
protein: ZBTB46. Embedding size is (589, 384)
protein: SIX4. Embedding size is (781, 384)
protein: KLF4. Embedding size is (513, 384)
protein: ZNF786. Embedding size is (782, 384)
protein: ZNF221. Embedding size is (617, 384)
protein: ZNF608. Embedding size is (1512, 384)
protein: ZNF404. Embedding size is (552, 384)
protein: ZNF234. Embedding size is (700, 384)
protein: EEA1. Embedding size is (1411, 384)
protein: ZNF112. Embedding size is (913, 384)
protein: ZZZ3. Embedding size is (903, 384)
protein: ESR1. Embedding size is (595, 384)
protein: ZNF570. Embedding size is (536, 384)
protein: MTF1. Embedding size is (753, 384)
protein: FUBP3. Embedding size is (572, 384)
protein: IKZF2. Embedding size is (526, 384)
protein: NFE2L2. Embedding size is (605, 384)
protein: ZNF408. Embedding size is (720, 384)
protein: ZBTB24. Embedding size is (697, 384)
protein: ZNF441. Embedding size is (693, 384)
protein: PBX2. Embedding size is (430, 384)
protein: CSRNP2. Embedding size is (543, 384)
protein: MTERF4. Embedding size is (381, 384)
protein: EMX1. Embedding size is (290, 384)
protein: TEAD2. Embedding size is (447, 384)
protein: ZNF264. Embedding size is (627, 384)
protein: TCF4. Embedding size is (667, 384)
protein: ZNF550. Embedding size is (422, 384)
protein: ZBTB39. Embedding size is (712, 384)
protein: ZNF672. Embedding size is (452, 384)
protein: HOXC10. Embedding size is (342, 384)
protein: DMTF1. Embedding size is (760, 384)
protein: ZFP90. Embedding size is (636, 384)
protein: TOPORS. Embedding size is (1045, 384)
protein: ZNF878. Embedding size is (531, 384)
protein: ZBTB3. Embedding size is (574, 384)
protein: PTTG1. Embedding size is (202, 384)
protein: TOX2. Embedding size is (488, 384)
protein: HOMEZ. Embedding size is (550, 384)
protein: ZNF678. Embedding size is (525, 384)
protein: TBX21. Embedding size is (535, 384)
protein: ZNF202. Embedding size is (648, 384)
protein: ZNF544. Embedding size is (715, 384)
ZFHX3 doesn't have embedding, returns an empty list
protein: SRF. Embedding size is (508, 384)
protein: ZNF17. Embedding size is (662, 384)
protein: HHEX. Embedding size is (270, 384)
protein: ETV4. Embedding size is (484, 384)
protein: ZSCAN12. Embedding size is (611, 384)
protein: TOX. Embedding size is (526, 384)
protein: ZFP1. Embedding size is (407, 384)
protein: BRF2. Embedding size is (419, 384)
protein: ZNF302. Embedding size is (478, 384)
protein: ZNF529. Embedding size is (563, 384)
protein: ZXDC. Embedding size is (858, 384)
protein: ZNF333. Embedding size is (665, 384)
protein: SNAPC5. Embedding size is (98, 384)
protein: ZBTB34. Embedding size is (500, 384)
protein: MEF2D. Embedding size is (521, 384)
protein: ZNF25. Embedding size is (456, 384)
protein: ESRRA. Embedding size is (423, 384)
protein: ZNF337. Embedding size is (751, 384)
protein: ZNF215. Embedding size is (517, 384)
protein: SIX1. Embedding size is (284, 384)
protein: ZNF562. Embedding size is (426, 384)
protein: CREB3. Embedding size is (371, 384)
protein: ZNF674. Embedding size is (581, 384)
protein: LBX2. Embedding size is (198, 384)
protein: ZNF695. Embedding size is (515, 384)
protein: ZNF671. Embedding size is (534, 384)
protein: SFPQ. Embedding size is (707, 384)
protein: ZNF248. Embedding size is (579, 384)
protein: ZNF430. Embedding size is (570, 384)
protein: ZNF646. Embedding size is (1832, 384)
protein: ZFP41. Embedding size is (198, 384)
In total: 145 files. Each file has 5000 dna embeddings
Traceback (most recent call last):
  File "generate_database_for_dna_and_protein_embedding.py", line 134, in <module>
    col = g2.apply(get_DNA_embedding, axis=1, kmer=kmer) 
  File "/new-stg/home/cong/miniconda3/envs/dpi/lib/python3.7/site-packages/pandas/core/frame.py", line 8740, in apply
    return op.apply()
  File "/new-stg/home/cong/miniconda3/envs/dpi/lib/python3.7/site-packages/pandas/core/apply.py", line 688, in apply
    return self.apply_standard()
  File "/new-stg/home/cong/miniconda3/envs/dpi/lib/python3.7/site-packages/pandas/core/apply.py", line 815, in apply_standard
    return self.wrap_results(results, res_index)
  File "/new-stg/home/cong/miniconda3/envs/dpi/lib/python3.7/site-packages/pandas/core/apply.py", line 841, in wrap_results
    return self.wrap_results_for_axis(results, res_index)
  File "/new-stg/home/cong/miniconda3/envs/dpi/lib/python3.7/site-packages/pandas/core/apply.py", line 983, in wrap_results_for_axis
    result = self.obj._constructor_sliced(results)
  File "/new-stg/home/cong/miniconda3/envs/dpi/lib/python3.7/site-packages/pandas/core/series.py", line 405, in __init__
    data, index = self._init_dict(data, index, dtype)
  File "/new-stg/home/cong/miniconda3/envs/dpi/lib/python3.7/site-packages/pandas/core/series.py", line 497, in _init_dict
    dtype_if_empty=np.float64,
  File "/new-stg/home/cong/miniconda3/envs/dpi/lib/python3.7/site-packages/pandas/core/construction.py", line 835, in create_series_with_explicit_dtype
    data=data, index=index, dtype=dtype, name=name, copy=copy, fastpath=fastpath
  File "/new-stg/home/cong/miniconda3/envs/dpi/lib/python3.7/site-packages/pandas/core/series.py", line 439, in __init__
    data = sanitize_array(data, index, dtype, copy)
  File "/new-stg/home/cong/miniconda3/envs/dpi/lib/python3.7/site-packages/pandas/core/construction.py", line 571, in sanitize_array
    subarr = maybe_convert_platform(data)
  File "/new-stg/home/cong/miniconda3/envs/dpi/lib/python3.7/site-packages/pandas/core/dtypes/cast.py", line 118, in maybe_convert_platform
    arr = construct_1d_object_array_from_listlike(values)
  File "/new-stg/home/cong/miniconda3/envs/dpi/lib/python3.7/site-packages/pandas/core/dtypes/cast.py", line 1990, in construct_1d_object_array_from_listlike
    result[:] = values
  File "/new-stg/home/cong/miniconda3/envs/dpi/lib/python3.7/site-packages/torch/_tensor.py", line 759, in __array__
    return self.numpy().astype(dtype, copy=False)
numpy.core._exceptions.MemoryError: Unable to allocate 2.97 MiB for an array with shape (507, 768) and data type object
