valid
['validdata', 'validxdata']
loaded data
(522390, 512, 4)
(522390, 880)
['validdata', 'validxdata']
loaded data
(253924, 512, 4)
(253924, 997)
number of zeroes: 311
number of ones: 320
Warning: Number of ones is greater than number of zeroes.
Label for ZNF777: 1
Label for ZNF646: 0
Label for ZNF425: 0
Label for ZSCAN12: 1
Label for ZNF790: 1
Label for CTCF: 0
Label for MYC: 1
Label for MLXIP: 1
Label for ELK4: 0
Label for FOXJ3: 0
Label for OVOL2: 0
Label for SRF: 1
Label for AR: 0
Label for SNAPC5: 1
Label for ZBED4: 1
Label for TFAP2B: 1
Label for ZNF302: 0
Label for ZNF124: 1
Label for ZSCAN5A: 1
Label for ZNF740: 0
Label for ZNF253: 1
Label for ZSCAN21: 1
Label for ZNF354B: 1
Label for ZFP91: 1
Label for FOSL1: 0
Label for CGGBP1: 0
Label for USF1: 1
Label for PRRX2: 0
Label for MTF1: 1
Label for ZNF221: 1
Label for ZNF605: 1
Label for ZMAT4: 0
Label for FOXA3: 1
Label for OTX2: 0
Label for ARID3A: 1
Label for SOX15: 0
Label for ZNF281: 1
Label for ZNF232: 1
Label for ELK1: 1
Label for TCF15: 0
Label for ID3: 0
Label for ZBTB43: 1
Label for ZNF121: 0
Label for TFAP4: 1
Label for ZNF143: 0
Label for ZNF563: 1
Label for STAT5B: 0
Label for ZHX2: 1
Label for ZFP30: 0
Label for ZBTB34: 1
Label for ARHGAP35: 1
Label for THAP12: 1
Label for CBFB: 0
Label for SMAD4: 1
Label for ZFY: 1
Label for MAZ: 1
Label for ZNF160: 0
Label for ATF4: 1
Label for ZNF778: 0
Label for ZNF8: 0
Label for DEAF1: 0
Label for TEAD1: 1
Label for SP1: 1
Label for ZNF816: 1
Label for MYNN: 0
Label for FOXA2: 1
Label for ZNF140: 0
Label for IFI16: 0
Label for ZBTB49: 0
Label for ATAD3A: 0
Label for HMG20A: 1
Label for POU6F1: 1
Label for PRDM10: 1
Label for SOX13: 0
Label for TEAD2: 1
Label for HNF4A: 0
Label for PATZ1: 0
Label for REST: 0
Label for PRDM15: 0
Label for ZBTB21: 0
Label for ELF1: 1
Label for TEAD4: 0
Label for LRRFIP1: 0
Label for TCF3: 1
Label for MEIS2: 0
Label for CDX4: 0
Label for ZNF212: 0
Label for ZNF695: 0
Label for FOSL2: 1
Label for ZBTB9: 1
Label for ZUFSP: 0
Label for ZNF331: 0
Label for TP53: 0
Label for ZNF12: 1
Label for ZNF532: 0
Label for FOXO4: 0
Label for FOXA1: 0
Label for NR5A1: 0
Label for ZHX3: 1
Label for TOX2: 0
Label for IRF1: 0
Label for ONECUT1: 0
Label for USF2: 0
Label for ZNF264: 1
Label for ZNF503: 1
Label for RELA: 0
Label for ZNF263: 0
Label for NFYB: 1
Label for TCFL5: 0
Label for MZF1: 0
Label for ZBTB10: 0
Label for KLF12: 1
Label for ZNF800: 1
Label for ZNF704: 1
Label for ZNF257: 0
Label for ESRRA: 0
Label for ZHX1: 1
Label for MLX: 0
Label for BACH2: 0
Label for E2F4: 1
Label for MLLT10: 0
Label for SIX1: 1
Label for CERS6: 0
Label for RREB1: 1
Label for NR3C1: 0
Label for TSC22D2: 1
Label for ZNF639: 0
Label for PREB: 1
Label for ADNP: 0
Label for ZNF347: 0
Label for SMAD3: 1
Label for ZNF608: 1
Label for CREB1: 1
Label for ZNF609: 1
Label for ZSCAN32: 0
Label for ESR1: 0
Label for NR2F1: 0
Label for SIX4: 1
Label for JUN: 1
Label for E2F1: 1
Label for GLMP: 0
Label for NFYA: 1
Label for ZNF841: 1
Label for BATF2: 1
Label for MYPOP: 1
Label for HOXA7: 0
Label for KLF10: 0
Label for HOXA10: 1
Label for CSRNP1: 1
Label for ATF1: 0
Label for IRX3: 1
Label for CC2D1A: 1
Label for RERE: 0
Label for ZFHX3: 0
Label for MEIS1: 1
Label for NACC2: 1
Label for TGIF2: 1
Label for ELF4: 0
Label for ZNF181: 1
Label for DDIT3: 0
Label for SP140L: 1
Label for ZBTB7B: 1
Label for TERF1: 1
Label for ZBTB14: 1
Label for EP300: 1
Label for TSC22D1: 1
Label for ZSCAN20: 0
Label for ATF6: 0
Label for TFDP2: 1
Label for ZNF142: 1
Label for IRF2: 0
Label for FOXK1: 1
Label for ZNF354C: 0
Label for NR2C2: 1
Label for ZNF430: 1
Label for EMX1: 0
Label for RORB: 0
Label for GRHL2: 0
Label for PRDM4: 0
Label for ZNF671: 0
Label for ZFAT: 1
Label for ISL1: 0
Label for ZNF396: 0
Label for ZNF138: 1
Label for ARID4B: 1
Label for MXD1: 1
Label for POU2F1: 1
Label for NFATC4: 0
Label for ZNF747: 1
Label for NR1H2: 0
Label for NRF1: 0
Label for STAT6: 1
Label for ZNF567: 0
Label for ATF3: 1
Label for CBX2: 1
Label for ZNF329: 1
Label for TRERF1: 0
Label for ZNF398: 0
Label for ZNF416: 0
Label for BHLHA15: 1
Label for THAP4: 1
Label for FBXL19: 1
Label for ZNF749: 1
Label for AFF4: 0
Label for AKNA: 1
Label for ZNF629: 1
Label for SALL1: 1
Label for HMGXB4: 1
Label for ZNF571: 0
Label for THRA: 1
Label for ZNF512: 0
Label for THAP7: 1
Label for ZBTB33: 1
Label for ZNF317: 1
Label for ZNF562: 0
Label for SMAD7: 1
Label for PROX1: 0
Label for RXRA: 1
Label for ZNF672: 0
Label for ZKSCAN8: 0
Label for DMTF1: 1
Label for ERG: 0
Label for ZNF219: 0
Label for ZNF184: 0
Label for ZNF75D: 0
Label for ZNF564: 1
Label for ZNF707: 1
Label for PPARD: 0
Label for POGK: 1
Label for ZMYM2: 0
Label for HEYL: 0
Label for OSR1: 0
Label for ZNF423: 1
Label for ESRRG: 0
Label for DLX4: 0
Label for ZNF449: 0
Label for ZNF699: 0
Label for SRY: 1
Label for TFCP2: 0
Label for TCF12: 0
Label for HIC2: 0
Label for ZNF546: 1
Label for ZNF724P: 0
Label for NFIB: 1
Label for ZNF865: 0
Label for SP110: 0
Label for ZBTB40: 1
Label for ELK3: 0
Label for TBPL1: 1
Label for ZNF561: 0
Label for ZNF251: 1
Label for ZSCAN18: 0
Label for MAX: 1
Label for FOXC1: 1
Label for ZNF511: 1
Label for IRF9: 1
Label for KLF15: 1
Label for GABPB1: 1
Label for CREM: 0
Label for ZFP90: 1
Label for ZNF431: 1
Label for ZNF277: 0
Label for ZNF275: 1
Label for ETV4: 0
Label for ZNF496: 1
Label for ETV6: 1
Label for LCOR: 1
Label for ZSCAN25: 1
Label for KLF16: 1
Label for TFDP1: 1
Label for ZNF589: 1
Label for E2F5: 1
Label for CSRNP2: 1
Label for CHCHD3: 1
Label for ZNF436: 0
Label for ZFP1: 0
Label for ZBTB11: 1
Label for MYBL2: 0
Label for DLX6: 0
Label for ZNF235: 0
Label for MGA: 1
Label for TOPORS: 1
Label for ZNF879: 1
Label for HOXA9: 1
Label for GATAD2B: 1
Label for ZBTB2: 1
Label for MTERF4: 1
Label for ZNF468: 1
Label for ZNF224: 1
Label for ZNF282: 0
Label for JUND: 0
Label for PAX8: 0
Label for ZMYM4: 1
Label for ZBTB20: 1
Label for ZNF850: 0
Label for CREBL2: 1
Label for FOXP4: 0
Label for ZNF23: 0
Label for PBX3: 0
Label for ZNF41: 1
Label for ZNF507: 0
Label for SALL2: 1
Label for ZNF83: 1
Label for ZNF296: 0
Label for ZNF292: 0
Label for ZNF484: 0
Label for ZNF7: 1
Label for SP4: 1
Label for HOXD1: 1
Label for BRF2: 1
Label for HOXC10: 0
Label for ZNF134: 0
Label for E2F8: 1
Label for ZNF133: 0
Label for ZNF18: 1
Label for TRIM24: 0
Label for ATF2: 0
Label for ZNF75A: 0
Label for OVOL1: 1
Label for ZIK1: 0
Label for ZNF670: 1
Label for ZNF217: 0
Label for ZNF70: 0
Label for CSRNP3: 0
Label for ZBTB4: 1
Label for ZBTB42: 1
Label for ZNF146: 1
Label for HOXB7: 0
Label for ZNF565: 0
Label for TFE3: 0
Label for ZNF57: 0
Label for ARNTL: 1
Label for ZNF551: 0
Label for SKIL: 0
Label for ZNF3: 0
Label for ZNF485: 1
Label for ZBTB17: 1
Label for LIN54: 1
Label for ZNF586: 0
Label for RFX7: 0
Label for TBP: 0
Label for ZNF713: 0
Label for TOX: 0
Label for AHDC1: 1
Label for ZSCAN22: 1
Label for ZNF660: 0
Label for ZNF174: 0
Label for ZFP37: 1
Label for PAXIP1: 1
Label for ZNF785: 0
Label for SNAI2: 0
Label for ZNF615: 1
Label for BCL6: 1
Label for HOXB5: 0
Label for ZNF574: 1
Label for ESRRB: 0
Label for TCF7L2: 1
Label for ZNF530: 0
Label for BCL3: 0
Label for ZNF788: 1
Label for ZNF827: 1
Label for ZNF782: 1
Label for ZSCAN29: 0
Label for CREB5: 0
Label for ZNF549: 0
Label for TBX2: 1
Label for GPN1: 0
Label for ZBTB3: 0
Label for TFAM: 0
Label for NR0B2: 1
Label for KLF6: 0
Label for ZNF215: 0
Label for GFI1: 1
Label for ZKSCAN5: 0
Label for ZNF607: 1
Label for ZNF687: 1
Label for ZNF408: 0
Label for ZNF460: 1
Label for HOXA5: 1
Label for HNF1A: 1
Label for HOXA3: 1
Label for HSF2: 0
Label for ZNF501: 1
Label for TIGD6: 1
Label for NR2F6: 0
Label for ZNF441: 1
Label for ONECUT2: 0
Label for HMGA2: 1
Label for CLOCK: 0
Label for HEY1: 0
Label for ZNF619: 1
Label for ZNF17: 0
Label for ZNF772: 1
Label for ZBTB8A: 0
Label for ISL2: 1
Label for ZNF79: 0
Label for ZNF490: 0
Label for ZNF710: 1
Label for ZNF548: 1
Label for ZNF343: 1
Label for LBX2: 1
Label for ZNF256: 1
Label for ZNF746: 1
Label for NFATC3: 1
Label for DBP: 0
Label for ZBTB24: 0
Label for GABPB2: 0
Label for ZNF526: 0
Label for ZNF318: 1
Label for ZNF513: 0
Label for GZF1: 1
Label for MBD1: 0
Label for RHOXF2B: 1
Label for RNF219: 1
Label for ZNF764: 0
Label for ZNF444: 0
Label for DZIP1: 1
Label for ZNF766: 1
Label for ZNF720: 0
Label for ARID3B: 0
Label for CEBPD: 0
Label for NRL: 1
Label for ZFP41: 1
Label for ZNF776: 1
Label for ZNF597: 0
Label for ZNF655: 0
Label for ZFP3: 1
Label for PBX1: 0
Label for EHF: 0
Label for HIVEP1: 1
Label for SNAI1: 0
Label for MAF1: 0
Label for ZFP14: 1
Label for E2F3: 0
Label for ZNF280B: 1
Label for ETS1: 1
Label for DMBX1: 0
Label for ZNF556: 0
Label for SATB2: 1
Label for ZNF10: 0
Label for TSHZ1: 0
Label for ZNF230: 1
Label for ZXDC: 1
Label for ZNF770: 1
Label for ZNF761: 1
Label for ZNF225: 0
Label for XBP1: 0
Label for ZNF382: 0
Label for ZNF510: 1
Label for FOXS1: 0
Label for ZNF543: 1
Label for SMAD9: 1
Label for ZFP62: 0
Label for ZC3H8: 0
Label for ZNF114: 0
Label for ZNF674: 0
Label for MSX2: 0
Label for SPDEF: 1
Label for TP63: 0
Label for ZNF624: 0
Label for ZNF319: 0
Label for ZNF239: 1
Label for ZNF76: 0
Label for ZNF570: 1
Label for ZNF691: 1
Label for HOMEZ: 0
Label for CEBPG: 0
Label for CREB3: 1
Label for ARNT2: 1
Label for ZBTB12: 0
Label for NFIX: 0
Label for ZNF780A: 1
Label for ZNF572: 1
Label for ZNF527: 1
Label for TCF7: 0
Label for ZNF696: 0
Label for RARG: 0
Label for ZNF414: 1
Label for ZNF407: 0
Label for ZNF700: 0
Label for PRDM1: 0
Label for ZNF737: 1
Label for SOX6: 1
Label for ZNF362: 1
Label for ZNF569: 0
Label for ETV5: 1
Label for BNC2: 0
Label for GLIS3: 0
Label for ATOH8: 0
Label for GLYR1: 1
Label for ZMAT5: 0
Label for ZNF180: 0
Label for ZFYVE20: 1
Label for FOXQ1: 1
Label for REL: 1
Label for BAZ2A: 1
Label for ZNF350: 1
Label for ZNF397: 0
Label for ZNF616: 0
Label for ZNF878: 1
Label for LCORL: 1
Label for GRHL1: 1
Label for ZSCAN31: 1
Label for MTERF2: 1
Label for HOXD13: 0
Label for PLSCR1: 0
Label for RORA: 0
Label for GPBP1L1: 0
Label for ZNF34: 0
Label for ZNF25: 1
Label for ZNF274: 1
Label for SP2: 1
Label for MEF2A: 0
Label for FOXO1: 1
Label for RBAK: 0
Label for RARB: 0
Label for TCF4: 0
Label for MAFG: 0
Label for RBPJ: 0
Label for TIGD3: 0
Label for ZNF668: 0
Label for ZFP82: 1
Label for THAP8: 0
Label for NFAT5: 0
Label for IRF5: 1
Label for NFE2: 0
Label for MNX1: 1
Label for KIAA2018: 0
Label for ZNF577: 0
Label for EEA1: 1
Label for ZNF333: 0
Label for GTF2I: 0
Label for ZMYM3: 1
Label for ZNF84: 1
Label for GMEB1: 1
Label for HNF1B: 1
Label for NR2E3: 0
Label for HMGXB3: 1
Label for ZNF101: 0
Label for HOXB13: 0
Label for E2F2: 0
Label for ZNF311: 0
Label for ZKSCAN3: 0
Label for FOXF2: 0
Label for ZNF445: 0
Label for ZNF583: 1
Label for ZNF678: 1
Label for ZNF165: 0
Label for FUBP1: 0
Label for NFKB2: 1
Label for ZNF276: 1
Label for ZNF697: 1
Label for PITX1: 1
Label for ZNF324: 0
Label for NR4A1: 1
Label for ZNF77: 0
Label for ZNF44: 1
Label for ZNF227: 0
Label for MECOM: 0
Label for ZNF709: 1
Label for ZNF432: 0
Label for ZBTB39: 1
Label for ZNF781: 0
Label for ZNF234: 1
Label for SREBF2: 0
Label for SNAPC4: 1
Label for ZNF518B: 0
Label for HNF4G: 0
Label for ZNF786: 1
Label for ZNF775: 1
Label for ZNF547: 0
Label for OTX1: 1
Label for KLF13: 1
Label for ZNF337: 1
Label for ZNF558: 1
Label for PHTF2: 0
Label for NFXL1: 0
Label for ZNF773: 1
Label for ZNF557: 1
Label for TEF: 1
Label for ZNF891: 1
Label for GATA2: 0
Label for ZNF367: 0
Label for UBTF: 1
Label for ZNF483: 1
Label for ZNF260: 0
Label for THAP9: 1
Label for CENPBD1: 1
Label for ATF5: 1
Label for ZNF383: 0
Label for NKX3-1: 1
Label for ZNF576: 1
Label for EGR1: 1
Label for SOX18: 1
Label for TRAFD1: 0
Label for HMG20B: 0
Label for TSHZ2: 0
Label for HINFP: 1
Label for FUBP3: 1
Label for PPARA: 0
Label for ZNF462: 0
Label for NR5A2: 0
Label for ZBTB37: 0
Label for ZBTB46: 0
Label for ZSCAN30: 1
Label for TBX18: 0
Label for ZNF717: 0
Label for ISX: 0
Label for ZNF883: 1
Label for ZNF280D: 1
Label for ZNF33A: 0
Label for ZNF33B: 0
Label for ZNF839: 0
Label for ZNF784: 1
Label for MEF2D: 1
Label for SMAD1: 1
Label for ZNF512B: 0
Label for ZBTB44: 1
Label for ELF2: 1
Label for ZNF552: 1
Label for E4F1: 0
Label for ZNF20: 0
Label for IKZF4: 1
Label for ZNF550: 0
Label for ZZZ3: 1
Label for ZNF446: 1
Label for GLI4: 1
Label for SFPQ: 1
Label for ZNF30: 1
Label for ARID4A: 1
Label for ARID5B: 1
number of zeroes: 81
number of ones: 550
Warning: Number of ones is greater than number of zeroes.
Label for ZNF777: 1
Label for ZNF646: 1
Label for ZNF425: 1
Label for ZSCAN12: 1
Label for ZNF790: 1
Label for CTCF: 0
Label for MYC: 1
Label for MLXIP: 1
Label for ELK4: 1
Label for FOXJ3: 1
Label for OVOL2: 0
Label for SRF: 1
Label for AR: 1
Label for SNAPC5: 1
Label for ZBED4: 1
Label for TFAP2B: 0
Label for ZNF302: 1
Label for ZNF124: 1
Label for ZSCAN5A: 1
Label for ZNF740: 1
Label for ZNF253: 1
Label for ZSCAN21: 1
Label for ZNF354B: 1
Label for ZFP91: 1
Label for FOSL1: 0
Label for CGGBP1: 0
Label for USF1: 1
Label for PRRX2: 0
Label for MTF1: 1
Label for ZNF221: 1
Label for ZNF605: 1
Label for ZMAT4: 0
Label for FOXA3: 1
Label for OTX2: 1
Label for ARID3A: 1
Label for SOX15: 0
Label for ZNF281: 1
Label for ZNF232: 1
Label for ELK1: 1
Label for TCF15: 1
Label for ID3: 0
Label for ZBTB43: 1
Label for ZNF121: 1
Label for TFAP4: 1
Label for ZNF143: 1
Label for ZNF563: 1
Label for STAT5B: 1
Label for ZHX2: 1
Label for ZFP30: 1
Label for ZBTB34: 1
Label for ARHGAP35: 1
Label for THAP12: 0
Label for CBFB: 1
Label for SMAD4: 1
Label for ZFY: 1
Label for MAZ: 1
Label for ZNF160: 1
Label for ATF4: 1
Label for ZNF778: 1
Label for ZNF8: 1
Label for DEAF1: 0
Label for TEAD1: 1
Label for SP1: 1
Label for ZNF816: 1
Label for MYNN: 1
Label for FOXA2: 1
Label for ZNF140: 1
Label for IFI16: 1
Label for ZBTB49: 1
Label for ATAD3A: 1
Label for HMG20A: 1
Label for POU6F1: 1
Label for PRDM10: 1
Label for SOX13: 0
Label for TEAD2: 1
Label for HNF4A: 1
Label for PATZ1: 1
Label for REST: 1
Label for PRDM15: 1
Label for ZBTB21: 1
Label for ELF1: 1
Label for TEAD4: 1
Label for LRRFIP1: 1
Label for TCF3: 1
Label for MEIS2: 1
Label for CDX4: 0
Label for ZNF212: 1
Label for ZNF695: 0
Label for FOSL2: 1
Label for ZBTB9: 1
Label for ZUFSP: 1
Label for ZNF331: 1
Label for TP53: 1
Label for ZNF12: 1
Label for ZNF532: 1
Label for FOXO4: 1
Label for FOXA1: 1
Label for NR5A1: 1
Label for ZHX3: 1
Label for TOX2: 0
Label for IRF1: 1
Label for ONECUT1: 1
Label for USF2: 1
Label for ZNF264: 1
Label for ZNF503: 1
Label for RELA: 1
Label for ZNF263: 1
Label for NFYB: 1
Label for TCFL5: 1
Label for MZF1: 1
Label for ZBTB10: 1
Label for KLF12: 1
Label for ZNF800: 1
Label for ZNF704: 1
Label for ZNF257: 1
Label for ESRRA: 1
Label for ZHX1: 1
Label for MLX: 1
Label for BACH2: 1
Label for E2F4: 1
Label for MLLT10: 1
Label for SIX1: 1
Label for CERS6: 1
Label for RREB1: 1
Label for NR3C1: 1
Label for TSC22D2: 1
Label for ZNF639: 1
Label for PREB: 1
Label for ADNP: 0
Label for ZNF347: 0
Label for SMAD3: 1
Label for ZNF608: 1
Label for CREB1: 1
Label for ZNF609: 1
Label for ZSCAN32: 0
Label for ESR1: 0
Label for NR2F1: 1
Label for SIX4: 1
Label for JUN: 1
Label for E2F1: 1
Label for GLMP: 1
Label for NFYA: 1
Label for ZNF841: 1
Label for BATF2: 1
Label for MYPOP: 1
Label for HOXA7: 1
Label for KLF10: 0
Label for HOXA10: 1
Label for CSRNP1: 1
Label for ATF1: 1
Label for IRX3: 1
Label for CC2D1A: 1
Label for RERE: 1
Label for ZFHX3: 1
Label for MEIS1: 1
Label for NACC2: 1
Label for TGIF2: 1
Label for ELF4: 1
Label for ZNF181: 1
Label for DDIT3: 1
Label for SP140L: 1
Label for ZBTB7B: 1
Label for TERF1: 1
Label for ZBTB14: 1
Label for EP300: 1
Label for TSC22D1: 1
Label for ZSCAN20: 1
Label for ATF6: 1
Label for TFDP2: 1
Label for ZNF142: 1
Label for IRF2: 1
Label for FOXK1: 1
Label for ZNF354C: 1
Label for NR2C2: 1
Label for ZNF430: 1
Label for EMX1: 1
Label for RORB: 0
Label for GRHL2: 0
Label for PRDM4: 1
Label for ZNF671: 1
Label for ZFAT: 1
Label for ISL1: 1
Label for ZNF396: 1
Label for ZNF138: 1
Label for ARID4B: 1
Label for MXD1: 1
Label for POU2F1: 1
Label for NFATC4: 1
Label for ZNF747: 1
Label for NR1H2: 1
Label for NRF1: 0
Label for STAT6: 1
Label for ZNF567: 1
Label for ATF3: 1
Label for CBX2: 1
Label for ZNF329: 1
Label for TRERF1: 0
Label for ZNF398: 0
Label for ZNF416: 1
Label for BHLHA15: 1
Label for THAP4: 1
Label for FBXL19: 1
Label for ZNF749: 1
Label for AFF4: 1
Label for AKNA: 1
Label for ZNF629: 1
Label for SALL1: 1
Label for HMGXB4: 1
Label for ZNF571: 1
Label for THRA: 1
Label for ZNF512: 1
Label for THAP7: 1
Label for ZBTB33: 1
Label for ZNF317: 1
Label for ZNF562: 1
Label for SMAD7: 1
Label for PROX1: 0
Label for RXRA: 1
Label for ZNF672: 1
Label for ZKSCAN8: 1
Label for DMTF1: 1
Label for ERG: 1
Label for ZNF219: 1
Label for ZNF184: 1
Label for ZNF75D: 1
Label for ZNF564: 1
Label for ZNF707: 1
Label for PPARD: 1
Label for POGK: 1
Label for ZMYM2: 1
Label for HEYL: 1
Label for OSR1: 1
Label for ZNF423: 0
Label for ESRRG: 1
Label for DLX4: 0
Label for ZNF449: 1
Label for ZNF699: 0
Label for SRY: 1
Label for TFCP2: 1
Label for TCF12: 1
Label for HIC2: 1
Label for ZNF546: 1
Label for ZNF724P: 1
Label for NFIB: 1
Label for ZNF865: 1
Label for SP110: 1
Label for ZBTB40: 1
Label for ELK3: 0
Label for TBPL1: 0
Label for ZNF561: 0
Label for ZNF251: 1
Label for ZSCAN18: 1
Label for MAX: 1
Label for FOXC1: 1
Label for ZNF511: 1
Label for IRF9: 1
Label for KLF15: 1
Label for GABPB1: 1
Label for CREM: 1
Label for ZFP90: 1
Label for ZNF431: 1
Label for ZNF277: 0
Label for ZNF275: 1
Label for ETV4: 1
Label for ZNF496: 1
Label for ETV6: 1
Label for LCOR: 1
Label for ZSCAN25: 1
Label for KLF16: 1
Label for TFDP1: 1
Label for ZNF589: 1
Label for E2F5: 1
Label for CSRNP2: 1
Label for CHCHD3: 1
Label for ZNF436: 0
Label for ZFP1: 1
Label for ZBTB11: 1
Label for MYBL2: 1
Label for DLX6: 1
Label for ZNF235: 1
Label for MGA: 1
Label for TOPORS: 1
Label for ZNF879: 1
Label for HOXA9: 1
Label for GATAD2B: 0
Label for ZBTB2: 1
Label for MTERF4: 1
Label for ZNF468: 1
Label for ZNF224: 1
Label for ZNF282: 1
Label for JUND: 1
Label for PAX8: 1
Label for ZMYM4: 1
Label for ZBTB20: 1
Label for ZNF850: 1
Label for CREBL2: 1
Label for FOXP4: 1
Label for ZNF23: 1
Label for PBX3: 1
Label for ZNF41: 1
Label for ZNF507: 1
Label for SALL2: 1
Label for ZNF83: 1
Label for ZNF296: 1
Label for ZNF292: 0
Label for ZNF484: 1
Label for ZNF7: 1
Label for SP4: 1
Label for HOXD1: 1
Label for BRF2: 1
Label for HOXC10: 1
Label for ZNF134: 1
Label for E2F8: 1
Label for ZNF133: 0
Label for ZNF18: 1
Label for TRIM24: 1
Label for ATF2: 1
Label for ZNF75A: 0
Label for OVOL1: 1
Label for ZIK1: 1
Label for ZNF670: 1
Label for ZNF217: 1
Label for ZNF70: 1
Label for CSRNP3: 1
Label for ZBTB4: 1
Label for ZBTB42: 1
Label for ZNF146: 1
Label for HOXB7: 1
Label for ZNF565: 1
Label for TFE3: 1
Label for ZNF57: 1
Label for ARNTL: 1
Label for ZNF551: 0
Label for SKIL: 1
Label for ZNF3: 0
Label for ZNF485: 1
Label for ZBTB17: 1
Label for LIN54: 1
Label for ZNF586: 0
Label for RFX7: 0
Label for TBP: 0
Label for ZNF713: 1
Label for TOX: 0
Label for AHDC1: 1
Label for ZSCAN22: 1
Label for ZNF660: 1
Label for ZNF174: 1
Label for ZFP37: 1
Label for PAXIP1: 1
Label for ZNF785: 0
Label for SNAI2: 1
Label for ZNF615: 1
Label for BCL6: 1
Label for HOXB5: 1
Label for ZNF574: 1
Label for ESRRB: 0
Label for TCF7L2: 1
Label for ZNF530: 1
Label for BCL3: 1
Label for ZNF788: 1
Label for ZNF827: 1
Label for ZNF782: 1
Label for ZSCAN29: 1
Label for CREB5: 1
Label for ZNF549: 1
Label for TBX2: 1
Label for GPN1: 1
Label for ZBTB3: 1
Label for TFAM: 0
Label for NR0B2: 1
Label for KLF6: 1
Label for ZNF215: 1
Label for GFI1: 1
Label for ZKSCAN5: 1
Label for ZNF607: 1
Label for ZNF687: 1
Label for ZNF408: 0
Label for ZNF460: 1
Label for HOXA5: 1
Label for HNF1A: 1
Label for HOXA3: 1
Label for HSF2: 1
Label for ZNF501: 1
Label for TIGD6: 1
Label for NR2F6: 1
Label for ZNF441: 1
Label for ONECUT2: 0
Label for HMGA2: 1
Label for CLOCK: 0
Label for HEY1: 1
Label for ZNF619: 1
Label for ZNF17: 1
Label for ZNF772: 1
Label for ZBTB8A: 1
Label for ISL2: 1
Label for ZNF79: 1
Label for ZNF490: 1
Label for ZNF710: 1
Label for ZNF548: 1
Label for ZNF343: 1
Label for LBX2: 1
Label for ZNF256: 1
Label for ZNF746: 1
Label for NFATC3: 1
Label for DBP: 1
Label for ZBTB24: 1
Label for GABPB2: 0
Label for ZNF526: 1
Label for ZNF318: 1
Label for ZNF513: 0
Label for GZF1: 1
Label for MBD1: 0
Label for RHOXF2B: 1
Label for RNF219: 1
Label for ZNF764: 0
Label for ZNF444: 0
Label for DZIP1: 1
Label for ZNF766: 1
Label for ZNF720: 1
Label for ARID3B: 1
Label for CEBPD: 1
Label for NRL: 1
Label for ZFP41: 1
Label for ZNF776: 1
Label for ZNF597: 0
Label for ZNF655: 0
Label for ZFP3: 1
Label for PBX1: 1
Label for EHF: 1
Label for HIVEP1: 1
Label for SNAI1: 1
Label for MAF1: 1
Label for ZFP14: 1
Label for E2F3: 1
Label for ZNF280B: 1
Label for ETS1: 1
Label for DMBX1: 1
Label for ZNF556: 1
Label for SATB2: 1
Label for ZNF10: 0
Label for TSHZ1: 0
Label for ZNF230: 1
Label for ZXDC: 1
Label for ZNF770: 1
Label for ZNF761: 1
Label for ZNF225: 1
Label for XBP1: 1
Label for ZNF382: 1
Label for ZNF510: 1
Label for FOXS1: 1
Label for ZNF543: 1
Label for SMAD9: 1
Label for ZFP62: 0
Label for ZC3H8: 1
Label for ZNF114: 1
Label for ZNF674: 1
Label for MSX2: 1
Label for SPDEF: 1
Label for TP63: 0
Label for ZNF624: 1
Label for ZNF319: 0
Label for ZNF239: 1
Label for ZNF76: 1
Label for ZNF570: 1
Label for ZNF691: 1
Label for HOMEZ: 1
Label for CEBPG: 1
Label for CREB3: 1
Label for ARNT2: 1
Label for ZBTB12: 1
Label for NFIX: 0
Label for ZNF780A: 1
Label for ZNF572: 1
Label for ZNF527: 1
Label for TCF7: 1
Label for ZNF696: 0
Label for RARG: 1
Label for ZNF414: 1
Label for ZNF407: 1
Label for ZNF700: 0
Label for PRDM1: 1
Label for ZNF737: 1
Label for SOX6: 1
Label for ZNF362: 1
Label for ZNF569: 1
Label for ETV5: 1
Label for BNC2: 1
Label for GLIS3: 1
Label for ATOH8: 1
Label for GLYR1: 1
Label for ZMAT5: 1
Label for ZNF180: 1
Label for ZFYVE20: 1
Label for FOXQ1: 1
Label for REL: 1
Label for BAZ2A: 1
Label for ZNF350: 1
Label for ZNF397: 0
Label for ZNF616: 1
Label for ZNF878: 1
Label for LCORL: 1
Label for GRHL1: 1
Label for ZSCAN31: 1
Label for MTERF2: 1
Label for HOXD13: 1
Label for PLSCR1: 1
Label for RORA: 1
Label for GPBP1L1: 0
Label for ZNF34: 1
Label for ZNF25: 1
Label for ZNF274: 1
Label for SP2: 1
Label for MEF2A: 1
Label for FOXO1: 1
Label for RBAK: 1
Label for RARB: 1
Label for TCF4: 1
Label for MAFG: 1
Label for RBPJ: 0
Label for TIGD3: 1
Label for ZNF668: 1
Label for ZFP82: 1
Label for THAP8: 1
Label for NFAT5: 1
Label for IRF5: 1
Label for NFE2: 1
Label for MNX1: 1
Label for KIAA2018: 1
Label for ZNF577: 1
Label for EEA1: 1
Label for ZNF333: 1
Label for GTF2I: 0
Label for ZMYM3: 1
Label for ZNF84: 1
Label for GMEB1: 1
Label for HNF1B: 1
Label for NR2E3: 1
Label for HMGXB3: 1
Label for ZNF101: 1
Label for HOXB13: 1
Label for E2F2: 1
Label for ZNF311: 1
Label for ZKSCAN3: 0
Label for FOXF2: 1
Label for ZNF445: 0
Label for ZNF583: 1
Label for ZNF678: 1
Label for ZNF165: 0
Label for FUBP1: 0
Label for NFKB2: 1
Label for ZNF276: 1
Label for ZNF697: 1
Label for PITX1: 1
Label for ZNF324: 1
Label for NR4A1: 1
Label for ZNF77: 0
Label for ZNF44: 1
Label for ZNF227: 0
Label for MECOM: 1
Label for ZNF709: 1
Label for ZNF432: 1
Label for ZBTB39: 1
Label for ZNF781: 1
Label for ZNF234: 1
Label for SREBF2: 1
Label for SNAPC4: 1
Label for ZNF518B: 0
Label for HNF4G: 1
Label for ZNF786: 1
Label for ZNF775: 1
Label for ZNF547: 1
Label for OTX1: 1
Label for KLF13: 1
Label for ZNF337: 1
Label for ZNF558: 1
Label for PHTF2: 0
Label for NFXL1: 1
Label for ZNF773: 1
Label for ZNF557: 1
Label for TEF: 1
Label for ZNF891: 1
Label for GATA2: 1
Label for ZNF367: 1
Label for UBTF: 1
Label for ZNF483: 1
Label for ZNF260: 0
Label for THAP9: 1
Label for CENPBD1: 1
Label for ATF5: 1
Label for ZNF383: 1
Label for NKX3-1: 1
Label for ZNF576: 1
Label for EGR1: 1
Label for SOX18: 1
Label for TRAFD1: 1
Label for HMG20B: 0
Label for TSHZ2: 1
Label for HINFP: 1
Label for FUBP3: 1
Label for PPARA: 1
Label for ZNF462: 1
Label for NR5A2: 1
Label for ZBTB37: 1
Label for ZBTB46: 1
Label for ZSCAN30: 1
Label for TBX18: 1
Label for ZNF717: 0
Label for ISX: 1
Label for ZNF883: 1
Label for ZNF280D: 1
Label for ZNF33A: 1
Label for ZNF33B: 1
Label for ZNF839: 1
Label for ZNF784: 1
Label for MEF2D: 1
Label for SMAD1: 1
Label for ZNF512B: 1
Label for ZBTB44: 1
Label for ELF2: 1
Label for ZNF552: 1
Label for E4F1: 0
Label for ZNF20: 1
Label for IKZF4: 1
Label for ZNF550: 1
Label for ZZZ3: 1
Label for ZNF446: 1
Label for GLI4: 1
Label for SFPQ: 1
Label for ZNF30: 1
Label for ARID4A: 1
Label for ARID5B: 1
number of zeroes: 311
number of ones: 320
Warning: Number of ones is greater than number of zeroes.
Label for ZNF777: 1
Label for ZNF646: 0
Label for ZNF425: 0
Label for ZSCAN12: 1
Label for ZNF790: 1
Label for CTCF: 0
Label for MYC: 1
Label for MLXIP: 1
Label for ELK4: 0
Label for FOXJ3: 0
Label for OVOL2: 0
Label for SRF: 1
Label for AR: 0
Label for SNAPC5: 1
Label for ZBED4: 1
Label for TFAP2B: 1
Label for ZNF302: 0
Label for ZNF124: 1
Label for ZSCAN5A: 1
Label for ZNF740: 0
Label for ZNF253: 1
Label for ZSCAN21: 1
Label for ZNF354B: 1
Label for ZFP91: 1
Label for FOSL1: 0
Label for CGGBP1: 0
Label for USF1: 1
Label for PRRX2: 0
Label for MTF1: 1
Label for ZNF221: 1
Label for ZNF605: 1
Label for ZMAT4: 0
Label for FOXA3: 1
Label for OTX2: 0
Label for ARID3A: 1
Label for SOX15: 0
Label for ZNF281: 1
Label for ZNF232: 1
Label for ELK1: 1
Label for TCF15: 0
Label for ID3: 0
Label for ZBTB43: 1
Label for ZNF121: 0
Label for TFAP4: 1
Label for ZNF143: 0
Label for ZNF563: 1
Label for STAT5B: 0
Label for ZHX2: 1
Label for ZFP30: 0
Label for ZBTB34: 1
Label for ARHGAP35: 1
Label for THAP12: 1
Label for CBFB: 0
Label for SMAD4: 1
Label for ZFY: 1
Label for MAZ: 1
Label for ZNF160: 0
Label for ATF4: 1
Label for ZNF778: 0
Label for ZNF8: 0
Label for DEAF1: 0
Label for TEAD1: 1
Label for SP1: 1
Label for ZNF816: 1
Label for MYNN: 0
Label for FOXA2: 1
Label for ZNF140: 0
Label for IFI16: 0
Label for ZBTB49: 0
Label for ATAD3A: 0
Label for HMG20A: 1
Label for POU6F1: 1
Label for PRDM10: 1
Label for SOX13: 0
Label for TEAD2: 1
Label for HNF4A: 0
Label for PATZ1: 0
Label for REST: 0
Label for PRDM15: 0
Label for ZBTB21: 0
Label for ELF1: 1
Label for TEAD4: 0
Label for LRRFIP1: 0
Label for TCF3: 1
Label for MEIS2: 0
Label for CDX4: 0
Label for ZNF212: 0
Label for ZNF695: 0
Label for FOSL2: 1
Label for ZBTB9: 1
Label for ZUFSP: 0
Label for ZNF331: 0
Label for TP53: 0
Label for ZNF12: 1
Label for ZNF532: 0
Label for FOXO4: 0
Label for FOXA1: 0
Label for NR5A1: 0
Label for ZHX3: 1
Label for TOX2: 0
Label for IRF1: 0
Label for ONECUT1: 0
Label for USF2: 0
Label for ZNF264: 1
Label for ZNF503: 1
Label for RELA: 0
Label for ZNF263: 0
Label for NFYB: 1
Label for TCFL5: 0
Label for MZF1: 0
Label for ZBTB10: 0
Label for KLF12: 1
Label for ZNF800: 1
Label for ZNF704: 1
Label for ZNF257: 0
Label for ESRRA: 0
Label for ZHX1: 1
Label for MLX: 0
Label for BACH2: 0
Label for E2F4: 1
Label for MLLT10: 0
Label for SIX1: 1
Label for CERS6: 0
Label for RREB1: 1
Label for NR3C1: 0
Label for TSC22D2: 1
Label for ZNF639: 0
Label for PREB: 1
Label for ADNP: 0
Label for ZNF347: 0
Label for SMAD3: 1
Label for ZNF608: 1
Label for CREB1: 1
Label for ZNF609: 1
Label for ZSCAN32: 0
Label for ESR1: 0
Label for NR2F1: 0
Label for SIX4: 1
Label for JUN: 1
Label for E2F1: 1
Label for GLMP: 0
Label for NFYA: 1
Label for ZNF841: 1
Label for BATF2: 1
Label for MYPOP: 1
Label for HOXA7: 0
Label for KLF10: 0
Label for HOXA10: 1
Label for CSRNP1: 1
Label for ATF1: 0
Label for IRX3: 1
Label for CC2D1A: 1
Label for RERE: 0
Label for ZFHX3: 0
Label for MEIS1: 1
Label for NACC2: 1
Label for TGIF2: 1
Label for ELF4: 0
Label for ZNF181: 1
Label for DDIT3: 0
Label for SP140L: 1
Label for ZBTB7B: 1
Label for TERF1: 1
Label for ZBTB14: 1
Label for EP300: 1
Label for TSC22D1: 1
Label for ZSCAN20: 0
Label for ATF6: 0
Label for TFDP2: 1
Label for ZNF142: 1
Label for IRF2: 0
Label for FOXK1: 1
Label for ZNF354C: 0
Label for NR2C2: 1
Label for ZNF430: 1
Label for EMX1: 0
Label for RORB: 0
Label for GRHL2: 0
Label for PRDM4: 0
Label for ZNF671: 0
Label for ZFAT: 1
Label for ISL1: 0
Label for ZNF396: 0
Label for ZNF138: 1
Label for ARID4B: 1
Label for MXD1: 1
Label for POU2F1: 1
Label for NFATC4: 0
Label for ZNF747: 1
Label for NR1H2: 0
Label for NRF1: 0
Label for STAT6: 1
Label for ZNF567: 0
Label for ATF3: 1
Label for CBX2: 1
Label for ZNF329: 1
Label for TRERF1: 0
Label for ZNF398: 0
Label for ZNF416: 0
Label for BHLHA15: 1
Label for THAP4: 1
Label for FBXL19: 1
Label for ZNF749: 1
Label for AFF4: 0
Label for AKNA: 1
Label for ZNF629: 1
Label for SALL1: 1
Label for HMGXB4: 1
Label for ZNF571: 0
Label for THRA: 1
Label for ZNF512: 0
Label for THAP7: 1
Label for ZBTB33: 1
Label for ZNF317: 1
Label for ZNF562: 0
Label for SMAD7: 1
Label for PROX1: 0
Label for RXRA: 1
Label for ZNF672: 0
Label for ZKSCAN8: 0
Label for DMTF1: 1
Label for ERG: 0
Label for ZNF219: 0
Label for ZNF184: 0
Label for ZNF75D: 0
Label for ZNF564: 1
Label for ZNF707: 1
Label for PPARD: 0
Label for POGK: 1
Label for ZMYM2: 0
Label for HEYL: 0
Label for OSR1: 0
Label for ZNF423: 1
Label for ESRRG: 0
Label for DLX4: 0
Label for ZNF449: 0
Label for ZNF699: 0
Label for SRY: 1
Label for TFCP2: 0
Label for TCF12: 0
Label for HIC2: 0
Label for ZNF546: 1
Label for ZNF724P: 0
Label for NFIB: 1
Label for ZNF865: 0
Label for SP110: 0
Label for ZBTB40: 1
Label for ELK3: 0
Label for TBPL1: 1
Label for ZNF561: 0
Label for ZNF251: 1
Label for ZSCAN18: 0
Label for MAX: 1
Label for FOXC1: 1
Label for ZNF511: 1
Label for IRF9: 1
Label for KLF15: 1
Label for GABPB1: 1
Label for CREM: 0
Label for ZFP90: 1
Label for ZNF431: 1
Label for ZNF277: 0
Label for ZNF275: 1
Label for ETV4: 0
Label for ZNF496: 1
Label for ETV6: 1
Label for LCOR: 1
Label for ZSCAN25: 1
Label for KLF16: 1
Label for TFDP1: 1
Label for ZNF589: 1
Label for E2F5: 1
Label for CSRNP2: 1
Label for CHCHD3: 1
Label for ZNF436: 0
Label for ZFP1: 0
Label for ZBTB11: 1
Label for MYBL2: 0
Label for DLX6: 0
Label for ZNF235: 0
Label for MGA: 1
Label for TOPORS: 1
Label for ZNF879: 1
Label for HOXA9: 1
Label for GATAD2B: 1
Label for ZBTB2: 1
Label for MTERF4: 1
Label for ZNF468: 1
Label for ZNF224: 1
Label for ZNF282: 0
Label for JUND: 0
Label for PAX8: 0
Label for ZMYM4: 1
Label for ZBTB20: 1
Label for ZNF850: 0
Label for CREBL2: 1
Label for FOXP4: 0
Label for ZNF23: 0
Label for PBX3: 0
Label for ZNF41: 1
Label for ZNF507: 0
Label for SALL2: 1
Label for ZNF83: 1
Label for ZNF296: 0
Label for ZNF292: 0
Label for ZNF484: 0
Label for ZNF7: 1
Label for SP4: 1
Label for HOXD1: 1
Label for BRF2: 1
Label for HOXC10: 0
Label for ZNF134: 0
Label for E2F8: 1
Label for ZNF133: 0
Label for ZNF18: 1
Label for TRIM24: 0
Label for ATF2: 0
Label for ZNF75A: 0
Label for OVOL1: 1
Label for ZIK1: 0
Label for ZNF670: 1
Label for ZNF217: 0
Label for ZNF70: 0
Label for CSRNP3: 0
Label for ZBTB4: 1
Label for ZBTB42: 1
Label for ZNF146: 1
Label for HOXB7: 0
Label for ZNF565: 0
Label for TFE3: 0
Label for ZNF57: 0
Label for ARNTL: 1
Label for ZNF551: 0
Label for SKIL: 0
Label for ZNF3: 0
Label for ZNF485: 1
Label for ZBTB17: 1
Label for LIN54: 1
Label for ZNF586: 0
Label for RFX7: 0
Label for TBP: 0
Label for ZNF713: 0
Label for TOX: 0
Label for AHDC1: 1
Label for ZSCAN22: 1
Label for ZNF660: 0
Label for ZNF174: 0
Label for ZFP37: 1
Label for PAXIP1: 1
Label for ZNF785: 0
Label for SNAI2: 0
Label for ZNF615: 1
Label for BCL6: 1
Label for HOXB5: 0
Label for ZNF574: 1
Label for ESRRB: 0
Label for TCF7L2: 1
Label for ZNF530: 0
Label for BCL3: 0
Label for ZNF788: 1
Label for ZNF827: 1
Label for ZNF782: 1
Label for ZSCAN29: 0
Label for CREB5: 0
Label for ZNF549: 0
Label for TBX2: 1
Label for GPN1: 0
Label for ZBTB3: 0
Label for TFAM: 0
Label for NR0B2: 1
Label for KLF6: 0
Label for ZNF215: 0
Label for GFI1: 1
Label for ZKSCAN5: 0
Label for ZNF607: 1
Label for ZNF687: 1
Label for ZNF408: 0
Label for ZNF460: 1
Label for HOXA5: 1
Label for HNF1A: 1
Label for HOXA3: 1
Label for HSF2: 0
Label for ZNF501: 1
Label for TIGD6: 1
Label for NR2F6: 0
Label for ZNF441: 1
Label for ONECUT2: 0
Label for HMGA2: 1
Label for CLOCK: 0
Label for HEY1: 0
Label for ZNF619: 1
Label for ZNF17: 0
Label for ZNF772: 1
Label for ZBTB8A: 0
Label for ISL2: 1
Label for ZNF79: 0
Label for ZNF490: 0
Label for ZNF710: 1
Label for ZNF548: 1
Label for ZNF343: 1
Label for LBX2: 1
Label for ZNF256: 1
Label for ZNF746: 1
Label for NFATC3: 1
Label for DBP: 0
Label for ZBTB24: 0
Label for GABPB2: 0
Label for ZNF526: 0
Label for ZNF318: 1
Label for ZNF513: 0
Label for GZF1: 1
Label for MBD1: 0
Label for RHOXF2B: 1
Label for RNF219: 1
Label for ZNF764: 0
Label for ZNF444: 0
Label for DZIP1: 1
Label for ZNF766: 1
Label for ZNF720: 0
Label for ARID3B: 0
Label for CEBPD: 0
Label for NRL: 1
Label for ZFP41: 1
Label for ZNF776: 1
Label for ZNF597: 0
Label for ZNF655: 0
Label for ZFP3: 1
Label for PBX1: 0
Label for EHF: 0
Label for HIVEP1: 1
Label for SNAI1: 0
Label for MAF1: 0
Label for ZFP14: 1
Label for E2F3: 0
Label for ZNF280B: 1
Label for ETS1: 1
Label for DMBX1: 0
Label for ZNF556: 0
Label for SATB2: 1
Label for ZNF10: 0
Label for TSHZ1: 0
Label for ZNF230: 1
Label for ZXDC: 1
Label for ZNF770: 1
Label for ZNF761: 1
Label for ZNF225: 0
Label for XBP1: 0
Label for ZNF382: 0
Label for ZNF510: 1
Label for FOXS1: 0
Label for ZNF543: 1
Label for SMAD9: 1
Label for ZFP62: 0
Label for ZC3H8: 0
Label for ZNF114: 0
Label for ZNF674: 0
Label for MSX2: 0
Label for SPDEF: 1
Label for TP63: 0
Label for ZNF624: 0
Label for ZNF319: 0
Label for ZNF239: 1
Label for ZNF76: 0
Label for ZNF570: 1
Label for ZNF691: 1
Label for HOMEZ: 0
Label for CEBPG: 0
Label for CREB3: 1
Label for ARNT2: 1
Label for ZBTB12: 0
Label for NFIX: 0
Label for ZNF780A: 1
Label for ZNF572: 1
Label for ZNF527: 1
Label for TCF7: 0
Label for ZNF696: 0
Label for RARG: 0
Label for ZNF414: 1
Label for ZNF407: 0
Label for ZNF700: 0
Label for PRDM1: 0
Label for ZNF737: 1
Label for SOX6: 1
Label for ZNF362: 1
Label for ZNF569: 0
Label for ETV5: 1
Label for BNC2: 0
Label for GLIS3: 0
Label for ATOH8: 0
Label for GLYR1: 1
Label for ZMAT5: 0
Label for ZNF180: 0
Label for ZFYVE20: 1
Label for FOXQ1: 1
Label for REL: 1
Label for BAZ2A: 1
Label for ZNF350: 1
Label for ZNF397: 0
Label for ZNF616: 0
Label for ZNF878: 1
Label for LCORL: 1
Label for GRHL1: 1
Label for ZSCAN31: 1
Label for MTERF2: 1
Label for HOXD13: 0
Label for PLSCR1: 0
Label for RORA: 0
Label for GPBP1L1: 0
Label for ZNF34: 0
Label for ZNF25: 1
Label for ZNF274: 1
Label for SP2: 1
Label for MEF2A: 0
Label for FOXO1: 1
Label for RBAK: 0
Label for RARB: 0
Label for TCF4: 0
Label for MAFG: 0
Label for RBPJ: 0
Label for TIGD3: 0
Label for ZNF668: 0
Label for ZFP82: 1
Label for THAP8: 0
Label for NFAT5: 0
Label for IRF5: 1
Label for NFE2: 0
Label for MNX1: 1
Label for KIAA2018: 0
Label for ZNF577: 0
Label for EEA1: 1
Label for ZNF333: 0
Label for GTF2I: 0
Label for ZMYM3: 1
Label for ZNF84: 1
Label for GMEB1: 1
Label for HNF1B: 1
Label for NR2E3: 0
Label for HMGXB3: 1
Label for ZNF101: 0
Label for HOXB13: 0
Label for E2F2: 0
Label for ZNF311: 0
Label for ZKSCAN3: 0
Label for FOXF2: 0
Label for ZNF445: 0
Label for ZNF583: 1
Label for ZNF678: 1
Label for ZNF165: 0
Label for FUBP1: 0
Label for NFKB2: 1
Label for ZNF276: 1
Label for ZNF697: 1
Label for PITX1: 1
Label for ZNF324: 0
Label for NR4A1: 1
Label for ZNF77: 0
Label for ZNF44: 1
Label for ZNF227: 0
Label for MECOM: 0
Label for ZNF709: 1
Label for ZNF432: 0
Label for ZBTB39: 1
Label for ZNF781: 0
Label for ZNF234: 1
Label for SREBF2: 0
Label for SNAPC4: 1
Label for ZNF518B: 0
Label for HNF4G: 0
Label for ZNF786: 1
Label for ZNF775: 1
Label for ZNF547: 0
Label for OTX1: 1
Label for KLF13: 1
Label for ZNF337: 1
Label for ZNF558: 1
Label for PHTF2: 0
Label for NFXL1: 0
Label for ZNF773: 1
Label for ZNF557: 1
Label for TEF: 1
Label for ZNF891: 1
Label for GATA2: 0
Label for ZNF367: 0
Label for UBTF: 1
Label for ZNF483: 1
Label for ZNF260: 0
Label for THAP9: 1
Label for CENPBD1: 1
Label for ATF5: 1
Label for ZNF383: 0
Label for NKX3-1: 1
Label for ZNF576: 1
Label for EGR1: 1
Label for SOX18: 1
Label for TRAFD1: 0
Label for HMG20B: 0
Label for TSHZ2: 0
Label for HINFP: 1
Label for FUBP3: 1
Label for PPARA: 0
Label for ZNF462: 0
Label for NR5A2: 0
Label for ZBTB37: 0
Label for ZBTB46: 0
Label for ZSCAN30: 1
Label for TBX18: 0
Label for ZNF717: 0
Label for ISX: 0
Label for ZNF883: 1
Label for ZNF280D: 1
Label for ZNF33A: 0
Label for ZNF33B: 0
Label for ZNF839: 0
Label for ZNF784: 1
Label for MEF2D: 1
Label for SMAD1: 1
Label for ZNF512B: 0
Label for ZBTB44: 1
Label for ELF2: 1
Label for ZNF552: 1
Label for E4F1: 0
Label for ZNF20: 0
Label for IKZF4: 1
Label for ZNF550: 0
Label for ZZZ3: 1
Label for ZNF446: 1
Label for GLI4: 1
Label for SFPQ: 1
Label for ZNF30: 1
Label for ARID4A: 1
Label for ARID5B: 1
number of zeroes: 81
number of ones: 550
Warning: Number of ones is greater than number of zeroes.
Label for ZNF777: 1
Label for ZNF646: 1
Label for ZNF425: 1
Label for ZSCAN12: 1
Label for ZNF790: 1
Label for CTCF: 0
Label for MYC: 1
Label for MLXIP: 1
Label for ELK4: 1
Label for FOXJ3: 1
Label for OVOL2: 0
Label for SRF: 1
Label for AR: 1
Label for SNAPC5: 1
Label for ZBED4: 1
Label for TFAP2B: 0
Label for ZNF302: 1
Label for ZNF124: 1
Label for ZSCAN5A: 1
Label for ZNF740: 1
Label for ZNF253: 1
Label for ZSCAN21: 1
Label for ZNF354B: 1
Label for ZFP91: 1
Label for FOSL1: 0
Label for CGGBP1: 0
Label for USF1: 1
Label for PRRX2: 0
Label for MTF1: 1
Label for ZNF221: 1
Label for ZNF605: 1
Label for ZMAT4: 0
Label for FOXA3: 1
Label for OTX2: 1
Label for ARID3A: 1
Label for SOX15: 0
Label for ZNF281: 1
Label for ZNF232: 1
Label for ELK1: 1
Label for TCF15: 1
Label for ID3: 0
Label for ZBTB43: 1
Label for ZNF121: 1
Label for TFAP4: 1
Label for ZNF143: 1
Label for ZNF563: 1
Label for STAT5B: 1
Label for ZHX2: 1
Label for ZFP30: 1
Label for ZBTB34: 1
Label for ARHGAP35: 1
Label for THAP12: 0
Label for CBFB: 1
Label for SMAD4: 1
Label for ZFY: 1
Label for MAZ: 1
Label for ZNF160: 1
Label for ATF4: 1
Label for ZNF778: 1
Label for ZNF8: 1
Label for DEAF1: 0
Label for TEAD1: 1
Label for SP1: 1
Label for ZNF816: 1
Label for MYNN: 1
Label for FOXA2: 1
Label for ZNF140: 1
Label for IFI16: 1
Label for ZBTB49: 1
Label for ATAD3A: 1
Label for HMG20A: 1
Label for POU6F1: 1
Label for PRDM10: 1
Label for SOX13: 0
Label for TEAD2: 1
Label for HNF4A: 1
Label for PATZ1: 1
Label for REST: 1
Label for PRDM15: 1
Label for ZBTB21: 1
Label for ELF1: 1
Label for TEAD4: 1
Label for LRRFIP1: 1
Label for TCF3: 1
Label for MEIS2: 1
Label for CDX4: 0
Label for ZNF212: 1
Label for ZNF695: 0
Label for FOSL2: 1
Label for ZBTB9: 1
Label for ZUFSP: 1
Label for ZNF331: 1
Label for TP53: 1
Label for ZNF12: 1
Label for ZNF532: 1
Label for FOXO4: 1
Label for FOXA1: 1
Label for NR5A1: 1
Label for ZHX3: 1
Label for TOX2: 0
Label for IRF1: 1
Label for ONECUT1: 1
Label for USF2: 1
Label for ZNF264: 1
Label for ZNF503: 1
Label for RELA: 1
Label for ZNF263: 1
Label for NFYB: 1
Label for TCFL5: 1
Label for MZF1: 1
Label for ZBTB10: 1
Label for KLF12: 1
Label for ZNF800: 1
Label for ZNF704: 1
Label for ZNF257: 1
Label for ESRRA: 1
Label for ZHX1: 1
Label for MLX: 1
Label for BACH2: 1
Label for E2F4: 1
Label for MLLT10: 1
Label for SIX1: 1
Label for CERS6: 1
Label for RREB1: 1
Label for NR3C1: 1
Label for TSC22D2: 1
Label for ZNF639: 1
Label for PREB: 1
Label for ADNP: 0
Label for ZNF347: 0
Label for SMAD3: 1
Label for ZNF608: 1
Label for CREB1: 1
Label for ZNF609: 1
Label for ZSCAN32: 0
Label for ESR1: 0
Label for NR2F1: 1
Label for SIX4: 1
Label for JUN: 1
Label for E2F1: 1
Label for GLMP: 1
Label for NFYA: 1
Label for ZNF841: 1
Label for BATF2: 1
Label for MYPOP: 1
Label for HOXA7: 1
Label for KLF10: 0
Label for HOXA10: 1
Label for CSRNP1: 1
Label for ATF1: 1
Label for IRX3: 1
Label for CC2D1A: 1
Label for RERE: 1
Label for ZFHX3: 1
Label for MEIS1: 1
Label for NACC2: 1
Label for TGIF2: 1
Label for ELF4: 1
Label for ZNF181: 1
Label for DDIT3: 1
Label for SP140L: 1
Label for ZBTB7B: 1
Label for TERF1: 1
Label for ZBTB14: 1
Label for EP300: 1
Label for TSC22D1: 1
Label for ZSCAN20: 1
Label for ATF6: 1
Label for TFDP2: 1
Label for ZNF142: 1
Label for IRF2: 1
Label for FOXK1: 1
Label for ZNF354C: 1
Label for NR2C2: 1
Label for ZNF430: 1
Label for EMX1: 1
Label for RORB: 0
Label for GRHL2: 0
Label for PRDM4: 1
Label for ZNF671: 1
Label for ZFAT: 1
Label for ISL1: 1
Label for ZNF396: 1
Label for ZNF138: 1
Label for ARID4B: 1
Label for MXD1: 1
Label for POU2F1: 1
Label for NFATC4: 1
Label for ZNF747: 1
Label for NR1H2: 1
Label for NRF1: 0
Label for STAT6: 1
Label for ZNF567: 1
Label for ATF3: 1
Label for CBX2: 1
Label for ZNF329: 1
Label for TRERF1: 0
Label for ZNF398: 0
Label for ZNF416: 1
Label for BHLHA15: 1
Label for THAP4: 1
Label for FBXL19: 1
Label for ZNF749: 1
Label for AFF4: 1
Label for AKNA: 1
Label for ZNF629: 1
Label for SALL1: 1
Label for HMGXB4: 1
Label for ZNF571: 1
Label for THRA: 1
Label for ZNF512: 1
Label for THAP7: 1
Label for ZBTB33: 1
Label for ZNF317: 1
Label for ZNF562: 1
Label for SMAD7: 1
Label for PROX1: 0
Label for RXRA: 1
Label for ZNF672: 1
Label for ZKSCAN8: 1
Label for DMTF1: 1
Label for ERG: 1
Label for ZNF219: 1
Label for ZNF184: 1
Label for ZNF75D: 1
Label for ZNF564: 1
Label for ZNF707: 1
Label for PPARD: 1
Label for POGK: 1
Label for ZMYM2: 1
Label for HEYL: 1
Label for OSR1: 1
Label for ZNF423: 0
Label for ESRRG: 1
Label for DLX4: 0
Label for ZNF449: 1
Label for ZNF699: 0
Label for SRY: 1
Label for TFCP2: 1
Label for TCF12: 1
Label for HIC2: 1
Label for ZNF546: 1
Label for ZNF724P: 1
Label for NFIB: 1
Label for ZNF865: 1
Label for SP110: 1
Label for ZBTB40: 1
Label for ELK3: 0
Label for TBPL1: 0
Label for ZNF561: 0
Label for ZNF251: 1
Label for ZSCAN18: 1
Label for MAX: 1
Label for FOXC1: 1
Label for ZNF511: 1
Label for IRF9: 1
Label for KLF15: 1
Label for GABPB1: 1
Label for CREM: 1
Label for ZFP90: 1
Label for ZNF431: 1
Label for ZNF277: 0
Label for ZNF275: 1
Label for ETV4: 1
Label for ZNF496: 1
Label for ETV6: 1
Label for LCOR: 1
Label for ZSCAN25: 1
Label for KLF16: 1
Label for TFDP1: 1
Label for ZNF589: 1
Label for E2F5: 1
Label for CSRNP2: 1
Label for CHCHD3: 1
Label for ZNF436: 0
Label for ZFP1: 1
Label for ZBTB11: 1
Label for MYBL2: 1
Label for DLX6: 1
Label for ZNF235: 1
Label for MGA: 1
Label for TOPORS: 1
Label for ZNF879: 1
Label for HOXA9: 1
Label for GATAD2B: 0
Label for ZBTB2: 1
Label for MTERF4: 1
Label for ZNF468: 1
Label for ZNF224: 1
Label for ZNF282: 1
Label for JUND: 1
Label for PAX8: 1
Label for ZMYM4: 1
Label for ZBTB20: 1
Label for ZNF850: 1
Label for CREBL2: 1
Label for FOXP4: 1
Label for ZNF23: 1
Label for PBX3: 1
Label for ZNF41: 1
Label for ZNF507: 1
Label for SALL2: 1
Label for ZNF83: 1
Label for ZNF296: 1
Label for ZNF292: 0
Label for ZNF484: 1
Label for ZNF7: 1
Label for SP4: 1
Label for HOXD1: 1
Label for BRF2: 1
Label for HOXC10: 1
Label for ZNF134: 1
Label for E2F8: 1
Label for ZNF133: 0
Label for ZNF18: 1
Label for TRIM24: 1
Label for ATF2: 1
Label for ZNF75A: 0
Label for OVOL1: 1
Label for ZIK1: 1
Label for ZNF670: 1
Label for ZNF217: 1
Label for ZNF70: 1
Label for CSRNP3: 1
Label for ZBTB4: 1
Label for ZBTB42: 1
Label for ZNF146: 1
Label for HOXB7: 1
Label for ZNF565: 1
Label for TFE3: 1
Label for ZNF57: 1
Label for ARNTL: 1
Label for ZNF551: 0
Label for SKIL: 1
Label for ZNF3: 0
Label for ZNF485: 1
Label for ZBTB17: 1
Label for LIN54: 1
Label for ZNF586: 0
Label for RFX7: 0
Label for TBP: 0
Label for ZNF713: 1
Label for TOX: 0
Label for AHDC1: 1
Label for ZSCAN22: 1
Label for ZNF660: 1
Label for ZNF174: 1
Label for ZFP37: 1
Label for PAXIP1: 1
Label for ZNF785: 0
Label for SNAI2: 1
Label for ZNF615: 1
Label for BCL6: 1
Label for HOXB5: 1
Label for ZNF574: 1
Label for ESRRB: 0
Label for TCF7L2: 1
Label for ZNF530: 1
Label for BCL3: 1
Label for ZNF788: 1
Label for ZNF827: 1
Label for ZNF782: 1
Label for ZSCAN29: 1
Label for CREB5: 1
Label for ZNF549: 1
Label for TBX2: 1
Label for GPN1: 1
Label for ZBTB3: 1
Label for TFAM: 0
Label for NR0B2: 1
Label for KLF6: 1
Label for ZNF215: 1
Label for GFI1: 1
Label for ZKSCAN5: 1
Label for ZNF607: 1
Label for ZNF687: 1
Label for ZNF408: 0
Label for ZNF460: 1
Label for HOXA5: 1
Label for HNF1A: 1
Label for HOXA3: 1
Label for HSF2: 1
Label for ZNF501: 1
Label for TIGD6: 1
Label for NR2F6: 1
Label for ZNF441: 1
Label for ONECUT2: 0
Label for HMGA2: 1
Label for CLOCK: 0
Label for HEY1: 1
Label for ZNF619: 1
Label for ZNF17: 1
Label for ZNF772: 1
Label for ZBTB8A: 1
Label for ISL2: 1
Label for ZNF79: 1
Label for ZNF490: 1
Label for ZNF710: 1
Label for ZNF548: 1
Label for ZNF343: 1
Label for LBX2: 1
Label for ZNF256: 1
Label for ZNF746: 1
Label for NFATC3: 1
Label for DBP: 1
Label for ZBTB24: 1
Label for GABPB2: 0
Label for ZNF526: 1
Label for ZNF318: 1
Label for ZNF513: 0
Label for GZF1: 1
Label for MBD1: 0
Label for RHOXF2B: 1
Label for RNF219: 1
Label for ZNF764: 0
Label for ZNF444: 0
Label for DZIP1: 1
Label for ZNF766: 1
Label for ZNF720: 1
Label for ARID3B: 1
Label for CEBPD: 1
Label for NRL: 1
Label for ZFP41: 1
Label for ZNF776: 1
Label for ZNF597: 0
Label for ZNF655: 0
Label for ZFP3: 1
Label for PBX1: 1
Label for EHF: 1
Label for HIVEP1: 1
Label for SNAI1: 1
Label for MAF1: 1
Label for ZFP14: 1
Label for E2F3: 1
Label for ZNF280B: 1
Label for ETS1: 1
Label for DMBX1: 1
Label for ZNF556: 1
Label for SATB2: 1
Label for ZNF10: 0
Label for TSHZ1: 0
Label for ZNF230: 1
Label for ZXDC: 1
Label for ZNF770: 1
Label for ZNF761: 1
Label for ZNF225: 1
Label for XBP1: 1
Label for ZNF382: 1
Label for ZNF510: 1
Label for FOXS1: 1
Label for ZNF543: 1
Label for SMAD9: 1
Label for ZFP62: 0
Label for ZC3H8: 1
Label for ZNF114: 1
Label for ZNF674: 1
Label for MSX2: 1
Label for SPDEF: 1
Label for TP63: 0
Label for ZNF624: 1
Label for ZNF319: 0
Label for ZNF239: 1
Label for ZNF76: 1
Label for ZNF570: 1
Label for ZNF691: 1
Label for HOMEZ: 1
Label for CEBPG: 1
Label for CREB3: 1
Label for ARNT2: 1
Label for ZBTB12: 1
Label for NFIX: 0
Label for ZNF780A: 1
Label for ZNF572: 1
Label for ZNF527: 1
Label for TCF7: 1
Label for ZNF696: 0
Label for RARG: 1
Label for ZNF414: 1
Label for ZNF407: 1
Label for ZNF700: 0
Label for PRDM1: 1
Label for ZNF737: 1
Label for SOX6: 1
Label for ZNF362: 1
Label for ZNF569: 1
Label for ETV5: 1
Label for BNC2: 1
Label for GLIS3: 1
Label for ATOH8: 1
Label for GLYR1: 1
Label for ZMAT5: 1
Label for ZNF180: 1
Label for ZFYVE20: 1
Label for FOXQ1: 1
Label for REL: 1
Label for BAZ2A: 1
Label for ZNF350: 1
Label for ZNF397: 0
Label for ZNF616: 1
Label for ZNF878: 1
Label for LCORL: 1
Label for GRHL1: 1
Label for ZSCAN31: 1
Label for MTERF2: 1
Label for HOXD13: 1
Label for PLSCR1: 1
Label for RORA: 1
Label for GPBP1L1: 0
Label for ZNF34: 1
Label for ZNF25: 1
Label for ZNF274: 1
Label for SP2: 1
Label for MEF2A: 1
Label for FOXO1: 1
Label for RBAK: 1
Label for RARB: 1
Label for TCF4: 1
Label for MAFG: 1
Label for RBPJ: 0
Label for TIGD3: 1
Label for ZNF668: 1
Label for ZFP82: 1
Label for THAP8: 1
Label for NFAT5: 1
Label for IRF5: 1
Label for NFE2: 1
Label for MNX1: 1
Label for KIAA2018: 1
Label for ZNF577: 1
Label for EEA1: 1
Label for ZNF333: 1
Label for GTF2I: 0
Label for ZMYM3: 1
Label for ZNF84: 1
Label for GMEB1: 1
Label for HNF1B: 1
Label for NR2E3: 1
Label for HMGXB3: 1
Label for ZNF101: 1
Label for HOXB13: 1
Label for E2F2: 1
Label for ZNF311: 1
Label for ZKSCAN3: 0
Label for FOXF2: 1
Label for ZNF445: 0
Label for ZNF583: 1
Label for ZNF678: 1
Label for ZNF165: 0
Label for FUBP1: 0
Label for NFKB2: 1
Label for ZNF276: 1
Label for ZNF697: 1
Label for PITX1: 1
Label for ZNF324: 1
Label for NR4A1: 1
Label for ZNF77: 0
Label for ZNF44: 1
Label for ZNF227: 0
Label for MECOM: 1
Label for ZNF709: 1
Label for ZNF432: 1
Label for ZBTB39: 1
Label for ZNF781: 1
Label for ZNF234: 1
Label for SREBF2: 1
Label for SNAPC4: 1
Label for ZNF518B: 0
Label for HNF4G: 1
Label for ZNF786: 1
Label for ZNF775: 1
Label for ZNF547: 1
Label for OTX1: 1
Label for KLF13: 1
Label for ZNF337: 1
Label for ZNF558: 1
Label for PHTF2: 0
Label for NFXL1: 1
Label for ZNF773: 1
Label for ZNF557: 1
Label for TEF: 1
Label for ZNF891: 1
Label for GATA2: 1
Label for ZNF367: 1
Label for UBTF: 1
Label for ZNF483: 1
Label for ZNF260: 0
Label for THAP9: 1
Label for CENPBD1: 1
Label for ATF5: 1
Label for ZNF383: 1
Label for NKX3-1: 1
Label for ZNF576: 1
Label for EGR1: 1
Label for SOX18: 1
Label for TRAFD1: 1
Label for HMG20B: 0
Label for TSHZ2: 1
Label for HINFP: 1
Label for FUBP3: 1
Label for PPARA: 1
Label for ZNF462: 1
Label for NR5A2: 1
Label for ZBTB37: 1
Label for ZBTB46: 1
Label for ZSCAN30: 1
Label for TBX18: 1
Label for ZNF717: 0
Label for ISX: 1
Label for ZNF883: 1
Label for ZNF280D: 1
Label for ZNF33A: 1
Label for ZNF33B: 1
Label for ZNF839: 1
Label for ZNF784: 1
Label for MEF2D: 1
Label for SMAD1: 1
Label for ZNF512B: 1
Label for ZBTB44: 1
Label for ELF2: 1
Label for ZNF552: 1
Label for E4F1: 0
Label for ZNF20: 1
Label for IKZF4: 1
Label for ZNF550: 1
Label for ZZZ3: 1
Label for ZNF446: 1
Label for GLI4: 1
Label for SFPQ: 1
Label for ZNF30: 1
Label for ARID4A: 1
Label for ARID5B: 1
2485920
