5
train
split 5
['traindata', 'trainxdata']
loaded data
(4701524, 512, 4)
(4701524, 880)
number of zeroes: 197
number of ones: 246
Warning: Number of ones is greater than number of zeroes.
Label for SREBF2: 0
Label for ETV6: 0
Label for MEIS2: 0
Label for YBX1: 0
Label for XRCC5: 1
Label for HMBOX1: 0
Label for RCOR1: 1
Label for ELK1: 0
Label for CTCF: 1
Label for FOS: 1
Label for ZBTB7B: 1
Label for ZEB2: 1
Label for GABPA: 1
Label for FOXA2: 0
Label for ZBTB40: 1
Label for NR2F2: 1
Label for RXRA: 1
Label for ATF1: 1
Label for CEBPB: 0
Label for ZNF24: 1
Label for PKNOX1: 1
Label for ARNT: 1
Label for NFATC3: 1
Label for IRF9: 0
Label for PTTG1: 0
Label for MYNN: 1
Label for CUX1: 0
Label for ATF3: 1
Label for MAX: 1
Label for SP1: 1
Label for USF2: 1
Label for BMI1: 1
Label for SREBF1: 0
Label for NEUROD1: 1
Label for EP300: 0
Label for ESRRA: 0
Label for NFE2L2: 0
Label for MITF: 1
Label for SMAD5: 1
Label for CBX1: 0
Label for RUNX1: 0
Label for UBTF: 0
Label for HNRNPK: 0
Label for FOXK2: 1
Label for GATA4: 0
Label for ZNF282: 0
Label for ZHX1: 0
Label for HSF1: 1
Label for ZKSCAN1: 0
Label for SKIL: 1
Label for CEBPZ: 0
Label for RFX1: 0
Label for ATF4: 0
Label for KLF5: 1
Label for RELA: 1
Label for TBX21: 1
Label for RNF2: 0
Label for IRF3: 1
Label for RFX5: 1
Label for ETS1: 1
Label for MXI1: 1
Label for JUN: 0
Label for NFE2: 1
Label for ZNF384: 1
Label for NRF1: 1
Label for SOX6: 1
Label for ZBED5: 1
Label for E2F1: 1
Label for ZMIZ1: 0
Label for NR2F1: 0
Label for FOXA1: 0
Label for MAZ: 1
Label for ZBED1: 0
Label for ELF4: 1
Label for ZHX2: 1
Label for REST: 1
Label for TFAP4: 0
Label for ZNF644: 0
Label for HINFP: 0
Label for NANOG: 0
Label for PBX2: 0
Label for ZNF658: 0
Label for ATF2: 0
Label for GLI4: 1
Label for ZNF395: 1
Label for EGR2: 1
Label for ZBTB10: 1
Label for ZNF677: 0
Label for ZNF133: 0
Label for ARID4B: 1
Label for ZNF654: 1
Label for ZNF770: 0
Label for MNT: 1
Label for ZNF433: 0
Label for ZIC2: 1
Label for MAFF: 0
Label for ZNF639: 1
Label for SOX13: 1
Label for NR4A1: 0
Label for TCF7: 1
Label for IRF1: 0
Label for ZNF148: 1
Label for ZNF584: 1
Label for JUND: 1
Label for MLLT1: 1
Label for EGR1: 1
Label for SIX4: 0
Label for KLF16: 1
Label for CREB3L1: 1
Label for ZNF512: 0
Label for ZNF18: 1
Label for WT1: 1
Label for ZFP37: 1
Label for ZMYM3: 0
Label for BHLHE40: 0
Label for ZBTB8A: 0
Label for TRIM22: 1
Label for ZNF518A: 1
Label for OSR2: 1
Label for SP2: 1
Label for CREM: 1
Label for THAP11: 1
Label for MAFG: 0
Label for ZBTB26: 1
Label for ZNF407: 0
Label for TCF7L2: 0
Label for CREB3: 0
Label for ZFP64: 1
Label for THRA: 0
Label for ZNF316: 1
Label for TCF12: 1
Label for E2F8: 1
Label for STAT1: 1
Label for E4F1: 1
Label for ZNF184: 0
Label for RBPJ: 1
Label for MEF2D: 1
Label for ID3: 1
Label for POU5F1: 0
Label for ZNF394: 1
Label for ZNF444: 1
Label for GABPB1: 1
Label for ZBTB49: 0
Label for NKRF: 1
Label for HIC1: 0
Label for ZFP1: 1
Label for KLF17: 1
Label for RBAK: 1
Label for ZSCAN4: 1
Label for ZNF16: 0
Label for ZNF280C: 0
Label for ZNF555: 0
Label for PRDM2: 0
Label for IKZF1: 1
Label for PHB2: 0
Label for MBD1: 1
Label for MAFK: 0
Label for ZNF221: 0
Label for ZNF26: 0
Label for IRF2: 1
Label for ZNF391: 1
Label for ELF1: 1
Label for ZNF610: 1
Label for ZNF10: 0
Label for ZGPAT: 1
Label for CEBPA: 1
Label for SMAD2: 0
Label for SMAD1: 0
Label for DEAF1: 1
Label for ZKSCAN8: 1
Label for ZNF280A: 0
Label for NFYC: 1
Label for BACH1: 0
Label for YY1: 1
Label for BCLAF1: 0
Label for SALL2: 1
Label for ZSCAN5A: 1
Label for ZNF624: 0
Label for CDC5L: 1
Label for ZBTB33: 0
Label for KLF13: 1
Label for ZNF143: 1
Label for ZNF318: 0
Label for BCL11B: 0
Label for ZNF791: 0
Label for LEF1: 0
Label for SCRT2: 1
Label for PRDM6: 0
Label for PRDM1: 1
Label for PAX8: 0
Label for FOXJ2: 0
Label for RERE: 1
Label for ZNF592: 0
Label for TRIM24: 1
Label for ZNF626: 0
Label for ZNF23: 1
Label for ZNF510: 0
Label for ZBTB11: 1
Label for ZFP41: 0
Label for ZNF837: 0
Label for ZBTB20: 1
Label for ZBTB12: 1
Label for ZSCAN18: 1
Label for VEZF1: 1
Label for OVOL3: 1
Label for ZNF197: 0
Label for ZBTB2: 1
Label for ZNF132: 0
Label for ZNF687: 1
Label for ZNF324: 1
Label for FEZF1: 1
Label for ZNF843: 1
Label for NR2F6: 1
Label for ZNF549: 0
Label for ZNF217: 0
Label for ZBTB6: 1
Label for ZNF623: 1
Label for ZNF740: 0
Label for ZNF785: 1
Label for GLI2: 0
Label for MGA: 0
Label for KLF10: 1
Label for ZNF157: 0
Label for KLF7: 1
Label for ZNF140: 0
Label for ZNF341: 1
Label for ZNF501: 1
Label for IKZF2: 1
Label for ZNF169: 0
Label for SRF: 1
Label for KLF8: 1
Label for ZNF34: 0
Label for LCORL: 0
Label for ZNF292: 0
Label for AEBP2: 0
Label for KLF1: 1
Label for ZNF513: 1
Label for ZNF596: 0
Label for ARHGAP35: 0
Label for ETV1: 0
Label for ZNF488: 0
Label for ZXDB: 1
Label for ZNF600: 1
Label for ZNF692: 1
Label for ETS2: 0
Label for ZSCAN30: 1
Label for FOSL1: 1
Label for ZNF560: 0
Label for ZNF670: 0
Label for ARID3A: 1
Label for ZNF701: 1
Label for TEAD2: 0
Label for CREB1: 1
Label for CBX2: 0
Label for NR2C2: 1
Label for THRB: 1
Label for ZNF3: 0
Label for ZNF660: 1
Label for ZNF589: 0
Label for ZNF214: 0
Label for ZNF547: 1
Label for NR2C1: 1
Label for KLF4: 0
Label for ZNF266: 0
Label for ZNF747: 0
Label for ZNF766: 1
Label for TGIF2: 1
Label for ZNF707: 0
Label for ZNF777: 1
Label for ZNF426: 0
Label for ZNF112: 0
Label for ZZZ3: 1
Label for ZNF76: 1
Label for ZNF416: 0
Label for TRIM25: 0
Label for KLF11: 1
Label for ZNF614: 1
Label for ZNF7: 0
Label for SP5: 0
Label for ZNF83: 0
Label for ZNF704: 0
Label for HBP1: 1
Label for NFIC: 1
Label for ZNF354B: 0
Label for CHAMP1: 1
Label for ZBTB5: 0
Label for ZSCAN16: 0
Label for CC2D1A: 1
Label for ETV5: 1
Label for ZNF507: 1
Label for ZNF511: 1
Label for CLOCK: 1
Label for ARID1B: 1
Label for GATA3: 1
Label for ZSCAN9: 1
Label for GATAD2B: 1
Label for ZNF580: 1
Label for ZNF146: 0
Label for ZNF48: 1
Label for MLX: 0
Label for PRDM4: 1
Label for TSHZ1: 1
Label for ZNF548: 0
Label for ZNF19: 0
Label for RELB: 1
Label for SCRT1: 1
Label for NFIL3: 1
Label for ZNF205: 1
Label for ZNF645: 0
Label for PATZ1: 1
Label for ZNF514: 0
Label for HOMEZ: 1
Label for RFX3: 0
Label for IKZF5: 1
Label for PPARG: 1
Label for NR3C1: 0
Label for TFE3: 1
Label for BCL6: 1
Label for ZNF561: 1
Label for TBX3: 1
Label for MYBL2: 1
Label for SMAD4: 1
Label for ZSCAN29: 0
Label for RCOR2: 1
Label for KLF9: 1
Label for ZC3H8: 1
Label for ZNF362: 1
Label for ZNF585B: 0
Label for ZNF302: 0
Label for ZFHX2: 1
Label for ZNF574: 1
Label for HNF1A: 1
Label for ZSCAN21: 1
Label for ZNF223: 1
Label for INSM2: 1
Label for NR0B1: 0
Label for MIXL1: 1
Label for ZNF776: 0
Label for CEBPG: 0
Label for ZNF274: 0
Label for HMGXB4: 1
Label for ZNF652: 1
Label for SFPQ: 0
Label for ZNF155: 0
Label for ZFP69B: 1
Label for NFXL1: 0
Label for FOXA3: 1
Label for FOSL2: 1
Label for HNF4A: 1
Label for ZNF311: 0
Label for ZNF521: 0
Label for SOX5: 1
Label for GMEB2: 0
Label for ZNF211: 0
Label for ADNP: 0
Label for KLF6: 1
Label for ZNF175: 0
Label for HNF4G: 1
Label for YY2: 1
Label for GLIS2: 0
Label for ETV4: 1
Label for ZNF792: 1
Label for ZNF530: 0
Label for IKZF3: 0
Label for KDM6A: 0
Label for HES1: 0
Label for TFDP1: 1
Label for ZNF37A: 0
Label for ZFP3: 0
Label for HHEX: 0
Label for PRDM10: 1
Label for HMG20A: 1
Label for DRAP1: 1
Label for HMG20B: 1
Label for RXRB: 1
Label for TEAD1: 1
Label for ZNF473: 0
Label for ZNF621: 0
Label for TSC22D4: 0
Label for CBFB: 0
Label for ZNF398: 0
Label for MXD3: 1
Label for MYRF: 0
Label for ILK: 0
Label for ZSCAN26: 0
Label for NFIB: 1
Label for ZNF512B: 0
Label for ZNF248: 0
Label for GFI1B: 0
Label for MEF2B: 1
Label for ZNF239: 1
Label for ZNF354C: 0
Label for ZNF449: 1
Label for ZNF423: 0
Label for ZNF189: 1
Label for ZNF280D: 0
Label for AHR: 1
Label for IRF5: 0
Label for BCL11A: 0
Label for ZBTB44: 0
Label for E2F4: 0
Label for RLF: 1
Label for ZNF2: 1
Label for ZBTB21: 1
Label for ZNF529: 0
Label for ZNF558: 1
Label for ZNF121: 1
Label for ZNF664: 1
Label for GLIS1: 1
Label for ZNF680: 1
Label for GMEB1: 1
Label for ZSCAN5C: 1
Label for SP7: 1
Label for ZNF138: 0
Label for ZNF202: 0
Label for TEAD3: 1
Label for ZNF629: 1
Label for HLF: 0
Label for E2F5: 1
Label for ZSCAN23: 1
Label for MZF1: 0
Label for ZBTB17: 1
Label for ZBTB48: 1
Label for NFIA: 1
Label for TRIM28: 1
Label for SP3: 1
Label for ZNF544: 0
Label for ZNF404: 0
Label for ZEB1: 1
Label for BCL6B: 0
Label for ZNF8: 0
Label for ZBTB25: 1
Label for ZNF571: 0
Label for AFF1: 1
Label for ZNF350: 0
Label for ZNF219: 1
Label for TSC22D2: 0
Label for ZFP91: 0
Label for DACH1: 0
Label for E2F7: 0
Label for ZNF174: 0
Label for TSC22D1: 0
Label for ZNF114: 0
