valid
['validdata', 'validxdata']
loaded data Encode3and4:
(592830, 512, 4)
(592830, 1870)
number of zeroes: 271
number of ones: 576
Warning: Number of ones is greater than number of zeroes.
Label for CTCF: 0
Label for TCFL5: 1
Label for ZNF257: 1
Label for ZNF511: 1
Label for ZNF212: 1
Label for ZNF143: 1
Label for PATZ1: 1
Label for ZNF695: 0
Label for ZNF70: 1
Label for ZNF605: 1
Label for ZSCAN18: 1
Label for FOSL2: 1
Label for TSC22D2: 1
Label for ZNF347: 0
Label for NR2F1: 1
Label for MYNN: 0
Label for ATF4: 1
Label for DEAF1: 0
Label for TEAD1: 1
Label for MAZ: 1
Label for REST: 1
Label for FOXO4: 1
Label for SOX13: 0
Label for ZSCAN32: 0
Label for ZBTB9: 1
Label for NFIB: 1
Label for ZNF778: 1
Label for SMAD3: 1
Label for ESR1: 0
Label for ZNF8: 1
Label for CREB1: 1
Label for ZBTB14: 1
Label for PBX3: 1
Label for OVOL1: 1
Label for ZBTB4: 1
Label for HOXB7: 1
Label for ETV6: 0
Label for ZBTB17: 1
Label for TFE3: 1
Label for ZNF57: 1
Label for SP1: 0
Label for TCF7: 0
Label for E2F4: 1
Label for ZNF586: 0
Label for ZFP30: 1
Label for FOXP4: 1
Label for TRIM24: 1
Label for MAX: 1
Label for ARNTL: 1
Label for SMAD4: 1
Label for ZNF75A: 0
Label for ZNF565: 1
Label for CHCHD3: 1
Label for E2F8: 1
Label for FOXQ1: 1
Label for MYBL2: 1
Label for ZNF263: 1
Label for ZNF512: 1
Label for JUND: 0
Label for ZNF608: 1
Label for KLF10: 0
Label for ZNF816: 1
Label for STAT5B: 1
Label for ZNF670: 1
Label for EP300: 0
Label for ARNT2: 1
Label for ZNF146: 1
Label for ZNF354C: 1
Label for ZBTB49: 1
Label for ATAD3A: 1
Label for ARID4B: 1
Label for ZNF780A: 1
Label for ZNF292: 0
Label for POU6F1: 1
Label for PRDM10: 0
Label for NR2C2: 1
Label for ZBTB21: 1
Label for ELF1: 0
Label for HMG20A: 1
Label for TFCP2: 1
Label for NFYA: 1
Label for JUN: 1
Label for ZBTB33: 1
Label for SP140L: 1
Label for CERS6: 1
Label for ZBTB10: 1
Label for TFDP2: 1
Label for ATF6: 1
Label for FOXA2: 0
Label for TBPL1: 0
Label for TOX2: 0
Label for GRHL2: 0
Label for RERE: 1
Label for FOXK1: 1
Label for ZSCAN20: 1
Label for TSC22D1: 1
Label for FOXA3: 1
Label for ZNF302: 1
Label for ZBED4: 1
Label for RXRA: 0
Label for SIX1: 1
Label for PREB: 1
Label for NR3C1: 0
Label for MLLT10: 1
Label for BACH2: 1
Label for LCOR: 1
Label for ZBTB43: 1
Label for ZNF865: 1
Label for ZNF639: 1
Label for ZNF629: 1
Label for KLF12: 1
Label for ZNF124: 1
Label for TEAD4: 1
Label for ERG: 1
Label for CDX4: 0
Label for HEYL: 1
Label for ID3: 1
Label for TCF15: 1
Label for ZNF142: 1
Label for IRF9: 1
Label for ZBTB34: 1
Label for ZBTB7B: 1
Label for ZNF281: 1
Label for FOXC1: 1
Label for DDIT3: 1
Label for ZNF707: 1
Label for USF1: 1
Label for PPARD: 1
Label for IRF1: 1
Label for DLX4: 0
Label for ZBTB40: 1
Label for HIC2: 1
Label for SP110: 1
Label for SOX15: 0
Label for PRRX2: 0
Label for MTF1: 1
Label for ESRRG: 1
Label for OTX2: 1
Label for ZNF232: 1
Label for ZNF841: 1
Label for ZBED5: 1
Label for TERF1: 1
Label for ELF4: 1
Label for ZNF423: 0
Label for ZMAT4: 0
Label for THAP12: 0
Label for HOXA7: 1
Label for ZFAT: 1
Label for CGGBP1: 0
Label for ZNF138: 1
Label for SRY: 1
Label for ZNF224: 1
Label for MTERF4: 1
Label for SIX4: 1
Label for BATF2: 1
Label for SKIL: 1
Label for TCF12: 0
Label for FOSL1: 1
Label for ZNF181: 1
Label for IRF2: 1
Label for ZFHX3: 1
Label for ZNF217: 1
Label for ZNF251: 1
Label for ZFYVE20: 1
Label for ZNF18: 1
Label for ATF2: 0
Label for MTERF2: 1
Label for RORB: 0
Label for MEIS2: 1
Label for ELK1: 0
Label for GLYR1: 1
Label for OVOL2: 0
Label for ZMYM2: 1
Label for ZNF532: 1
Label for ZUFSP: 1
Label for ISL1: 1
Label for BHLHA15: 1
Label for SRF: 1
Label for ARID3A: 0
Label for IFI16: 1
Label for ZNF407: 0
Label for EMX1: 1
Label for NFIC: 0
Label for CEBPG: 0
Label for TP53: 1
Label for TEAD2: 1
Label for ZNF221: 1
Label for HOXC10: 1
Label for ZNF160: 1
Label for ETV5: 1
Label for ZNF878: 1
Label for ZNF671: 1
Label for ZNF740: 1
Label for BRF2: 1
Label for TBX3: 0
Label for SP4: 1
Label for E2F5: 1
Label for IKZF1: 0
Label for CLOCK: 0
Label for ZNF140: 1
Label for ZNF235: 1
Label for FEZF1: 0
Label for SALL2: 1
Label for ZBTB6: 0
Label for MXD1: 1
Label for YY1: 0
Label for YBX1: 0
Label for ZNF527: 1
Label for ATF1: 1
Label for ZNF549: 0
Label for ZNF600: 0
Label for PROX1: 0
Label for ZBTB5: 0
Label for MLX: 1
Label for SMAD7: 1
Label for ATF3: 0
Label for E2F1: 1
Label for AEBP2: 0
Label for NR1H2: 1
Label for ZNF169: 0
Label for ZNF324: 1
Label for ZNF596: 0
Label for KLF8: 1
Label for MGA: 1
Label for ZNF687: 0
Label for CC2D1A: 1
Label for MEIS1: 1
Label for ZBTB11: 0
Label for TRIM25: 0
Label for ZNF547: 1
Label for ZNF214: 0
Label for NACC2: 1
Label for IRX3: 1
Label for DLX6: 1
Label for ZNF266: 0
Label for E4F1: 0
Label for GATA3: 1
Label for ZNF488: 0
Label for ZNF560: 0
Label for HMGXB4: 1
Label for ZNF562: 1
Label for ZKSCAN8: 1
Label for ZNF672: 1
Label for SP3: 0
Label for TGIF2: 1
Label for ZNF747: 1
Label for CSRNP1: 1
Label for LCORL: 1
Label for ARID1B: 1
Label for ZNF692: 0
Label for ZNF75D: 1
Label for MLXIP: 1
Label for MYC: 1
Label for ELK4: 1
Label for GLMP: 1
Label for NFATC4: 1
Label for LRRFIP1: 1
Label for RELA: 1
Label for ZNF564: 1
Label for ZNF503: 1
Label for TCF3: 1
Label for ONECUT1: 1
Label for ZNF699: 0
Label for CBFB: 1
Label for ZNF430: 1
Label for PRDM4: 1
Label for TFAP2B: 0
Label for USF2: 0
Label for ZNF184: 1
Label for SNAPC5: 1
Label for ARHGAP35: 1
Label for ZNF800: 1
Label for PRDM15: 1
Label for ZNF398: 0
Label for ZNF396: 1
Label for THRA: 1
Label for FOXA1: 0
Label for AKNA: 1
Label for HNF4A: 0
Label for ELK3: 0
Label for ZNF449: 1
Label for ZNF589: 1
Label for THAP4: 1
Label for ZNF436: 0
Label for ZFP1: 1
Label for ZNF561: 1
Label for ZHX3: 1
Label for ZNF331: 1
Label for RREB1: 1
Label for NR5A1: 1
Label for ZNF12: 1
Label for GABPB1: 1
Label for ZNF416: 1
Label for OSR1: 1
Label for ZNF777: 1
Label for ZNF219: 1
Label for ZNF264: 1
Label for NFYB: 1
Label for ADNP: 0
Label for ZFY: 1
Label for ZNF425: 1
Label for ZNF790: 1
Label for ZNF646: 1
Label for TRERF1: 0
Label for ZSCAN12: 1
Label for ZHX2: 0
Label for AR: 1
Label for FOXJ3: 1
Label for ZNF850: 1
Label for FBXL19: 1
Label for STAT6: 1
Label for ZNF329: 1
Label for ZNF132: 0
Label for DMTF1: 1
Label for ZNF34: 1
Label for SALL1: 1
Label for NFIA: 1
Label for TOPORS: 1
Label for AFF4: 1
Label for ZNF76: 1
Label for PAX8: 0
Label for ETV4: 1
Label for GLIS3: 1
Label for ZBTB2: 1
Label for BNC2: 1
Label for ZNF282: 0
Label for ZNF724P: 1
Label for HOMEZ: 1
Label for NFIX: 0
Label for FOXF2: 1
Label for ZKSCAN3: 0
Label for ZNF571: 1
Label for HOXB13: 1
Label for KLF15: 1
Label for ZNF614: 1
Label for ZNF468: 1
Label for ZMYM4: 1
Label for ZNF583: 1
Label for PRDM1: 1
Label for POGK: 1
Label for ZBTB12: 1
Label for ZNF749: 1
Label for CREM: 0
Label for ZNF570: 1
Label for GATAD2B: 0
Label for ZNF696: 0
Label for SMAD5: 0
Label for ZNF397: 0
Label for ZNF311: 1
Label for ZNF157: 0
Label for ZXDB: 0
Label for ZNF660: 1
Label for MNT: 1
Label for KLF1: 1
Label for KLF4: 0
Label for MZF1: 1
Label for PBX2: 1
Label for ZNF567: 1
Label for ZNF766: 1
Label for NRF1: 1
Label for ZNF341: 0
Label for ZNF513: 0
Label for NFE2L2: 0
Label for ZNF205: 1
Label for ZNF507: 0
Label for ZNF592: 0
Label for ETS2: 0
Label for PHB2: 0
Label for MITF: 0
Label for GABPA: 0
Label for ZNF501: 1
Label for NFIL3: 1
Label for TFDP1: 1
Label for PKNOX1: 0
Label for KLF9: 0
Label for IKZF2: 0
Label for HOXA10: 1
Label for ZNF609: 1
Label for KLF16: 1
Label for NFE2: 1
Label for MYPOP: 1
Label for CHAMP1: 1
Label for ZFP14: 1
Label for DZIP1: 1
Label for ZNF174: 1
Label for TRIM22: 0
Label for ZNF674: 1
Label for FOXK2: 0
Label for XRCC5: 1
Label for ATOH8: 1
Label for BCLAF1: 0
Label for GRHL1: 1
Label for BAZ2A: 1
Label for ZNF546: 1
Label for REL: 1
Label for POU2F1: 1
Label for THAP7: 1
Label for SATB2: 1
Label for ZNF317: 1
Label for HOXD13: 1
Label for ZNF776: 1
Label for ZNF827: 1
Label for ZNF761: 1
Label for KLF5: 0
Label for NEUROD1: 0
Label for MAFK: 0
Label for SNAI1: 1
Label for ESRRA: 0
Label for ZNF431: 1
Label for ZNF775: 1
Label for ZNF879: 1
Label for ZNF697: 1
Label for NRL: 1
Label for CEBPZ: 0
Label for SMAD2: 0
Label for DACH1: 1
Label for SFPQ: 0
Label for ZKSCAN1: 0
Label for SMAD1: 0
Label for STAT1: 0
Label for RCOR1: 0
Label for ZNF10: 1
Label for ZHX1: 0
Label for CBX2: 0
Label for NFKB2: 1
Label for GATA4: 0
Label for ZFP91: 1
Label for ZNF350: 1
Label for ZEB2: 0
Label for RFX1: 0
Label for ETS1: 0
Label for HNRNPK: 0
Label for ZNF597: 0
Label for ZNF362: 1
Label for RUNX1: 0
Label for CBX1: 1
Label for ZXDC: 1
Label for ZNF280B: 1
Label for ZNF101: 1
Label for SREBF1: 1
Label for MAF1: 1
Label for E2F7: 1
Label for ZNF114: 1
Label for ZNF384: 0
Label for RNF2: 0
Label for HMGA2: 1
Label for ZNF227: 0
Label for ZBED1: 0
Label for SREBF2: 0
Label for BHLHE40: 0
Label for ZNF786: 1
Label for NFXL1: 0
Label for HES1: 0
Label for PHTF2: 0
Label for ZNF121: 1
Label for TFAP4: 1
Label for ZSCAN9: 1
Label for HLF: 0
Label for TEAD3: 1
Label for ZNF700: 0
Label for E2F2: 1
Label for IRF3: 0
Label for RFX5: 0
Label for ZNF239: 1
Label for ZBTB25: 1
Label for ZNF337: 1
Label for AFF1: 1
Label for ZNF432: 1
Label for HNF4G: 1
Label for CEBPD: 1
Label for FUBP1: 0
Label for ZNF720: 1
Label for KLF13: 1
Label for TBX21: 0
Label for NR2F6: 0
Label for ZNF225: 1
Label for PITX1: 1
Label for ZFP41: 1
Label for SMAD9: 1
Label for ZNF558: 1
Label for CREBL2: 1
Label for UBTF: 0
Label for ZNF24: 0
Label for CSRNP2: 1
Label for NR2F2: 0
Label for EGR1: 0
Label for ZSCAN5A: 1
Label for ZNF318: 0
Label for ZNF354B: 1
Label for ZSCAN25: 1
Label for ZSCAN21: 1
Label for ZNF253: 1
Label for ZNF277: 0
Label for CUX1: 1
Label for FOS: 0
Label for ZNF496: 1
Label for HMBOX1: 0
Label for ZNF563: 1
Label for ZNF275: 1
Label for ZFP90: 1
Label for MXI1: 0
Label for ZMIZ1: 0
Label for NFATC3: 0
Label for HSF1: 0
Label for BMI1: 0
Label for SOX6: 0
Label for CEBPB: 0
Label for ARNT: 0
Label for ZBTB20: 1
Label for ZNF704: 1
Label for EGR2: 0
Label for BCL11B: 0
Label for GLI4: 1
Label for HOXA9: 1
Label for MBD1: 1
Label for ZNF16: 0
Label for ZMYM3: 0
Label for KLF17: 1
Label for WT1: 0
Label for ZNF133: 0
Label for ZIC2: 1
Label for ZBTB8A: 0
Label for ZNF395: 1
Label for RBAK: 1
Label for ZNF518A: 0
Label for ZNF529: 0
Label for ZC3H8: 0
Label for ZNF280A: 0
Label for ZEB1: 0
Label for ZNF680: 0
Label for ZNF664: 0
Label for ZSCAN23: 0
Label for ZNF2: 0
Label for ZNF223: 0
Label for HINFP: 1
Label for ZBTB44: 1
Label for ZNF3: 1
Label for ZSCAN5C: 0
Label for ZZZ3: 1
Label for ZNF574: 1
Label for INSM2: 0
Label for ZNF701: 0
Label for PTTG1: 0
Label for MLLT1: 0
Label for TSHZ1: 0
Label for GFI1B: 0
Label for FOXS1: 1
Label for ZNF175: 1
Label for EHF: 1
Label for RCOR2: 1
Label for SCRT2: 0
Label for PRDM6: 0
Label for ARID3B: 1
Label for OSR2: 0
Label for ZNF645: 0
Label for ZNF548: 1
Label for ZNF584: 1
Label for ZNF624: 1
Label for ZNF623: 0
Label for TP63: 0
Label for NR0B1: 0
Label for PRDM2: 0
Label for SP2: 1
Label for E2F3: 1
Label for ZNF319: 0
Label for ZNF791: 0
Label for MSX2: 1
Label for ZNF280D: 1
Label for ZNF394: 0
Label for ZNF19: 0
Label for ZSCAN29: 0
Label for ZNF280C: 0
Label for CDC5L: 0
Label for ZSCAN4: 0
Label for GLI2: 0
Label for ZNF785: 0
Label for AHR: 1
Label for ZNF555: 0
Label for SPDEF: 1
Label for MEF2D: 1
Label for ZNF248: 0
Label for FOXJ2: 1
Label for ZBTB26: 1
Label for ZSCAN26: 0
Label for ZNF610: 1
Label for ZNF391: 0
Label for ZNF189: 0
Label for ZNF433: 0
Label for ZNF654: 0
Label for NR2C1: 0
Label for ZNF644: 1
Label for ZBTB24: 1
Label for ZNF26: 0
Label for DMBX1: 1
Label for ZNF543: 1
Label for ZNF230: 1
Label for ZNF83: 1
Label for HBP1: 1
Label for TCF7L2: 1
Label for ZNF514: 0
Label for ZNF530: 1
Label for KDM6A: 1
Label for POU5F1: 0
Label for VEZF1: 1
Label for ZNF211: 0
Label for HHEX: 1
Label for ZNF557: 1
Label for ZNF792: 1
Label for ZBTB37: 1
Label for CREB3: 1
Label for MEF2B: 0
Label for KLF6: 1
Label for ZNF7: 1
Label for IKZF5: 1
Label for CREB3L1: 1
Label for MAFG: 1
Label for FUBP3: 1
Label for HNF1A: 1
Label for ZNF521: 0
Label for ZNF580: 1
Label for ZNF770: 1
Label for ZNF585B: 0
Label for GMEB2: 0
Label for THRB: 1
Label for BCL6: 1
Label for ZNF444: 1
Label for ZNF717: 0
Label for HIC1: 0
Label for ZNF316: 0
Label for NKRF: 1
Label for THAP11: 1
Label for TSHZ2: 1
Label for ZBTB48: 0
Label for GLIS1: 1
Label for ZNF274: 1
Label for ZFP64: 1
Label for TRIM28: 1
Label for ZNF155: 0
Label for ZFHX2: 0
Label for ZNF843: 0
Label for KLF11: 1
Label for SP7: 0
Label for ZNF404: 0
Label for KLF7: 0
Label for ZNF202: 0
Label for NANOG: 0
Label for ZNF658: 0
Label for ZNF677: 0
Label for ZNF148: 1
Label for ZNF626: 0
Label for BCL11A: 0
Label for ZSCAN16: 0
Label for ZFP69B: 0
Label for YY2: 0
Label for NR4A1: 1
Label for ZNF652: 1
Label for XBP1: 1
Label for ZNF426: 0
Label for GLIS2: 1
Label for TBX18: 1
Label for HOXA5: 1
Label for MIXL1: 1
Label for ZNF77: 0
Label for PBX1: 1
Label for IKZF3: 0
Label for ZNF510: 1
Label for ZNF462: 1
Label for ZGPAT: 1
Label for ZNF490: 1
Label for ZFP37: 1
Label for ZNF710: 1
Label for PPARA: 1
Label for CEBPA: 1
Label for BACH1: 1
Label for ZNF79: 1
Label for ZNF445: 0
Label for ZNF112: 0
Label for HMG20B: 1
Label for NR5A2: 1
Label for ZNF837: 0
Label for THAP9: 1
Label for SOX5: 1
Label for GATA2: 1
Label for ZNF48: 1
Label for ISX: 1
Label for ZBTB46: 1
Label for NFYC: 1
Label for TEF: 1
Label for NKX3-1: 1
Label for ZFP3: 1
Label for ZNF37A: 0
Label for SCRT1: 0
Label for HEY1: 1
Label for ZNF678: 1
Label for ZNF215: 1
Label for ZFP62: 0
Label for ZNF276: 1
Label for MAFF: 0
Label for GMEB1: 1
Label for GFI1: 1
Label for GPN1: 1
Label for ZNF23: 1
Label for ZNF621: 0
Label for ZNF197: 1
Label for ZNF473: 0
Label for ZNF526: 1
Label for PPARG: 1
Label for ZNF408: 0
Label for LEF1: 0
Label for SP5: 1
Label for IRF5: 1
Label for RFX3: 1
Label for PLSCR1: 1
Label for ZNF764: 0
Label for ZSCAN31: 1
Label for GPBP1L1: 0
Label for ZNF773: 1
Label for DRAP1: 1
Label for RORA: 1
Label for RLF: 1
Label for RXRB: 1
Label for RELB: 0
Label for ETV1: 1
Label for SNAI2: 1
Label for ZNF165: 0
Label for ZNF485: 1
Label for ONECUT2: 0
Label for MXD3: 1
Label for ZNF343: 1
Label for ZSCAN30: 1
Label for RNF219: 1
Label for ZNF737: 1
Label for ISL2: 1
Label for HSF2: 1
Label for OVOL3: 0
Label for LBX2: 1
Label for ZNF382: 1
Label for ZNF296: 1
Label for RBPJ: 1
Label for MYRF: 1
Label for ZBTB3: 1
Label for ZNF891: 1
Label for ZNF367: 1
Label for PAXIP1: 1
Label for HOXB5: 1
Label for ZNF839: 1
Label for ZNF383: 1
Label for ZNF576: 1
Label for ZNF134: 1
Label for HIVEP1: 1
Label for RHOXF2B: 1
Label for ZNF655: 0
Label for ESRRB: 0
Label for HMGXB3: 1
Label for CREB5: 1
Label for ZNF512B: 0
Label for ZNF772: 1
Label for ZNF544: 0
Label for ZSCAN22: 1
Label for ZNF41: 1
Label for TSC22D4: 0
Label for GZF1: 1
Label for MEF2A: 1
Label for HOXD1: 1
Label for TBX2: 1
Label for TIGD3: 1
Label for ZNF256: 1
Label for ZNF577: 1
Label for ZNF746: 1
Label for GABPB2: 0
Label for ILK: 0
Label for HNF1B: 1
Label for ZNF550: 1
Label for ZNF784: 1
Label for NR2E3: 1
Label for ZNF668: 1
Label for ARID5B: 1
Label for ELF2: 1
Label for ARID4A: 1
Label for ZNF446: 1
Label for ZFP82: 1
Label for OTX1: 1
Label for ZNF518B: 0
Label for ZBTB39: 1
Label for SNAPC4: 1
Label for GTF2I: 0
Label for ZNF484: 1
Label for ZNF20: 1
Label for ZIK1: 1
Label for ATF5: 1
Label for SOX18: 1
Label for ZNF44: 1
Label for ZNF25: 1
Label for ZNF33B: 1
Label for ZNF569: 1
Label for ZNF709: 1
Label for MECOM: 1
Label for ZNF713: 1
Label for ZNF788: 1
Label for CENPBD1: 1
Label for ZNF260: 0
Label for MNX1: 1
Label for TBP: 0
Label for ZNF615: 1
Label for ZNF414: 1
Label for ZNF483: 1
Label for ZNF234: 1
Label for KIAA2018: 1
Label for AHDC1: 1
Label for ZNF607: 1
Label for CSRNP3: 1
Label for ZNF441: 1
Label for HOXA3: 1
Label for RARG: 1
Label for THAP8: 1
Label for ZNF552: 1
Label for ZNF572: 1
Label for RARB: 1
Label for ZNF17: 1
Label for ZNF33A: 1
Label for TRAFD1: 1
Label for ZNF551: 0
Label for ZNF30: 1
Label for ZNF691: 1
Label for TFAM: 0
Label for NR0B2: 1
Label for TCF4: 1
Label for EEA1: 1
Label for LIN54: 1
Label for FOXO1: 1
Label for ZNF782: 1
Label for BCL6B: 0
Label for BCL3: 1
Label for ZNF84: 1
Label for ZBTB42: 1
Label for ZNF556: 1
Label for ZNF333: 1
Label for ZNF460: 1
Label for ZMAT5: 1
Label for TIGD6: 1
Label for ZKSCAN5: 1
Label for NFAT5: 1
Label for RFX7: 0
Label for ZNF619: 1
Label for TOX: 0
Label for ZNF616: 1
Label for ZNF180: 1
number of zeroes: 271
number of ones: 576
Warning: Number of ones is greater than number of zeroes.
Label for CTCF: 0
Label for TCFL5: 1
Label for ZNF257: 1
Label for ZNF511: 1
Label for ZNF212: 1
Label for ZNF143: 1
Label for PATZ1: 1
Label for ZNF695: 0
Label for ZNF70: 1
Label for ZNF605: 1
Label for ZSCAN18: 1
Label for FOSL2: 1
Label for TSC22D2: 1
Label for ZNF347: 0
Label for NR2F1: 1
Label for MYNN: 0
Label for ATF4: 1
Label for DEAF1: 0
Label for TEAD1: 1
Label for MAZ: 1
Label for REST: 1
Label for FOXO4: 1
Label for SOX13: 0
Label for ZSCAN32: 0
Label for ZBTB9: 1
Label for NFIB: 1
Label for ZNF778: 1
Label for SMAD3: 1
Label for ESR1: 0
Label for ZNF8: 1
Label for CREB1: 1
Label for ZBTB14: 1
Label for PBX3: 1
Label for OVOL1: 1
Label for ZBTB4: 1
Label for HOXB7: 1
Label for ETV6: 0
Label for ZBTB17: 1
Label for TFE3: 1
Label for ZNF57: 1
Label for SP1: 0
Label for TCF7: 0
Label for E2F4: 1
Label for ZNF586: 0
Label for ZFP30: 1
Label for FOXP4: 1
Label for TRIM24: 1
Label for MAX: 1
Label for ARNTL: 1
Label for SMAD4: 1
Label for ZNF75A: 0
Label for ZNF565: 1
Label for CHCHD3: 1
Label for E2F8: 1
Label for FOXQ1: 1
Label for MYBL2: 1
Label for ZNF263: 1
Label for ZNF512: 1
Label for JUND: 0
Label for ZNF608: 1
Label for KLF10: 0
Label for ZNF816: 1
Label for STAT5B: 1
Label for ZNF670: 1
Label for EP300: 0
Label for ARNT2: 1
Label for ZNF146: 1
Label for ZNF354C: 1
Label for ZBTB49: 1
Label for ATAD3A: 1
Label for ARID4B: 1
Label for ZNF780A: 1
Label for ZNF292: 0
Label for POU6F1: 1
Label for PRDM10: 0
Label for NR2C2: 1
Label for ZBTB21: 1
Label for ELF1: 0
Label for HMG20A: 1
Label for TFCP2: 1
Label for NFYA: 1
Label for JUN: 1
Label for ZBTB33: 1
Label for SP140L: 1
Label for CERS6: 1
Label for ZBTB10: 1
Label for TFDP2: 1
Label for ATF6: 1
Label for FOXA2: 0
Label for TBPL1: 0
Label for TOX2: 0
Label for GRHL2: 0
Label for RERE: 1
Label for FOXK1: 1
Label for ZSCAN20: 1
Label for TSC22D1: 1
Label for FOXA3: 1
Label for ZNF302: 1
Label for ZBED4: 1
Label for RXRA: 0
Label for SIX1: 1
Label for PREB: 1
Label for NR3C1: 0
Label for MLLT10: 1
Label for BACH2: 1
Label for LCOR: 1
Label for ZBTB43: 1
Label for ZNF865: 1
Label for ZNF639: 1
Label for ZNF629: 1
Label for KLF12: 1
Label for ZNF124: 1
Label for TEAD4: 1
Label for ERG: 1
Label for CDX4: 0
Label for HEYL: 1
Label for ID3: 1
Label for TCF15: 1
Label for ZNF142: 1
Label for IRF9: 1
Label for ZBTB34: 1
Label for ZBTB7B: 1
Label for ZNF281: 1
Label for FOXC1: 1
Label for DDIT3: 1
Label for ZNF707: 1
Label for USF1: 1
Label for PPARD: 1
Label for IRF1: 1
Label for DLX4: 0
Label for ZBTB40: 1
Label for HIC2: 1
Label for SP110: 1
Label for SOX15: 0
Label for PRRX2: 0
Label for MTF1: 1
Label for ESRRG: 1
Label for OTX2: 1
Label for ZNF232: 1
Label for ZNF841: 1
Label for ZBED5: 1
Label for TERF1: 1
Label for ELF4: 1
Label for ZNF423: 0
Label for ZMAT4: 0
Label for THAP12: 0
Label for HOXA7: 1
Label for ZFAT: 1
Label for CGGBP1: 0
Label for ZNF138: 1
Label for SRY: 1
Label for ZNF224: 1
Label for MTERF4: 1
Label for SIX4: 1
Label for BATF2: 1
Label for SKIL: 1
Label for TCF12: 0
Label for FOSL1: 1
Label for ZNF181: 1
Label for IRF2: 1
Label for ZFHX3: 1
Label for ZNF217: 1
Label for ZNF251: 1
Label for ZFYVE20: 1
Label for ZNF18: 1
Label for ATF2: 0
Label for MTERF2: 1
Label for RORB: 0
Label for MEIS2: 1
Label for ELK1: 0
Label for GLYR1: 1
Label for OVOL2: 0
Label for ZMYM2: 1
Label for ZNF532: 1
Label for ZUFSP: 1
Label for ISL1: 1
Label for BHLHA15: 1
Label for SRF: 1
Label for ARID3A: 0
Label for IFI16: 1
Label for ZNF407: 0
Label for EMX1: 1
Label for NFIC: 0
Label for CEBPG: 0
Label for TP53: 1
Label for TEAD2: 1
Label for ZNF221: 1
Label for HOXC10: 1
Label for ZNF160: 1
Label for ETV5: 1
Label for ZNF878: 1
Label for ZNF671: 1
Label for ZNF740: 1
Label for BRF2: 1
Label for TBX3: 0
Label for SP4: 1
Label for E2F5: 1
Label for IKZF1: 0
Label for CLOCK: 0
Label for ZNF140: 1
Label for ZNF235: 1
Label for FEZF1: 0
Label for SALL2: 1
Label for ZBTB6: 0
Label for MXD1: 1
Label for YY1: 0
Label for YBX1: 0
Label for ZNF527: 1
Label for ATF1: 1
Label for ZNF549: 0
Label for ZNF600: 0
Label for PROX1: 0
Label for ZBTB5: 0
Label for MLX: 1
Label for SMAD7: 1
Label for ATF3: 0
Label for E2F1: 1
Label for AEBP2: 0
Label for NR1H2: 1
Label for ZNF169: 0
Label for ZNF324: 1
Label for ZNF596: 0
Label for KLF8: 1
Label for MGA: 1
Label for ZNF687: 0
Label for CC2D1A: 1
Label for MEIS1: 1
Label for ZBTB11: 0
Label for TRIM25: 0
Label for ZNF547: 1
Label for ZNF214: 0
Label for NACC2: 1
Label for IRX3: 1
Label for DLX6: 1
Label for ZNF266: 0
Label for E4F1: 0
Label for GATA3: 1
Label for ZNF488: 0
Label for ZNF560: 0
Label for HMGXB4: 1
Label for ZNF562: 1
Label for ZKSCAN8: 1
Label for ZNF672: 1
Label for SP3: 0
Label for TGIF2: 1
Label for ZNF747: 1
Label for CSRNP1: 1
Label for LCORL: 1
Label for ARID1B: 1
Label for ZNF692: 0
Label for ZNF75D: 1
Label for MLXIP: 1
Label for MYC: 1
Label for ELK4: 1
Label for GLMP: 1
Label for NFATC4: 1
Label for LRRFIP1: 1
Label for RELA: 1
Label for ZNF564: 1
Label for ZNF503: 1
Label for TCF3: 1
Label for ONECUT1: 1
Label for ZNF699: 0
Label for CBFB: 1
Label for ZNF430: 1
Label for PRDM4: 1
Label for TFAP2B: 0
Label for USF2: 0
Label for ZNF184: 1
Label for SNAPC5: 1
Label for ARHGAP35: 1
Label for ZNF800: 1
Label for PRDM15: 1
Label for ZNF398: 0
Label for ZNF396: 1
Label for THRA: 1
Label for FOXA1: 0
Label for AKNA: 1
Label for HNF4A: 0
Label for ELK3: 0
Label for ZNF449: 1
Label for ZNF589: 1
Label for THAP4: 1
Label for ZNF436: 0
Label for ZFP1: 1
Label for ZNF561: 1
Label for ZHX3: 1
Label for ZNF331: 1
Label for RREB1: 1
Label for NR5A1: 1
Label for ZNF12: 1
Label for GABPB1: 1
Label for ZNF416: 1
Label for OSR1: 1
Label for ZNF777: 1
Label for ZNF219: 1
Label for ZNF264: 1
Label for NFYB: 1
Label for ADNP: 0
Label for ZFY: 1
Label for ZNF425: 1
Label for ZNF790: 1
Label for ZNF646: 1
Label for TRERF1: 0
Label for ZSCAN12: 1
Label for ZHX2: 0
Label for AR: 1
Label for FOXJ3: 1
Label for ZNF850: 1
Label for FBXL19: 1
Label for STAT6: 1
Label for ZNF329: 1
Label for ZNF132: 0
Label for DMTF1: 1
Label for ZNF34: 1
Label for SALL1: 1
Label for NFIA: 1
Label for TOPORS: 1
Label for AFF4: 1
Label for ZNF76: 1
Label for PAX8: 0
Label for ETV4: 1
Label for GLIS3: 1
Label for ZBTB2: 1
Label for BNC2: 1
Label for ZNF282: 0
Label for ZNF724P: 1
Label for HOMEZ: 1
Label for NFIX: 0
Label for FOXF2: 1
Label for ZKSCAN3: 0
Label for ZNF571: 1
Label for HOXB13: 1
Label for KLF15: 1
Label for ZNF614: 1
Label for ZNF468: 1
Label for ZMYM4: 1
Label for ZNF583: 1
Label for PRDM1: 1
Label for POGK: 1
Label for ZBTB12: 1
Label for ZNF749: 1
Label for CREM: 0
Label for ZNF570: 1
Label for GATAD2B: 0
Label for ZNF696: 0
Label for SMAD5: 0
Label for ZNF397: 0
Label for ZNF311: 1
Label for ZNF157: 0
Label for ZXDB: 0
Label for ZNF660: 1
Label for MNT: 1
Label for KLF1: 1
Label for KLF4: 0
Label for MZF1: 1
Label for PBX2: 1
Label for ZNF567: 1
Label for ZNF766: 1
Label for NRF1: 1
Label for ZNF341: 0
Label for ZNF513: 0
Label for NFE2L2: 0
Label for ZNF205: 1
Label for ZNF507: 0
Label for ZNF592: 0
Label for ETS2: 0
Label for PHB2: 0
Label for MITF: 0
Label for GABPA: 0
Label for ZNF501: 1
Label for NFIL3: 1
Label for TFDP1: 1
Label for PKNOX1: 0
Label for KLF9: 0
Label for IKZF2: 0
Label for HOXA10: 1
Label for ZNF609: 1
Label for KLF16: 1
Label for NFE2: 1
Label for MYPOP: 1
Label for CHAMP1: 1
Label for ZFP14: 1
Label for DZIP1: 1
Label for ZNF174: 1
Label for TRIM22: 0
Label for ZNF674: 1
Label for FOXK2: 0
Label for XRCC5: 1
Label for ATOH8: 1
Label for BCLAF1: 0
Label for GRHL1: 1
Label for BAZ2A: 1
Label for ZNF546: 1
Label for REL: 1
Label for POU2F1: 1
Label for THAP7: 1
Label for SATB2: 1
Label for ZNF317: 1
Label for HOXD13: 1
Label for ZNF776: 1
Label for ZNF827: 1
Label for ZNF761: 1
Label for KLF5: 0
Label for NEUROD1: 0
Label for MAFK: 0
Label for SNAI1: 1
Label for ESRRA: 0
Label for ZNF431: 1
Label for ZNF775: 1
Label for ZNF879: 1
Label for ZNF697: 1
Label for NRL: 1
Label for CEBPZ: 0
Label for SMAD2: 0
Label for DACH1: 1
Label for SFPQ: 0
Label for ZKSCAN1: 0
Label for SMAD1: 0
Label for STAT1: 0
Label for RCOR1: 0
Label for ZNF10: 1
Label for ZHX1: 0
Label for CBX2: 0
Label for NFKB2: 1
Label for GATA4: 0
Label for ZFP91: 1
Label for ZNF350: 1
Label for ZEB2: 0
Label for RFX1: 0
Label for ETS1: 0
Label for HNRNPK: 0
Label for ZNF597: 0
Label for ZNF362: 1
Label for RUNX1: 0
Label for CBX1: 1
Label for ZXDC: 1
Label for ZNF280B: 1
Label for ZNF101: 1
Label for SREBF1: 1
Label for MAF1: 1
Label for E2F7: 1
Label for ZNF114: 1
Label for ZNF384: 0
Label for RNF2: 0
Label for HMGA2: 1
Label for ZNF227: 0
Label for ZBED1: 0
Label for SREBF2: 0
Label for BHLHE40: 0
Label for ZNF786: 1
Label for NFXL1: 0
Label for HES1: 0
Label for PHTF2: 0
Label for ZNF121: 1
Label for TFAP4: 1
Label for ZSCAN9: 1
Label for HLF: 0
Label for TEAD3: 1
Label for ZNF700: 0
Label for E2F2: 1
Label for IRF3: 0
Label for RFX5: 0
Label for ZNF239: 1
Label for ZBTB25: 1
Label for ZNF337: 1
Label for AFF1: 1
Label for ZNF432: 1
Label for HNF4G: 1
Label for CEBPD: 1
Label for FUBP1: 0
Label for ZNF720: 1
Label for KLF13: 1
Label for TBX21: 0
Label for NR2F6: 0
Label for ZNF225: 1
Label for PITX1: 1
Label for ZFP41: 1
Label for SMAD9: 1
Label for ZNF558: 1
Label for CREBL2: 1
Label for UBTF: 0
Label for ZNF24: 0
Label for CSRNP2: 1
Label for NR2F2: 0
Label for EGR1: 0
Label for ZSCAN5A: 1
Label for ZNF318: 0
Label for ZNF354B: 1
Label for ZSCAN25: 1
Label for ZSCAN21: 1
Label for ZNF253: 1
Label for ZNF277: 0
Label for CUX1: 1
Label for FOS: 0
Label for ZNF496: 1
Label for HMBOX1: 0
Label for ZNF563: 1
Label for ZNF275: 1
Label for ZFP90: 1
Label for MXI1: 0
Label for ZMIZ1: 0
Label for NFATC3: 0
Label for HSF1: 0
Label for BMI1: 0
Label for SOX6: 0
Label for CEBPB: 0
Label for ARNT: 0
Label for ZBTB20: 1
Label for ZNF704: 1
Label for EGR2: 0
Label for BCL11B: 0
Label for GLI4: 1
Label for HOXA9: 1
Label for MBD1: 1
Label for ZNF16: 0
Label for ZMYM3: 0
Label for KLF17: 1
Label for WT1: 0
Label for ZNF133: 0
Label for ZIC2: 1
Label for ZBTB8A: 0
Label for ZNF395: 1
Label for RBAK: 1
Label for ZNF518A: 0
Label for ZNF529: 0
Label for ZC3H8: 0
Label for ZNF280A: 0
Label for ZEB1: 0
Label for ZNF680: 0
Label for ZNF664: 0
Label for ZSCAN23: 0
Label for ZNF2: 0
Label for ZNF223: 0
Label for HINFP: 1
Label for ZBTB44: 1
Label for ZNF3: 1
Label for ZSCAN5C: 0
Label for ZZZ3: 1
Label for ZNF574: 1
Label for INSM2: 0
Label for ZNF701: 0
Label for PTTG1: 0
Label for MLLT1: 0
Label for TSHZ1: 0
Label for GFI1B: 0
Label for FOXS1: 1
Label for ZNF175: 1
Label for EHF: 1
Label for RCOR2: 1
Label for SCRT2: 0
Label for PRDM6: 0
Label for ARID3B: 1
Label for OSR2: 0
Label for ZNF645: 0
Label for ZNF548: 1
Label for ZNF584: 1
Label for ZNF624: 1
Label for ZNF623: 0
Label for TP63: 0
Label for NR0B1: 0
Label for PRDM2: 0
Label for SP2: 1
Label for E2F3: 1
Label for ZNF319: 0
Label for ZNF791: 0
Label for MSX2: 1
Label for ZNF280D: 1
Label for ZNF394: 0
Label for ZNF19: 0
Label for ZSCAN29: 0
Label for ZNF280C: 0
Label for CDC5L: 0
Label for ZSCAN4: 0
Label for GLI2: 0
Label for ZNF785: 0
Label for AHR: 1
Label for ZNF555: 0
Label for SPDEF: 1
Label for MEF2D: 1
Label for ZNF248: 0
Label for FOXJ2: 1
Label for ZBTB26: 1
Label for ZSCAN26: 0
Label for ZNF610: 1
Label for ZNF391: 0
Label for ZNF189: 0
Label for ZNF433: 0
Label for ZNF654: 0
Label for NR2C1: 0
Label for ZNF644: 1
Label for ZBTB24: 1
Label for ZNF26: 0
Label for DMBX1: 1
Label for ZNF543: 1
Label for ZNF230: 1
Label for ZNF83: 1
Label for HBP1: 1
Label for TCF7L2: 1
Label for ZNF514: 0
Label for ZNF530: 1
Label for KDM6A: 1
Label for POU5F1: 0
Label for VEZF1: 1
Label for ZNF211: 0
Label for HHEX: 1
Label for ZNF557: 1
Label for ZNF792: 1
Label for ZBTB37: 1
Label for CREB3: 1
Label for MEF2B: 0
Label for KLF6: 1
Label for ZNF7: 1
Label for IKZF5: 1
Label for CREB3L1: 1
Label for MAFG: 1
Label for FUBP3: 1
Label for HNF1A: 1
Label for ZNF521: 0
Label for ZNF580: 1
Label for ZNF770: 1
Label for ZNF585B: 0
Label for GMEB2: 0
Label for THRB: 1
Label for BCL6: 1
Label for ZNF444: 1
Label for ZNF717: 0
Label for HIC1: 0
Label for ZNF316: 0
Label for NKRF: 1
Label for THAP11: 1
Label for TSHZ2: 1
Label for ZBTB48: 0
Label for GLIS1: 1
Label for ZNF274: 1
Label for ZFP64: 1
Label for TRIM28: 1
Label for ZNF155: 0
Label for ZFHX2: 0
Label for ZNF843: 0
Label for KLF11: 1
Label for SP7: 0
Label for ZNF404: 0
Label for KLF7: 0
Label for ZNF202: 0
Label for NANOG: 0
Label for ZNF658: 0
Label for ZNF677: 0
Label for ZNF148: 1
Label for ZNF626: 0
Label for BCL11A: 0
Label for ZSCAN16: 0
Label for ZFP69B: 0
Label for YY2: 0
Label for NR4A1: 1
Label for ZNF652: 1
Label for XBP1: 1
Label for ZNF426: 0
Label for GLIS2: 1
Label for TBX18: 1
Label for HOXA5: 1
Label for MIXL1: 1
Label for ZNF77: 0
Label for PBX1: 1
Label for IKZF3: 0
Label for ZNF510: 1
Label for ZNF462: 1
Label for ZGPAT: 1
Label for ZNF490: 1
Label for ZFP37: 1
Label for ZNF710: 1
Label for PPARA: 1
Label for CEBPA: 1
Label for BACH1: 1
Label for ZNF79: 1
Label for ZNF445: 0
Label for ZNF112: 0
Label for HMG20B: 1
Label for NR5A2: 1
Label for ZNF837: 0
Label for THAP9: 1
Label for SOX5: 1
Label for GATA2: 1
Label for ZNF48: 1
Label for ISX: 1
Label for ZBTB46: 1
Label for NFYC: 1
Label for TEF: 1
Label for NKX3-1: 1
Label for ZFP3: 1
Label for ZNF37A: 0
Label for SCRT1: 0
Label for HEY1: 1
Label for ZNF678: 1
Label for ZNF215: 1
Label for ZFP62: 0
Label for ZNF276: 1
Label for MAFF: 0
Label for GMEB1: 1
Label for GFI1: 1
Label for GPN1: 1
Label for ZNF23: 1
Label for ZNF621: 0
Label for ZNF197: 1
Label for ZNF473: 0
Label for ZNF526: 1
Label for PPARG: 1
Label for ZNF408: 0
Label for LEF1: 0
Label for SP5: 1
Label for IRF5: 1
Label for RFX3: 1
Label for PLSCR1: 1
Label for ZNF764: 0
Label for ZSCAN31: 1
Label for GPBP1L1: 0
Label for ZNF773: 1
Label for DRAP1: 1
Label for RORA: 1
Label for RLF: 1
Label for RXRB: 1
Label for RELB: 0
Label for ETV1: 1
Label for SNAI2: 1
Label for ZNF165: 0
Label for ZNF485: 1
Label for ONECUT2: 0
Label for MXD3: 1
Label for ZNF343: 1
Label for ZSCAN30: 1
Label for RNF219: 1
Label for ZNF737: 1
Label for ISL2: 1
Label for HSF2: 1
Label for OVOL3: 0
Label for LBX2: 1
Label for ZNF382: 1
Label for ZNF296: 1
Label for RBPJ: 1
Label for MYRF: 1
Label for ZBTB3: 1
Label for ZNF891: 1
Label for ZNF367: 1
Label for PAXIP1: 1
Label for HOXB5: 1
Label for ZNF839: 1
Label for ZNF383: 1
Label for ZNF576: 1
Label for ZNF134: 1
Label for HIVEP1: 1
Label for RHOXF2B: 1
Label for ZNF655: 0
Label for ESRRB: 0
Label for HMGXB3: 1
Label for CREB5: 1
Label for ZNF512B: 0
Label for ZNF772: 1
Label for ZNF544: 0
Label for ZSCAN22: 1
Label for ZNF41: 1
Label for TSC22D4: 0
Label for GZF1: 1
Label for MEF2A: 1
Label for HOXD1: 1
Label for TBX2: 1
Label for TIGD3: 1
Label for ZNF256: 1
Label for ZNF577: 1
Label for ZNF746: 1
Label for GABPB2: 0
Label for ILK: 0
Label for HNF1B: 1
Label for ZNF550: 1
Label for ZNF784: 1
Label for NR2E3: 1
Label for ZNF668: 1
Label for ARID5B: 1
Label for ELF2: 1
Label for ARID4A: 1
Label for ZNF446: 1
Label for ZFP82: 1
Label for OTX1: 1
Label for ZNF518B: 0
Label for ZBTB39: 1
Label for SNAPC4: 1
Label for GTF2I: 0
Label for ZNF484: 1
Label for ZNF20: 1
Label for ZIK1: 1
Label for ATF5: 1
Label for SOX18: 1
Label for ZNF44: 1
Label for ZNF25: 1
Label for ZNF33B: 1
Label for ZNF569: 1
Label for ZNF709: 1
Label for MECOM: 1
Label for ZNF713: 1
Label for ZNF788: 1
Label for CENPBD1: 1
Label for ZNF260: 0
Label for MNX1: 1
Label for TBP: 0
Label for ZNF615: 1
Label for ZNF414: 1
Label for ZNF483: 1
Label for ZNF234: 1
Label for KIAA2018: 1
Label for AHDC1: 1
Label for ZNF607: 1
Label for CSRNP3: 1
Label for ZNF441: 1
Label for HOXA3: 1
Label for RARG: 1
Label for THAP8: 1
Label for ZNF552: 1
Label for ZNF572: 1
Label for RARB: 1
Label for ZNF17: 1
Label for ZNF33A: 1
Label for TRAFD1: 1
Label for ZNF551: 0
Label for ZNF30: 1
Label for ZNF691: 1
Label for TFAM: 0
Label for NR0B2: 1
Label for TCF4: 1
Label for EEA1: 1
Label for LIN54: 1
Label for FOXO1: 1
Label for ZNF782: 1
Label for BCL6B: 0
Label for BCL3: 1
Label for ZNF84: 1
Label for ZBTB42: 1
Label for ZNF556: 1
Label for ZNF333: 1
Label for ZNF460: 1
Label for ZMAT5: 1
Label for TIGD6: 1
Label for ZKSCAN5: 1
Label for NFAT5: 1
Label for RFX7: 0
Label for ZNF619: 1
Label for TOX: 0
Label for ZNF616: 1
Label for ZNF180: 1
balanced dataset: True
minimum pair per dna: 10
# of examples: 1420678
success!
